=========================================
Job ID          : 21101498
Node            : skl-a-30
PTM type        : met_r
Model types     : cnn_gru cnn_bilstm
Conv layers list: 1 2 3
RNN layers list : 1 2 3
Started at      : Fri Mar 20 11:15:27 AM EDT 2026
=========================================
===== Starting hyperparameter search for PTM_TYPE=met_r =====

=== Running config: model=cnn_gru, conv_layers=1, rnn_layers=1, epochs=35 ===
Epoch 001 | train_loss=0.5970 | val_loss=0.5794 | val_mcc=0.2941 | val_f1=0.4265
Epoch 002 | train_loss=0.5380 | val_loss=0.5444 | val_mcc=0.3515 | val_f1=0.4739
Epoch 003 | train_loss=0.4846 | val_loss=0.5529 | val_mcc=0.3965 | val_f1=0.5111
Epoch 004 | train_loss=0.4118 | val_loss=0.5315 | val_mcc=0.3957 | val_f1=0.5038
Epoch 005 | train_loss=0.3369 | val_loss=0.5331 | val_mcc=0.4157 | val_f1=0.5252
Epoch 006 | train_loss=0.2653 | val_loss=0.6623 | val_mcc=0.4209 | val_f1=0.5303
Epoch 007 | train_loss=0.2165 | val_loss=0.7239 | val_mcc=0.4502 | val_f1=0.5520
Epoch 008 | train_loss=0.1814 | val_loss=0.7371 | val_mcc=0.4408 | val_f1=0.5452
Epoch 009 | train_loss=0.1668 | val_loss=0.8538 | val_mcc=0.4621 | val_f1=0.5627
Epoch 010 | train_loss=0.1424 | val_loss=0.8497 | val_mcc=0.4697 | val_f1=0.5685
Epoch 011 | train_loss=0.1298 | val_loss=0.8132 | val_mcc=0.4558 | val_f1=0.5578
Epoch 012 | train_loss=0.1206 | val_loss=1.0304 | val_mcc=0.4716 | val_f1=0.5690
Epoch 013 | train_loss=0.1150 | val_loss=1.0652 | val_mcc=0.4713 | val_f1=0.5696
Epoch 014 | train_loss=0.1106 | val_loss=1.1512 | val_mcc=0.4555 | val_f1=0.5554
Epoch 015 | train_loss=0.0987 | val_loss=1.0896 | val_mcc=0.4688 | val_f1=0.5654
Epoch 016 | train_loss=0.1000 | val_loss=1.2207 | val_mcc=0.4837 | val_f1=0.5786
Epoch 017 | train_loss=0.0962 | val_loss=1.1894 | val_mcc=0.4714 | val_f1=0.5654
Epoch 018 | train_loss=0.0915 | val_loss=1.2637 | val_mcc=0.4704 | val_f1=0.5644
Epoch 019 | train_loss=0.0884 | val_loss=1.1528 | val_mcc=0.4647 | val_f1=0.5628
Epoch 020 | train_loss=0.0872 | val_loss=1.0701 | val_mcc=0.4710 | val_f1=0.5659
Epoch 021 | train_loss=0.0835 | val_loss=1.3897 | val_mcc=0.4671 | val_f1=0.5583
Epoch 022 | train_loss=0.0769 | val_loss=1.2562 | val_mcc=0.4602 | val_f1=0.5594
Epoch 023 | train_loss=0.0788 | val_loss=1.3394 | val_mcc=0.4702 | val_f1=0.5608
Epoch 024 | train_loss=0.0765 | val_loss=1.4840 | val_mcc=0.4758 | val_f1=0.5626
Epoch 025 | train_loss=0.0743 | val_loss=1.3813 | val_mcc=0.4771 | val_f1=0.5688
Epoch 026 | train_loss=0.0677 | val_loss=1.1813 | val_mcc=0.4669 | val_f1=0.5628
Epoch 027 | train_loss=0.0685 | val_loss=1.1732 | val_mcc=0.4802 | val_f1=0.5745
Epoch 028 | train_loss=0.0694 | val_loss=1.1948 | val_mcc=0.4809 | val_f1=0.5749
Epoch 029 | train_loss=0.0639 | val_loss=1.3138 | val_mcc=0.4811 | val_f1=0.5740
Epoch 030 | train_loss=0.0631 | val_loss=1.2554 | val_mcc=0.4863 | val_f1=0.5787
Epoch 031 | train_loss=0.0678 | val_loss=1.3250 | val_mcc=0.4816 | val_f1=0.5762
Epoch 032 | train_loss=0.0652 | val_loss=1.3995 | val_mcc=0.4865 | val_f1=0.5687
Epoch 033 | train_loss=0.0589 | val_loss=1.3214 | val_mcc=0.4712 | val_f1=0.5602
Epoch 034 | train_loss=0.0596 | val_loss=1.2763 | val_mcc=0.4931 | val_f1=0.5842
Epoch 035 | train_loss=0.0616 | val_loss=1.5047 | val_mcc=0.4859 | val_f1=0.5704
Best model saved to: classifier_runs/met_r/cnn_gru/20260320_112105/model_best.pt
Finished config: model=cnn_gru, conv_layers=1, rnn_layers=1. Run dir: classifier_runs/met_r/cnn_gru/20260320_112105

=== Running config: model=cnn_gru, conv_layers=1, rnn_layers=2, epochs=35 ===
Epoch 001 | train_loss=0.6140 | val_loss=0.5884 | val_mcc=0.2848 | val_f1=0.4263
Epoch 002 | train_loss=0.5736 | val_loss=0.5804 | val_mcc=0.3393 | val_f1=0.4679
Epoch 003 | train_loss=0.5312 | val_loss=0.5566 | val_mcc=0.3057 | val_f1=0.4371
Epoch 004 | train_loss=0.4737 | val_loss=0.5682 | val_mcc=0.3850 | val_f1=0.5028
Epoch 005 | train_loss=0.4006 | val_loss=0.5652 | val_mcc=0.3901 | val_f1=0.5069
Epoch 006 | train_loss=0.3157 | val_loss=0.6920 | val_mcc=0.4186 | val_f1=0.5279
Epoch 007 | train_loss=0.2473 | val_loss=0.6988 | val_mcc=0.4234 | val_f1=0.5325
Epoch 008 | train_loss=0.1938 | val_loss=0.7923 | val_mcc=0.4003 | val_f1=0.5137
Epoch 009 | train_loss=0.1664 | val_loss=0.9813 | val_mcc=0.4365 | val_f1=0.5415
Epoch 010 | train_loss=0.1436 | val_loss=1.2276 | val_mcc=0.4301 | val_f1=0.5313
Epoch 011 | train_loss=0.1395 | val_loss=1.0170 | val_mcc=0.4299 | val_f1=0.5367
Epoch 012 | train_loss=0.1199 | val_loss=1.0637 | val_mcc=0.4495 | val_f1=0.5523
Epoch 013 | train_loss=0.1076 | val_loss=1.2418 | val_mcc=0.4322 | val_f1=0.5361
Epoch 014 | train_loss=0.1096 | val_loss=1.0352 | val_mcc=0.4367 | val_f1=0.5414
Epoch 015 | train_loss=0.1037 | val_loss=1.1102 | val_mcc=0.4450 | val_f1=0.5449
Epoch 016 | train_loss=0.0984 | val_loss=1.3944 | val_mcc=0.4408 | val_f1=0.5436
Epoch 017 | train_loss=0.0929 | val_loss=1.4339 | val_mcc=0.4555 | val_f1=0.5464
Epoch 018 | train_loss=0.0890 | val_loss=1.0251 | val_mcc=0.4353 | val_f1=0.5411
Epoch 019 | train_loss=0.0822 | val_loss=1.5192 | val_mcc=0.4539 | val_f1=0.5521
Epoch 020 | train_loss=0.0836 | val_loss=1.4017 | val_mcc=0.4432 | val_f1=0.5453
Epoch 021 | train_loss=0.0863 | val_loss=1.2811 | val_mcc=0.4515 | val_f1=0.5540
Epoch 022 | train_loss=0.0782 | val_loss=1.4301 | val_mcc=0.4508 | val_f1=0.5486
Epoch 023 | train_loss=0.0741 | val_loss=1.1922 | val_mcc=0.4626 | val_f1=0.5599
Epoch 024 | train_loss=0.0778 | val_loss=1.1311 | val_mcc=0.4435 | val_f1=0.5473
Epoch 025 | train_loss=0.0735 | val_loss=1.2252 | val_mcc=0.4483 | val_f1=0.5455
Epoch 026 | train_loss=0.0703 | val_loss=1.6702 | val_mcc=0.4713 | val_f1=0.5630
Epoch 027 | train_loss=0.0635 | val_loss=1.5261 | val_mcc=0.4637 | val_f1=0.5599
Epoch 028 | train_loss=0.0666 | val_loss=1.6766 | val_mcc=0.4575 | val_f1=0.5531
Epoch 029 | train_loss=0.0683 | val_loss=1.4533 | val_mcc=0.4568 | val_f1=0.5555
Epoch 030 | train_loss=0.0694 | val_loss=1.2603 | val_mcc=0.4696 | val_f1=0.5621
Epoch 031 | train_loss=0.0668 | val_loss=1.2754 | val_mcc=0.4559 | val_f1=0.5523
Epoch 032 | train_loss=0.0630 | val_loss=1.2953 | val_mcc=0.4390 | val_f1=0.5440
Epoch 033 | train_loss=0.0620 | val_loss=1.9168 | val_mcc=0.4843 | val_f1=0.5639
Epoch 034 | train_loss=0.0663 | val_loss=1.3333 | val_mcc=0.4654 | val_f1=0.5612
Epoch 035 | train_loss=0.0584 | val_loss=1.5642 | val_mcc=0.4612 | val_f1=0.5610
Best model saved to: classifier_runs/met_r/cnn_gru/20260320_114841/model_best.pt
Finished config: model=cnn_gru, conv_layers=1, rnn_layers=2. Run dir: classifier_runs/met_r/cnn_gru/20260320_114841

=== Running config: model=cnn_gru, conv_layers=1, rnn_layers=3, epochs=35 ===
Epoch 001 | train_loss=0.6239 | val_loss=0.6035 | val_mcc=0.2928 | val_f1=0.4342
Epoch 002 | train_loss=0.5893 | val_loss=0.5844 | val_mcc=0.3203 | val_f1=0.4539
Epoch 003 | train_loss=0.5684 | val_loss=0.5724 | val_mcc=0.3410 | val_f1=0.4648
Epoch 004 | train_loss=0.5439 | val_loss=0.5663 | val_mcc=0.3097 | val_f1=0.4405
Epoch 005 | train_loss=0.5054 | val_loss=0.5512 | val_mcc=0.3580 | val_f1=0.4820
Epoch 006 | train_loss=0.4676 | val_loss=0.5703 | val_mcc=0.3443 | val_f1=0.4705
Epoch 007 | train_loss=0.4173 | val_loss=0.5431 | val_mcc=0.3678 | val_f1=0.4886
Epoch 008 | train_loss=0.3592 | val_loss=0.5652 | val_mcc=0.3952 | val_f1=0.5103
Epoch 009 | train_loss=0.3017 | val_loss=0.6492 | val_mcc=0.4063 | val_f1=0.5193
Epoch 010 | train_loss=0.2587 | val_loss=0.6612 | val_mcc=0.4143 | val_f1=0.5215
Epoch 011 | train_loss=0.2209 | val_loss=0.8645 | val_mcc=0.4362 | val_f1=0.5402
Epoch 012 | train_loss=0.1948 | val_loss=0.8557 | val_mcc=0.4289 | val_f1=0.5311
Epoch 013 | train_loss=0.1768 | val_loss=0.9355 | val_mcc=0.4208 | val_f1=0.5302
Epoch 014 | train_loss=0.1585 | val_loss=0.8060 | val_mcc=0.4301 | val_f1=0.5364
Epoch 015 | train_loss=0.1482 | val_loss=0.9147 | val_mcc=0.4234 | val_f1=0.5321
Epoch 016 | train_loss=0.1381 | val_loss=0.9139 | val_mcc=0.4270 | val_f1=0.5304
Epoch 017 | train_loss=0.1322 | val_loss=0.9527 | val_mcc=0.4323 | val_f1=0.5348
Epoch 018 | train_loss=0.1243 | val_loss=0.8851 | val_mcc=0.3996 | val_f1=0.5141
Epoch 019 | train_loss=0.1274 | val_loss=1.0650 | val_mcc=0.4321 | val_f1=0.5348
Epoch 020 | train_loss=0.1149 | val_loss=0.8973 | val_mcc=0.4233 | val_f1=0.5298
Epoch 021 | train_loss=0.1035 | val_loss=1.4152 | val_mcc=0.4473 | val_f1=0.5441
Epoch 022 | train_loss=0.0992 | val_loss=1.1357 | val_mcc=0.4307 | val_f1=0.5371
Epoch 023 | train_loss=0.1033 | val_loss=1.1485 | val_mcc=0.4409 | val_f1=0.5404
Epoch 024 | train_loss=0.1038 | val_loss=1.1640 | val_mcc=0.4484 | val_f1=0.5476
Epoch 025 | train_loss=0.1033 | val_loss=1.2314 | val_mcc=0.4372 | val_f1=0.5338
Epoch 026 | train_loss=0.1054 | val_loss=0.9278 | val_mcc=0.4371 | val_f1=0.5404
Epoch 027 | train_loss=0.0925 | val_loss=1.2612 | val_mcc=0.4299 | val_f1=0.5323
Epoch 028 | train_loss=0.0927 | val_loss=0.8397 | val_mcc=0.4367 | val_f1=0.5419
Epoch 029 | train_loss=0.0986 | val_loss=0.9703 | val_mcc=0.4424 | val_f1=0.5394
Epoch 030 | train_loss=0.0873 | val_loss=1.4237 | val_mcc=0.4511 | val_f1=0.5473
Epoch 031 | train_loss=0.0789 | val_loss=1.2849 | val_mcc=0.4367 | val_f1=0.5343
Epoch 032 | train_loss=0.0764 | val_loss=1.2938 | val_mcc=0.4507 | val_f1=0.5518
Epoch 033 | train_loss=0.0831 | val_loss=1.5450 | val_mcc=0.4426 | val_f1=0.5406
Epoch 034 | train_loss=0.0742 | val_loss=1.3023 | val_mcc=0.4526 | val_f1=0.5419
Epoch 035 | train_loss=0.0807 | val_loss=1.3178 | val_mcc=0.4405 | val_f1=0.5343
Best model saved to: classifier_runs/met_r/cnn_gru/20260320_122016/model_best.pt
Finished config: model=cnn_gru, conv_layers=1, rnn_layers=3. Run dir: classifier_runs/met_r/cnn_gru/20260320_122016

=== Running config: model=cnn_gru, conv_layers=2, rnn_layers=1, epochs=35 ===
Epoch 001 | train_loss=0.6142 | val_loss=0.5793 | val_mcc=0.3188 | val_f1=0.4534
Epoch 002 | train_loss=0.5626 | val_loss=0.5564 | val_mcc=0.3640 | val_f1=0.4865
Epoch 003 | train_loss=0.5123 | val_loss=0.5541 | val_mcc=0.4039 | val_f1=0.5170
Epoch 004 | train_loss=0.4490 | val_loss=0.5370 | val_mcc=0.4141 | val_f1=0.5236
Epoch 005 | train_loss=0.3771 | val_loss=0.5413 | val_mcc=0.4013 | val_f1=0.5139
Epoch 006 | train_loss=0.3124 | val_loss=0.5793 | val_mcc=0.4340 | val_f1=0.5403
Epoch 007 | train_loss=0.2573 | val_loss=0.6094 | val_mcc=0.4274 | val_f1=0.5355
Epoch 008 | train_loss=0.2136 | val_loss=0.6831 | val_mcc=0.4514 | val_f1=0.5537
Epoch 009 | train_loss=0.1876 | val_loss=0.9286 | val_mcc=0.4680 | val_f1=0.5624
Epoch 010 | train_loss=0.1711 | val_loss=0.8225 | val_mcc=0.4614 | val_f1=0.5614
Epoch 011 | train_loss=0.1526 | val_loss=0.7639 | val_mcc=0.4307 | val_f1=0.5383
Epoch 012 | train_loss=0.1388 | val_loss=0.9435 | val_mcc=0.4586 | val_f1=0.5553
Epoch 013 | train_loss=0.1306 | val_loss=1.0218 | val_mcc=0.4588 | val_f1=0.5535
Epoch 014 | train_loss=0.1190 | val_loss=0.9604 | val_mcc=0.4581 | val_f1=0.5572
Epoch 015 | train_loss=0.1115 | val_loss=1.0564 | val_mcc=0.4590 | val_f1=0.5590
Epoch 016 | train_loss=0.1122 | val_loss=1.2252 | val_mcc=0.4760 | val_f1=0.5617
Epoch 017 | train_loss=0.1076 | val_loss=1.1875 | val_mcc=0.4666 | val_f1=0.5538
Epoch 018 | train_loss=0.0995 | val_loss=1.0705 | val_mcc=0.4671 | val_f1=0.5610
Epoch 019 | train_loss=0.0948 | val_loss=1.1102 | val_mcc=0.4804 | val_f1=0.5711
Epoch 020 | train_loss=0.0927 | val_loss=1.0785 | val_mcc=0.4576 | val_f1=0.5557
Epoch 021 | train_loss=0.0936 | val_loss=1.1924 | val_mcc=0.4677 | val_f1=0.5606
Epoch 022 | train_loss=0.0820 | val_loss=1.4659 | val_mcc=0.4447 | val_f1=0.5406
Epoch 023 | train_loss=0.0838 | val_loss=1.2387 | val_mcc=0.4453 | val_f1=0.5473
Epoch 024 | train_loss=0.0848 | val_loss=1.0906 | val_mcc=0.4591 | val_f1=0.5591
Epoch 025 | train_loss=0.0784 | val_loss=1.5493 | val_mcc=0.4756 | val_f1=0.5676
Epoch 026 | train_loss=0.0795 | val_loss=1.3083 | val_mcc=0.4650 | val_f1=0.5622
Epoch 027 | train_loss=0.0782 | val_loss=1.1942 | val_mcc=0.4741 | val_f1=0.5651
Epoch 028 | train_loss=0.0745 | val_loss=1.0370 | val_mcc=0.4747 | val_f1=0.5633
Epoch 029 | train_loss=0.0769 | val_loss=1.2444 | val_mcc=0.4845 | val_f1=0.5769
Epoch 030 | train_loss=0.0693 | val_loss=1.2372 | val_mcc=0.4838 | val_f1=0.5752
Epoch 031 | train_loss=0.0629 | val_loss=1.6317 | val_mcc=0.4767 | val_f1=0.5580
Epoch 032 | train_loss=0.0671 | val_loss=1.3025 | val_mcc=0.4655 | val_f1=0.5625
Epoch 033 | train_loss=0.0710 | val_loss=1.0540 | val_mcc=0.4742 | val_f1=0.5713
Epoch 034 | train_loss=0.0676 | val_loss=1.2969 | val_mcc=0.4650 | val_f1=0.5602
Epoch 035 | train_loss=0.0631 | val_loss=1.3922 | val_mcc=0.4721 | val_f1=0.5642
Best model saved to: classifier_runs/met_r/cnn_gru/20260320_124912/model_best.pt
Finished config: model=cnn_gru, conv_layers=2, rnn_layers=1. Run dir: classifier_runs/met_r/cnn_gru/20260320_124912

=== Running config: model=cnn_gru, conv_layers=2, rnn_layers=2, epochs=35 ===
Epoch 001 | train_loss=0.6223 | val_loss=0.6013 | val_mcc=0.2903 | val_f1=0.4306
Epoch 002 | train_loss=0.5860 | val_loss=0.5889 | val_mcc=0.2965 | val_f1=0.4266
Epoch 003 | train_loss=0.5571 | val_loss=0.5591 | val_mcc=0.3458 | val_f1=0.4725
Epoch 004 | train_loss=0.5195 | val_loss=0.5531 | val_mcc=0.3307 | val_f1=0.4558
Epoch 005 | train_loss=0.4718 | val_loss=0.5936 | val_mcc=0.3871 | val_f1=0.5044
Epoch 006 | train_loss=0.4171 | val_loss=0.5675 | val_mcc=0.4080 | val_f1=0.5185
Epoch 007 | train_loss=0.3603 | val_loss=0.5835 | val_mcc=0.4049 | val_f1=0.5183
Epoch 008 | train_loss=0.3127 | val_loss=0.5779 | val_mcc=0.4291 | val_f1=0.5347
Epoch 009 | train_loss=0.2701 | val_loss=0.6911 | val_mcc=0.4232 | val_f1=0.5285
Epoch 010 | train_loss=0.2341 | val_loss=0.7268 | val_mcc=0.4251 | val_f1=0.5323
Epoch 011 | train_loss=0.2040 | val_loss=0.8475 | val_mcc=0.4450 | val_f1=0.5442
Epoch 012 | train_loss=0.1812 | val_loss=0.9830 | val_mcc=0.4389 | val_f1=0.5374
Epoch 013 | train_loss=0.1635 | val_loss=0.9192 | val_mcc=0.4503 | val_f1=0.5489
Epoch 014 | train_loss=0.1513 | val_loss=0.9994 | val_mcc=0.4515 | val_f1=0.5470
Epoch 015 | train_loss=0.1414 | val_loss=1.0293 | val_mcc=0.4480 | val_f1=0.5463
Epoch 016 | train_loss=0.1383 | val_loss=1.3495 | val_mcc=0.4529 | val_f1=0.5466
Epoch 017 | train_loss=0.1242 | val_loss=1.0682 | val_mcc=0.4552 | val_f1=0.5450
Epoch 018 | train_loss=0.1193 | val_loss=1.0617 | val_mcc=0.4510 | val_f1=0.5411
Epoch 019 | train_loss=0.1149 | val_loss=1.7103 | val_mcc=0.4635 | val_f1=0.5374
Epoch 020 | train_loss=0.1079 | val_loss=1.2339 | val_mcc=0.4487 | val_f1=0.5346
Epoch 021 | train_loss=0.1075 | val_loss=1.0766 | val_mcc=0.4418 | val_f1=0.5380
Epoch 022 | train_loss=0.1079 | val_loss=1.1992 | val_mcc=0.4525 | val_f1=0.5454
Epoch 023 | train_loss=0.1021 | val_loss=0.9426 | val_mcc=0.4572 | val_f1=0.5521
Epoch 024 | train_loss=0.0950 | val_loss=1.5538 | val_mcc=0.4610 | val_f1=0.5424
Epoch 025 | train_loss=0.0947 | val_loss=1.2344 | val_mcc=0.4519 | val_f1=0.5467
Epoch 026 | train_loss=0.0912 | val_loss=1.3107 | val_mcc=0.4651 | val_f1=0.5547
Epoch 027 | train_loss=0.0932 | val_loss=1.3391 | val_mcc=0.4567 | val_f1=0.5541
Epoch 028 | train_loss=0.0889 | val_loss=1.1224 | val_mcc=0.4514 | val_f1=0.5276
Epoch 029 | train_loss=0.0905 | val_loss=1.7915 | val_mcc=0.4576 | val_f1=0.5445
Epoch 030 | train_loss=0.0851 | val_loss=1.5102 | val_mcc=0.4536 | val_f1=0.5423
Epoch 031 | train_loss=0.0844 | val_loss=1.2896 | val_mcc=0.4520 | val_f1=0.5436
Epoch 032 | train_loss=0.0897 | val_loss=1.3162 | val_mcc=0.4417 | val_f1=0.5412
Epoch 033 | train_loss=0.0835 | val_loss=1.4315 | val_mcc=0.4430 | val_f1=0.5379
Epoch 034 | train_loss=0.0847 | val_loss=1.6075 | val_mcc=0.4519 | val_f1=0.5421
Epoch 035 | train_loss=0.0812 | val_loss=1.8491 | val_mcc=0.4511 | val_f1=0.5453
Best model saved to: classifier_runs/met_r/cnn_gru/20260320_131725/model_best.pt
Finished config: model=cnn_gru, conv_layers=2, rnn_layers=2. Run dir: classifier_runs/met_r/cnn_gru/20260320_131725

=== Running config: model=cnn_gru, conv_layers=2, rnn_layers=3, epochs=35 ===
Epoch 001 | train_loss=0.6312 | val_loss=0.6235 | val_mcc=0.2749 | val_f1=0.4152
Epoch 002 | train_loss=0.6004 | val_loss=0.5925 | val_mcc=0.3004 | val_f1=0.4380
Epoch 003 | train_loss=0.5887 | val_loss=0.5896 | val_mcc=0.3095 | val_f1=0.4465
Epoch 004 | train_loss=0.5782 | val_loss=0.5835 | val_mcc=0.3189 | val_f1=0.4534
Epoch 005 | train_loss=0.5650 | val_loss=0.5762 | val_mcc=0.3298 | val_f1=0.4615
Epoch 006 | train_loss=0.5470 | val_loss=0.5768 | val_mcc=0.3358 | val_f1=0.4650
Epoch 007 | train_loss=0.5236 | val_loss=0.5767 | val_mcc=0.3399 | val_f1=0.4651
Epoch 008 | train_loss=0.4912 | val_loss=0.5743 | val_mcc=0.3632 | val_f1=0.4865
Epoch 009 | train_loss=0.4490 | val_loss=0.6331 | val_mcc=0.3735 | val_f1=0.4910
Epoch 010 | train_loss=0.3995 | val_loss=0.6160 | val_mcc=0.4151 | val_f1=0.5232
Epoch 011 | train_loss=0.3544 | val_loss=0.6163 | val_mcc=0.4247 | val_f1=0.5323
Epoch 012 | train_loss=0.3061 | val_loss=0.6115 | val_mcc=0.4360 | val_f1=0.5397
Epoch 013 | train_loss=0.2689 | val_loss=0.6490 | val_mcc=0.4079 | val_f1=0.5197
Epoch 014 | train_loss=0.2476 | val_loss=0.7560 | val_mcc=0.4224 | val_f1=0.5232
Epoch 015 | train_loss=0.2189 | val_loss=0.7407 | val_mcc=0.4284 | val_f1=0.5337
Epoch 016 | train_loss=0.2041 | val_loss=0.9908 | val_mcc=0.4396 | val_f1=0.5423
Epoch 017 | train_loss=0.1971 | val_loss=1.0509 | val_mcc=0.4466 | val_f1=0.5468
Epoch 018 | train_loss=0.1825 | val_loss=0.8392 | val_mcc=0.4445 | val_f1=0.5469
Epoch 019 | train_loss=0.1716 | val_loss=0.8659 | val_mcc=0.4496 | val_f1=0.5432
Epoch 020 | train_loss=0.1668 | val_loss=1.0313 | val_mcc=0.4558 | val_f1=0.5386
Epoch 021 | train_loss=0.1627 | val_loss=1.0425 | val_mcc=0.4597 | val_f1=0.5501
Epoch 022 | train_loss=0.1549 | val_loss=1.0969 | val_mcc=0.4526 | val_f1=0.5484
Epoch 023 | train_loss=0.1443 | val_loss=1.0178 | val_mcc=0.4468 | val_f1=0.5364
Epoch 024 | train_loss=0.1320 | val_loss=1.4995 | val_mcc=0.4652 | val_f1=0.5568
Epoch 025 | train_loss=0.1245 | val_loss=1.1717 | val_mcc=0.4473 | val_f1=0.5420
Epoch 026 | train_loss=0.1225 | val_loss=1.4879 | val_mcc=0.4582 | val_f1=0.5359
Epoch 027 | train_loss=0.1190 | val_loss=1.3502 | val_mcc=0.4530 | val_f1=0.5407
Epoch 028 | train_loss=0.1119 | val_loss=1.0989 | val_mcc=0.4640 | val_f1=0.5514
Epoch 029 | train_loss=0.1076 | val_loss=1.4583 | val_mcc=0.4529 | val_f1=0.5515
Epoch 030 | train_loss=0.1159 | val_loss=1.0093 | val_mcc=0.4507 | val_f1=0.5485
Epoch 031 | train_loss=0.1073 | val_loss=1.0985 | val_mcc=0.4457 | val_f1=0.5437
Epoch 032 | train_loss=0.1066 | val_loss=1.0816 | val_mcc=0.4726 | val_f1=0.5674
Epoch 033 | train_loss=0.1045 | val_loss=1.2619 | val_mcc=0.4616 | val_f1=0.5520
Epoch 034 | train_loss=0.1005 | val_loss=1.0020 | val_mcc=0.4577 | val_f1=0.5575
Epoch 035 | train_loss=0.0973 | val_loss=1.2591 | val_mcc=0.4625 | val_f1=0.5472
Best model saved to: classifier_runs/met_r/cnn_gru/20260320_134616/model_best.pt
Finished config: model=cnn_gru, conv_layers=2, rnn_layers=3. Run dir: classifier_runs/met_r/cnn_gru/20260320_134616

=== Running config: model=cnn_gru, conv_layers=3, rnn_layers=1, epochs=35 ===
Epoch 001 | train_loss=0.6235 | val_loss=0.5885 | val_mcc=0.2955 | val_f1=0.4348
Epoch 002 | train_loss=0.5725 | val_loss=0.5646 | val_mcc=0.3299 | val_f1=0.4600
Epoch 003 | train_loss=0.5261 | val_loss=0.5519 | val_mcc=0.3720 | val_f1=0.4927
Epoch 004 | train_loss=0.4676 | val_loss=0.5560 | val_mcc=0.3978 | val_f1=0.5121
Epoch 005 | train_loss=0.3983 | val_loss=0.5843 | val_mcc=0.3919 | val_f1=0.5080
Epoch 006 | train_loss=0.3286 | val_loss=0.6179 | val_mcc=0.4044 | val_f1=0.5179
Epoch 007 | train_loss=0.2729 | val_loss=0.7084 | val_mcc=0.4136 | val_f1=0.5250
Epoch 008 | train_loss=0.2263 | val_loss=0.6985 | val_mcc=0.4382 | val_f1=0.5440
Epoch 009 | train_loss=0.2012 | val_loss=0.9946 | val_mcc=0.4496 | val_f1=0.5478
Epoch 010 | train_loss=0.1712 | val_loss=1.0660 | val_mcc=0.4455 | val_f1=0.5433
Epoch 011 | train_loss=0.1622 | val_loss=0.9290 | val_mcc=0.4537 | val_f1=0.5545
Epoch 012 | train_loss=0.1520 | val_loss=1.0250 | val_mcc=0.4454 | val_f1=0.5466
Epoch 013 | train_loss=0.1433 | val_loss=1.0975 | val_mcc=0.4563 | val_f1=0.5512
Epoch 014 | train_loss=0.1304 | val_loss=1.1941 | val_mcc=0.4616 | val_f1=0.5503
Epoch 015 | train_loss=0.1202 | val_loss=1.2248 | val_mcc=0.4512 | val_f1=0.5526
Epoch 016 | train_loss=0.1217 | val_loss=1.1156 | val_mcc=0.4545 | val_f1=0.5455
Epoch 017 | train_loss=0.1178 | val_loss=1.1010 | val_mcc=0.4750 | val_f1=0.5688
Epoch 018 | train_loss=0.1060 | val_loss=1.6657 | val_mcc=0.4631 | val_f1=0.5478
Epoch 019 | train_loss=0.1067 | val_loss=1.1349 | val_mcc=0.4552 | val_f1=0.5543
Epoch 020 | train_loss=0.1038 | val_loss=1.4806 | val_mcc=0.4724 | val_f1=0.5587
Epoch 021 | train_loss=0.0948 | val_loss=1.4180 | val_mcc=0.4590 | val_f1=0.5498
Epoch 022 | train_loss=0.1007 | val_loss=1.1266 | val_mcc=0.4578 | val_f1=0.5463
Epoch 023 | train_loss=0.0922 | val_loss=1.4403 | val_mcc=0.4639 | val_f1=0.5519
Epoch 024 | train_loss=0.0915 | val_loss=1.3988 | val_mcc=0.4658 | val_f1=0.5544
Epoch 025 | train_loss=0.0906 | val_loss=1.4021 | val_mcc=0.4588 | val_f1=0.5503
Epoch 026 | train_loss=0.0907 | val_loss=1.1362 | val_mcc=0.4651 | val_f1=0.5591
Epoch 027 | train_loss=0.0850 | val_loss=1.4645 | val_mcc=0.4538 | val_f1=0.5468
Epoch 028 | train_loss=0.0872 | val_loss=1.2154 | val_mcc=0.4579 | val_f1=0.5551
Epoch 029 | train_loss=0.0825 | val_loss=1.4451 | val_mcc=0.4682 | val_f1=0.5378
Epoch 030 | train_loss=0.0869 | val_loss=1.4874 | val_mcc=0.4630 | val_f1=0.5432
Epoch 031 | train_loss=0.0803 | val_loss=1.2270 | val_mcc=0.4636 | val_f1=0.5579
Epoch 032 | train_loss=0.0807 | val_loss=1.1366 | val_mcc=0.4554 | val_f1=0.5560
Epoch 033 | train_loss=0.0803 | val_loss=1.4446 | val_mcc=0.4657 | val_f1=0.5556
Epoch 034 | train_loss=0.0769 | val_loss=1.2559 | val_mcc=0.4714 | val_f1=0.5653
Epoch 035 | train_loss=0.0796 | val_loss=1.1007 | val_mcc=0.4719 | val_f1=0.5646
Best model saved to: classifier_runs/met_r/cnn_gru/20260320_141553/model_best.pt
Finished config: model=cnn_gru, conv_layers=3, rnn_layers=1. Run dir: classifier_runs/met_r/cnn_gru/20260320_141553

=== Running config: model=cnn_gru, conv_layers=3, rnn_layers=2, epochs=35 ===
Epoch 001 | train_loss=0.6225 | val_loss=0.6016 | val_mcc=0.2940 | val_f1=0.4337
Epoch 002 | train_loss=0.5780 | val_loss=0.5787 | val_mcc=0.3347 | val_f1=0.4641
Epoch 003 | train_loss=0.5472 | val_loss=0.5628 | val_mcc=0.3816 | val_f1=0.4968
Epoch 004 | train_loss=0.5019 | val_loss=0.5536 | val_mcc=0.3832 | val_f1=0.5007
Epoch 005 | train_loss=0.4442 | val_loss=0.5871 | val_mcc=0.3983 | val_f1=0.5124
Epoch 006 | train_loss=0.3846 | val_loss=0.5673 | val_mcc=0.4227 | val_f1=0.5318
Epoch 007 | train_loss=0.3302 | val_loss=0.5695 | val_mcc=0.4325 | val_f1=0.5346
Epoch 008 | train_loss=0.2815 | val_loss=0.6799 | val_mcc=0.4372 | val_f1=0.5384
Epoch 009 | train_loss=0.2520 | val_loss=0.6888 | val_mcc=0.4493 | val_f1=0.5497
Epoch 010 | train_loss=0.2247 | val_loss=0.7752 | val_mcc=0.4400 | val_f1=0.5435
Epoch 011 | train_loss=0.2086 | val_loss=0.8248 | val_mcc=0.4551 | val_f1=0.5485
Epoch 012 | train_loss=0.1924 | val_loss=0.7662 | val_mcc=0.4482 | val_f1=0.5452
Epoch 013 | train_loss=0.1792 | val_loss=0.7666 | val_mcc=0.4485 | val_f1=0.5514
Epoch 014 | train_loss=0.1605 | val_loss=0.9739 | val_mcc=0.4491 | val_f1=0.5488
Epoch 015 | train_loss=0.1582 | val_loss=0.8144 | val_mcc=0.4505 | val_f1=0.5352
Epoch 016 | train_loss=0.1517 | val_loss=1.2891 | val_mcc=0.4480 | val_f1=0.5428
Epoch 017 | train_loss=0.1414 | val_loss=1.0560 | val_mcc=0.4364 | val_f1=0.5291
Epoch 018 | train_loss=0.1369 | val_loss=1.1005 | val_mcc=0.4415 | val_f1=0.5354
Epoch 019 | train_loss=0.1305 | val_loss=0.9794 | val_mcc=0.4466 | val_f1=0.5486
Epoch 020 | train_loss=0.1289 | val_loss=1.1659 | val_mcc=0.4573 | val_f1=0.5513
Epoch 021 | train_loss=0.1196 | val_loss=0.9309 | val_mcc=0.4608 | val_f1=0.5592
Epoch 022 | train_loss=0.1201 | val_loss=1.4689 | val_mcc=0.4547 | val_f1=0.5229
Epoch 023 | train_loss=0.1155 | val_loss=1.1607 | val_mcc=0.4637 | val_f1=0.5447
Epoch 024 | train_loss=0.1072 | val_loss=1.3035 | val_mcc=0.4566 | val_f1=0.5505
Epoch 025 | train_loss=0.1100 | val_loss=0.9819 | val_mcc=0.4552 | val_f1=0.5444
Epoch 026 | train_loss=0.1090 | val_loss=1.2285 | val_mcc=0.4583 | val_f1=0.5515
Epoch 027 | train_loss=0.0972 | val_loss=1.1716 | val_mcc=0.4461 | val_f1=0.5366
Epoch 028 | train_loss=0.1006 | val_loss=1.0942 | val_mcc=0.4486 | val_f1=0.5507
Epoch 029 | train_loss=0.0900 | val_loss=0.9691 | val_mcc=0.4329 | val_f1=0.5400
Epoch 030 | train_loss=0.0960 | val_loss=1.2649 | val_mcc=0.4773 | val_f1=0.5601
Epoch 031 | train_loss=0.0909 | val_loss=1.3437 | val_mcc=0.4731 | val_f1=0.5625
Epoch 032 | train_loss=0.0917 | val_loss=1.2685 | val_mcc=0.4381 | val_f1=0.5380
Epoch 033 | train_loss=0.0886 | val_loss=0.9930 | val_mcc=0.4521 | val_f1=0.5394
Epoch 034 | train_loss=0.0899 | val_loss=1.4142 | val_mcc=0.4699 | val_f1=0.5495
Epoch 035 | train_loss=0.0857 | val_loss=1.0434 | val_mcc=0.4477 | val_f1=0.5389
Best model saved to: classifier_runs/met_r/cnn_gru/20260320_144431/model_best.pt
Finished config: model=cnn_gru, conv_layers=3, rnn_layers=2. Run dir: classifier_runs/met_r/cnn_gru/20260320_144431

=== Running config: model=cnn_gru, conv_layers=3, rnn_layers=3, epochs=35 ===
Epoch 001 | train_loss=0.6415 | val_loss=0.6422 | val_mcc=0.2687 | val_f1=0.3902
Epoch 002 | train_loss=0.6001 | val_loss=0.6024 | val_mcc=0.2985 | val_f1=0.4265
Epoch 003 | train_loss=0.5797 | val_loss=0.5910 | val_mcc=0.3004 | val_f1=0.4398
Epoch 004 | train_loss=0.5643 | val_loss=0.5823 | val_mcc=0.3300 | val_f1=0.4603
Epoch 005 | train_loss=0.5390 | val_loss=0.5739 | val_mcc=0.3252 | val_f1=0.4543
Epoch 006 | train_loss=0.5167 | val_loss=0.5896 | val_mcc=0.3483 | val_f1=0.4634
Epoch 007 | train_loss=0.4819 | val_loss=0.5939 | val_mcc=0.3562 | val_f1=0.4804
Epoch 008 | train_loss=0.4380 | val_loss=0.6055 | val_mcc=0.3582 | val_f1=0.4808
Epoch 009 | train_loss=0.3888 | val_loss=0.7973 | val_mcc=0.3805 | val_f1=0.4973
Epoch 010 | train_loss=0.3389 | val_loss=0.6654 | val_mcc=0.3920 | val_f1=0.5079
Epoch 011 | train_loss=0.2966 | val_loss=0.7036 | val_mcc=0.3984 | val_f1=0.5132
Epoch 012 | train_loss=0.2590 | val_loss=0.8020 | val_mcc=0.4099 | val_f1=0.5205
Epoch 013 | train_loss=0.2315 | val_loss=0.8261 | val_mcc=0.4090 | val_f1=0.5207
Epoch 014 | train_loss=0.2112 | val_loss=0.7290 | val_mcc=0.4234 | val_f1=0.5323
Epoch 015 | train_loss=0.1855 | val_loss=1.0412 | val_mcc=0.4186 | val_f1=0.5265
Epoch 016 | train_loss=0.1757 | val_loss=1.0986 | val_mcc=0.4439 | val_f1=0.5405
Epoch 017 | train_loss=0.1663 | val_loss=1.0121 | val_mcc=0.4297 | val_f1=0.5362
Epoch 018 | train_loss=0.1626 | val_loss=1.0638 | val_mcc=0.4323 | val_f1=0.5267
Epoch 019 | train_loss=0.1509 | val_loss=1.0069 | val_mcc=0.4203 | val_f1=0.5141
Epoch 020 | train_loss=0.1490 | val_loss=0.9246 | val_mcc=0.4240 | val_f1=0.5279
Epoch 021 | train_loss=0.1362 | val_loss=1.3646 | val_mcc=0.4391 | val_f1=0.5342
Epoch 022 | train_loss=0.1319 | val_loss=1.3850 | val_mcc=0.4209 | val_f1=0.5230
Epoch 023 | train_loss=0.1285 | val_loss=1.1969 | val_mcc=0.4351 | val_f1=0.5351
Epoch 024 | train_loss=0.1259 | val_loss=1.2031 | val_mcc=0.4337 | val_f1=0.5347
Epoch 025 | train_loss=0.1216 | val_loss=1.1580 | val_mcc=0.4327 | val_f1=0.5332
Epoch 026 | train_loss=0.1155 | val_loss=0.9442 | val_mcc=0.4349 | val_f1=0.5356
Epoch 027 | train_loss=0.1127 | val_loss=1.2408 | val_mcc=0.4299 | val_f1=0.5310
Epoch 028 | train_loss=0.1193 | val_loss=1.1161 | val_mcc=0.4322 | val_f1=0.5288
Epoch 029 | train_loss=0.1220 | val_loss=1.1566 | val_mcc=0.4427 | val_f1=0.5239
Epoch 030 | train_loss=0.1136 | val_loss=1.2564 | val_mcc=0.4459 | val_f1=0.5263
Epoch 031 | train_loss=0.1176 | val_loss=1.0496 | val_mcc=0.4564 | val_f1=0.5498
Epoch 032 | train_loss=0.1071 | val_loss=1.5368 | val_mcc=0.4484 | val_f1=0.5236
Epoch 033 | train_loss=0.1046 | val_loss=1.4964 | val_mcc=0.4530 | val_f1=0.5314
Epoch 034 | train_loss=0.1100 | val_loss=1.3535 | val_mcc=0.4518 | val_f1=0.5463
Epoch 035 | train_loss=0.1003 | val_loss=1.0441 | val_mcc=0.4492 | val_f1=0.5455
Best model saved to: classifier_runs/met_r/cnn_gru/20260320_151358/model_best.pt
Finished config: model=cnn_gru, conv_layers=3, rnn_layers=3. Run dir: classifier_runs/met_r/cnn_gru/20260320_151358

=== Running config: model=cnn_bilstm, conv_layers=1, rnn_layers=1, epochs=35 ===
Epoch 001 | train_loss=0.6061 | val_loss=0.5795 | val_mcc=0.3449 | val_f1=0.4676
Epoch 002 | train_loss=0.5513 | val_loss=0.5432 | val_mcc=0.3528 | val_f1=0.4739
Epoch 003 | train_loss=0.4901 | val_loss=0.5245 | val_mcc=0.3818 | val_f1=0.4948
Epoch 004 | train_loss=0.4133 | val_loss=0.5983 | val_mcc=0.4386 | val_f1=0.5444
Epoch 005 | train_loss=0.3267 | val_loss=0.5447 | val_mcc=0.4297 | val_f1=0.5371
Epoch 006 | train_loss=0.2519 | val_loss=0.5941 | val_mcc=0.4305 | val_f1=0.5374
Epoch 007 | train_loss=0.2021 | val_loss=0.7904 | val_mcc=0.4389 | val_f1=0.5446
Epoch 008 | train_loss=0.1675 | val_loss=0.9203 | val_mcc=0.4686 | val_f1=0.5580
Epoch 009 | train_loss=0.1421 | val_loss=0.9507 | val_mcc=0.4553 | val_f1=0.5573
Epoch 010 | train_loss=0.1274 | val_loss=1.0239 | val_mcc=0.4768 | val_f1=0.5716
Epoch 011 | train_loss=0.1186 | val_loss=0.9375 | val_mcc=0.4604 | val_f1=0.5614
Epoch 012 | train_loss=0.1072 | val_loss=0.8674 | val_mcc=0.4487 | val_f1=0.5520
Epoch 013 | train_loss=0.0977 | val_loss=1.0391 | val_mcc=0.4732 | val_f1=0.5710
Epoch 014 | train_loss=0.0942 | val_loss=1.3075 | val_mcc=0.4875 | val_f1=0.5813
Epoch 015 | train_loss=0.0956 | val_loss=1.0224 | val_mcc=0.4709 | val_f1=0.5685
Epoch 016 | train_loss=0.0849 | val_loss=1.2909 | val_mcc=0.4853 | val_f1=0.5765
Epoch 017 | train_loss=0.0812 | val_loss=1.1566 | val_mcc=0.4716 | val_f1=0.5675
Epoch 018 | train_loss=0.0798 | val_loss=1.5138 | val_mcc=0.4651 | val_f1=0.5516
Epoch 019 | train_loss=0.0735 | val_loss=1.4254 | val_mcc=0.4696 | val_f1=0.5673
Epoch 020 | train_loss=0.0804 | val_loss=1.2879 | val_mcc=0.4732 | val_f1=0.5658
Epoch 021 | train_loss=0.0720 | val_loss=1.4143 | val_mcc=0.4736 | val_f1=0.5684
Epoch 022 | train_loss=0.0683 | val_loss=1.5104 | val_mcc=0.4795 | val_f1=0.5715
Epoch 023 | train_loss=0.0689 | val_loss=1.1893 | val_mcc=0.4765 | val_f1=0.5694
Epoch 024 | train_loss=0.0647 | val_loss=1.2544 | val_mcc=0.4874 | val_f1=0.5797
Epoch 025 | train_loss=0.0661 | val_loss=1.6543 | val_mcc=0.4852 | val_f1=0.5718
Epoch 026 | train_loss=0.0629 | val_loss=1.1133 | val_mcc=0.4711 | val_f1=0.5694
Epoch 027 | train_loss=0.0564 | val_loss=1.2359 | val_mcc=0.4748 | val_f1=0.5709
Epoch 028 | train_loss=0.0600 | val_loss=1.1203 | val_mcc=0.4679 | val_f1=0.5613
Epoch 029 | train_loss=0.0581 | val_loss=1.3109 | val_mcc=0.4750 | val_f1=0.5707
Epoch 030 | train_loss=0.0560 | val_loss=1.2806 | val_mcc=0.4617 | val_f1=0.5616
Epoch 031 | train_loss=0.0536 | val_loss=1.3107 | val_mcc=0.4760 | val_f1=0.5716
Epoch 032 | train_loss=0.0559 | val_loss=1.4123 | val_mcc=0.4689 | val_f1=0.5666
Epoch 033 | train_loss=0.0547 | val_loss=1.3817 | val_mcc=0.4916 | val_f1=0.5795
Epoch 034 | train_loss=0.0491 | val_loss=1.7576 | val_mcc=0.4808 | val_f1=0.5570
Epoch 035 | train_loss=0.0524 | val_loss=1.4599 | val_mcc=0.4875 | val_f1=0.5762
Best model saved to: classifier_runs/met_r/cnn_bilstm/20260320_154339/model_best.pt
Finished config: model=cnn_bilstm, conv_layers=1, rnn_layers=1. Run dir: classifier_runs/met_r/cnn_bilstm/20260320_154339

=== Running config: model=cnn_bilstm, conv_layers=1, rnn_layers=2, epochs=35 ===
Epoch 001 | train_loss=0.6377 | val_loss=0.6053 | val_mcc=0.2727 | val_f1=0.4197
Epoch 002 | train_loss=0.5893 | val_loss=0.5894 | val_mcc=0.2940 | val_f1=0.4349
Epoch 003 | train_loss=0.5674 | val_loss=0.5757 | val_mcc=0.3216 | val_f1=0.4550
Epoch 004 | train_loss=0.5314 | val_loss=0.5805 | val_mcc=0.3135 | val_f1=0.4473
Epoch 005 | train_loss=0.4813 | val_loss=0.5656 | val_mcc=0.3617 | val_f1=0.4831
Epoch 006 | train_loss=0.4052 | val_loss=0.6192 | val_mcc=0.3826 | val_f1=0.4964
Epoch 007 | train_loss=0.3286 | val_loss=0.5857 | val_mcc=0.3283 | val_f1=0.4567
Epoch 008 | train_loss=0.2599 | val_loss=0.7449 | val_mcc=0.3907 | val_f1=0.5050
Epoch 009 | train_loss=0.2079 | val_loss=1.1224 | val_mcc=0.4053 | val_f1=0.5106
Epoch 010 | train_loss=0.1766 | val_loss=0.9500 | val_mcc=0.4136 | val_f1=0.5185
Epoch 011 | train_loss=0.1519 | val_loss=1.1213 | val_mcc=0.4051 | val_f1=0.5138
Epoch 012 | train_loss=0.1424 | val_loss=1.2380 | val_mcc=0.4143 | val_f1=0.5048
Epoch 013 | train_loss=0.1231 | val_loss=1.1441 | val_mcc=0.4186 | val_f1=0.5156
Epoch 014 | train_loss=0.1144 | val_loss=1.3053 | val_mcc=0.4323 | val_f1=0.5262
Epoch 015 | train_loss=0.1138 | val_loss=1.2971 | val_mcc=0.4136 | val_f1=0.5127
Epoch 016 | train_loss=0.1070 | val_loss=1.3083 | val_mcc=0.4320 | val_f1=0.5351
Epoch 017 | train_loss=0.1012 | val_loss=1.3127 | val_mcc=0.4278 | val_f1=0.5316
Epoch 018 | train_loss=0.1001 | val_loss=1.2512 | val_mcc=0.4282 | val_f1=0.5298
Epoch 019 | train_loss=0.0970 | val_loss=1.5213 | val_mcc=0.4441 | val_f1=0.5238
Epoch 020 | train_loss=0.0853 | val_loss=1.7346 | val_mcc=0.4429 | val_f1=0.5315
Epoch 021 | train_loss=0.0817 | val_loss=1.2552 | val_mcc=0.4209 | val_f1=0.5237
Epoch 022 | train_loss=0.0822 | val_loss=1.6533 | val_mcc=0.4312 | val_f1=0.5295
Epoch 023 | train_loss=0.0796 | val_loss=1.3428 | val_mcc=0.4198 | val_f1=0.5197
Epoch 024 | train_loss=0.0821 | val_loss=1.2484 | val_mcc=0.4261 | val_f1=0.5311
Epoch 025 | train_loss=0.0775 | val_loss=1.5516 | val_mcc=0.4283 | val_f1=0.5291
Epoch 026 | train_loss=0.0798 | val_loss=1.2593 | val_mcc=0.4236 | val_f1=0.5258
Epoch 027 | train_loss=0.0745 | val_loss=1.5342 | val_mcc=0.4279 | val_f1=0.5302
Epoch 028 | train_loss=0.0707 | val_loss=1.6205 | val_mcc=0.4267 | val_f1=0.5116
Epoch 029 | train_loss=0.0679 | val_loss=1.5686 | val_mcc=0.4532 | val_f1=0.5434
Epoch 030 | train_loss=0.0687 | val_loss=1.5648 | val_mcc=0.4406 | val_f1=0.5296
Epoch 031 | train_loss=0.0687 | val_loss=1.8702 | val_mcc=0.4386 | val_f1=0.5278
Epoch 032 | train_loss=0.0682 | val_loss=1.6250 | val_mcc=0.4368 | val_f1=0.5317
Epoch 033 | train_loss=0.0671 | val_loss=1.7261 | val_mcc=0.4533 | val_f1=0.5471
Epoch 034 | train_loss=0.0632 | val_loss=1.4424 | val_mcc=0.4250 | val_f1=0.5207
Epoch 035 | train_loss=0.0604 | val_loss=1.4067 | val_mcc=0.4379 | val_f1=0.5271
Best model saved to: classifier_runs/met_r/cnn_bilstm/20260320_161236/model_best.pt
Finished config: model=cnn_bilstm, conv_layers=1, rnn_layers=2. Run dir: classifier_runs/met_r/cnn_bilstm/20260320_161236

=== Running config: model=cnn_bilstm, conv_layers=1, rnn_layers=3, epochs=35 ===
Epoch 001 | train_loss=0.6234 | val_loss=0.6244 | val_mcc=0.2759 | val_f1=0.4220
Epoch 002 | train_loss=0.5869 | val_loss=0.6110 | val_mcc=0.3107 | val_f1=0.3953
Epoch 003 | train_loss=0.5604 | val_loss=0.5657 | val_mcc=0.3468 | val_f1=0.4731
Epoch 004 | train_loss=0.5257 | val_loss=0.5495 | val_mcc=0.3512 | val_f1=0.4732
Epoch 005 | train_loss=0.4768 | val_loss=0.5583 | val_mcc=0.3597 | val_f1=0.4760
Epoch 006 | train_loss=0.4106 | val_loss=0.5421 | val_mcc=0.4103 | val_f1=0.5216
Epoch 007 | train_loss=0.3425 | val_loss=0.5699 | val_mcc=0.4197 | val_f1=0.5295
Epoch 008 | train_loss=0.2851 | val_loss=0.6288 | val_mcc=0.4248 | val_f1=0.5327
Epoch 009 | train_loss=0.2384 | val_loss=0.7917 | val_mcc=0.4386 | val_f1=0.5427
Epoch 010 | train_loss=0.2073 | val_loss=0.7485 | val_mcc=0.4216 | val_f1=0.5303
Epoch 011 | train_loss=0.1787 | val_loss=0.8005 | val_mcc=0.4425 | val_f1=0.5422
Epoch 012 | train_loss=0.1551 | val_loss=0.9309 | val_mcc=0.4471 | val_f1=0.5440
Epoch 013 | train_loss=0.1453 | val_loss=0.9679 | val_mcc=0.4574 | val_f1=0.5552
Epoch 014 | train_loss=0.1359 | val_loss=1.0373 | val_mcc=0.4398 | val_f1=0.5425
Epoch 015 | train_loss=0.1210 | val_loss=1.1974 | val_mcc=0.4434 | val_f1=0.5438
Epoch 016 | train_loss=0.1148 | val_loss=0.9430 | val_mcc=0.4330 | val_f1=0.5384
Epoch 017 | train_loss=0.1081 | val_loss=1.1224 | val_mcc=0.4462 | val_f1=0.5497
Epoch 018 | train_loss=0.1012 | val_loss=1.3968 | val_mcc=0.4548 | val_f1=0.5376
Epoch 019 | train_loss=0.0967 | val_loss=1.3280 | val_mcc=0.4580 | val_f1=0.5545
Epoch 020 | train_loss=0.0948 | val_loss=1.1378 | val_mcc=0.4664 | val_f1=0.5565
Epoch 021 | train_loss=0.0921 | val_loss=1.4195 | val_mcc=0.4792 | val_f1=0.5663
Epoch 022 | train_loss=0.0889 | val_loss=1.3486 | val_mcc=0.4670 | val_f1=0.5594
Epoch 023 | train_loss=0.0843 | val_loss=1.2106 | val_mcc=0.4619 | val_f1=0.5480
Epoch 024 | train_loss=0.0801 | val_loss=1.0437 | val_mcc=0.4619 | val_f1=0.5530
Epoch 025 | train_loss=0.0746 | val_loss=1.4823 | val_mcc=0.4593 | val_f1=0.5523
Epoch 026 | train_loss=0.0771 | val_loss=1.3916 | val_mcc=0.4457 | val_f1=0.5454
Epoch 027 | train_loss=0.0730 | val_loss=1.2226 | val_mcc=0.4562 | val_f1=0.5451
Epoch 028 | train_loss=0.0699 | val_loss=1.1420 | val_mcc=0.4344 | val_f1=0.5404
Epoch 029 | train_loss=0.0715 | val_loss=1.7668 | val_mcc=0.4679 | val_f1=0.5527
Epoch 030 | train_loss=0.0723 | val_loss=1.4251 | val_mcc=0.4682 | val_f1=0.5533
Epoch 031 | train_loss=0.0679 | val_loss=1.1888 | val_mcc=0.4533 | val_f1=0.5484
Epoch 032 | train_loss=0.0617 | val_loss=1.8437 | val_mcc=0.4722 | val_f1=0.5539
Epoch 033 | train_loss=0.0627 | val_loss=1.5564 | val_mcc=0.4648 | val_f1=0.5575
Epoch 034 | train_loss=0.0625 | val_loss=1.6092 | val_mcc=0.4470 | val_f1=0.5420
Epoch 035 | train_loss=0.0619 | val_loss=2.0593 | val_mcc=0.4684 | val_f1=0.5500
Best model saved to: classifier_runs/met_r/cnn_bilstm/20260320_164224/model_best.pt
Finished config: model=cnn_bilstm, conv_layers=1, rnn_layers=3. Run dir: classifier_runs/met_r/cnn_bilstm/20260320_164224

=== Running config: model=cnn_bilstm, conv_layers=2, rnn_layers=1, epochs=35 ===
Epoch 001 | train_loss=0.6168 | val_loss=0.6000 | val_mcc=0.2934 | val_f1=0.4334
Epoch 002 | train_loss=0.5699 | val_loss=0.5598 | val_mcc=0.3503 | val_f1=0.4767
Epoch 003 | train_loss=0.5211 | val_loss=0.5570 | val_mcc=0.3723 | val_f1=0.4930
Epoch 004 | train_loss=0.4605 | val_loss=0.5572 | val_mcc=0.4035 | val_f1=0.5169
Epoch 005 | train_loss=0.3799 | val_loss=0.6244 | val_mcc=0.4152 | val_f1=0.5256
Epoch 006 | train_loss=0.3002 | val_loss=0.5920 | val_mcc=0.4047 | val_f1=0.5163
Epoch 007 | train_loss=0.2386 | val_loss=0.7268 | val_mcc=0.4515 | val_f1=0.5539
Epoch 008 | train_loss=0.1950 | val_loss=0.9712 | val_mcc=0.4448 | val_f1=0.5462
Epoch 009 | train_loss=0.1713 | val_loss=1.0133 | val_mcc=0.4509 | val_f1=0.5498
Epoch 010 | train_loss=0.1538 | val_loss=0.8601 | val_mcc=0.4168 | val_f1=0.5269
Epoch 011 | train_loss=0.1395 | val_loss=0.7932 | val_mcc=0.4594 | val_f1=0.5585
Epoch 012 | train_loss=0.1238 | val_loss=0.9339 | val_mcc=0.4681 | val_f1=0.5622
Epoch 013 | train_loss=0.1205 | val_loss=0.9570 | val_mcc=0.4538 | val_f1=0.5561
Epoch 014 | train_loss=0.1126 | val_loss=1.0326 | val_mcc=0.4601 | val_f1=0.5599
Epoch 015 | train_loss=0.1065 | val_loss=1.0983 | val_mcc=0.4737 | val_f1=0.5700
Epoch 016 | train_loss=0.1007 | val_loss=1.0833 | val_mcc=0.4745 | val_f1=0.5673
Epoch 017 | train_loss=0.0952 | val_loss=1.1747 | val_mcc=0.4678 | val_f1=0.5667
Epoch 018 | train_loss=0.0852 | val_loss=1.3165 | val_mcc=0.4672 | val_f1=0.5605
Epoch 019 | train_loss=0.0882 | val_loss=1.2020 | val_mcc=0.4735 | val_f1=0.5661
Epoch 020 | train_loss=0.0819 | val_loss=1.2899 | val_mcc=0.4669 | val_f1=0.5590
Epoch 021 | train_loss=0.0823 | val_loss=1.0338 | val_mcc=0.4503 | val_f1=0.5529
Epoch 022 | train_loss=0.0791 | val_loss=1.2827 | val_mcc=0.4619 | val_f1=0.5599
Epoch 023 | train_loss=0.0836 | val_loss=1.2359 | val_mcc=0.4662 | val_f1=0.5541
Epoch 024 | train_loss=0.0698 | val_loss=1.5182 | val_mcc=0.4677 | val_f1=0.5559
Epoch 025 | train_loss=0.0725 | val_loss=1.4111 | val_mcc=0.4593 | val_f1=0.5366
Epoch 026 | train_loss=0.0674 | val_loss=1.2099 | val_mcc=0.4576 | val_f1=0.5553
Epoch 027 | train_loss=0.0695 | val_loss=1.1460 | val_mcc=0.4654 | val_f1=0.5631
Epoch 028 | train_loss=0.0670 | val_loss=1.1826 | val_mcc=0.4697 | val_f1=0.5637
Epoch 029 | train_loss=0.0603 | val_loss=1.0412 | val_mcc=0.4778 | val_f1=0.5681
Epoch 030 | train_loss=0.0685 | val_loss=1.2167 | val_mcc=0.4772 | val_f1=0.5663
Epoch 031 | train_loss=0.0606 | val_loss=1.7181 | val_mcc=0.4700 | val_f1=0.5514
Epoch 032 | train_loss=0.0588 | val_loss=1.4248 | val_mcc=0.4613 | val_f1=0.5519
Epoch 033 | train_loss=0.0622 | val_loss=1.2113 | val_mcc=0.4800 | val_f1=0.5685
Epoch 034 | train_loss=0.0618 | val_loss=1.2256 | val_mcc=0.4803 | val_f1=0.5623
Epoch 035 | train_loss=0.0581 | val_loss=1.3497 | val_mcc=0.4665 | val_f1=0.5546
Best model saved to: classifier_runs/met_r/cnn_bilstm/20260320_171335/model_best.pt
Finished config: model=cnn_bilstm, conv_layers=2, rnn_layers=1. Run dir: classifier_runs/met_r/cnn_bilstm/20260320_171335

=== Running config: model=cnn_bilstm, conv_layers=2, rnn_layers=2, epochs=35 ===
Epoch 001 | train_loss=0.6305 | val_loss=0.6032 | val_mcc=0.2964 | val_f1=0.4319
Epoch 002 | train_loss=0.5933 | val_loss=0.5981 | val_mcc=0.3070 | val_f1=0.4404
Epoch 003 | train_loss=0.5692 | val_loss=0.5745 | val_mcc=0.3050 | val_f1=0.4398
Epoch 004 | train_loss=0.5373 | val_loss=0.5727 | val_mcc=0.3691 | val_f1=0.4839
Epoch 005 | train_loss=0.4910 | val_loss=0.5981 | val_mcc=0.3690 | val_f1=0.4907
Epoch 006 | train_loss=0.4409 | val_loss=0.5646 | val_mcc=0.3775 | val_f1=0.4944
Epoch 007 | train_loss=0.3793 | val_loss=0.5966 | val_mcc=0.4074 | val_f1=0.5201
Epoch 008 | train_loss=0.3197 | val_loss=0.6335 | val_mcc=0.4339 | val_f1=0.5399
Epoch 009 | train_loss=0.2629 | val_loss=0.6516 | val_mcc=0.4086 | val_f1=0.5209
Epoch 010 | train_loss=0.2240 | val_loss=0.9414 | val_mcc=0.4279 | val_f1=0.5305
Epoch 011 | train_loss=0.1877 | val_loss=0.9867 | val_mcc=0.4333 | val_f1=0.5324
Epoch 012 | train_loss=0.1698 | val_loss=1.0495 | val_mcc=0.4514 | val_f1=0.5457
Epoch 013 | train_loss=0.1547 | val_loss=1.0289 | val_mcc=0.4404 | val_f1=0.5380
Epoch 014 | train_loss=0.1404 | val_loss=1.0602 | val_mcc=0.4440 | val_f1=0.5308
Epoch 015 | train_loss=0.1202 | val_loss=1.2412 | val_mcc=0.4449 | val_f1=0.5374
Epoch 016 | train_loss=0.1200 | val_loss=0.9833 | val_mcc=0.4447 | val_f1=0.5444
Epoch 017 | train_loss=0.1132 | val_loss=1.4481 | val_mcc=0.4500 | val_f1=0.5437
Epoch 018 | train_loss=0.1098 | val_loss=1.1973 | val_mcc=0.4442 | val_f1=0.5361
Epoch 019 | train_loss=0.1080 | val_loss=1.3883 | val_mcc=0.4552 | val_f1=0.5438
Epoch 020 | train_loss=0.0989 | val_loss=0.9668 | val_mcc=0.4609 | val_f1=0.5580
Epoch 021 | train_loss=0.0957 | val_loss=1.4967 | val_mcc=0.4690 | val_f1=0.5532
Epoch 022 | train_loss=0.0969 | val_loss=1.9184 | val_mcc=0.4643 | val_f1=0.5443
Epoch 023 | train_loss=0.0906 | val_loss=1.1916 | val_mcc=0.4582 | val_f1=0.5505
Epoch 024 | train_loss=0.0997 | val_loss=1.5543 | val_mcc=0.4205 | val_f1=0.5181
Epoch 025 | train_loss=0.0859 | val_loss=1.5216 | val_mcc=0.4572 | val_f1=0.5428
Epoch 026 | train_loss=0.0892 | val_loss=1.7038 | val_mcc=0.4869 | val_f1=0.5728
Epoch 027 | train_loss=0.0773 | val_loss=1.7788 | val_mcc=0.4462 | val_f1=0.5312
Epoch 028 | train_loss=0.0841 | val_loss=1.5076 | val_mcc=0.4468 | val_f1=0.5383
Epoch 029 | train_loss=0.0834 | val_loss=1.2520 | val_mcc=0.4452 | val_f1=0.5423
Epoch 030 | train_loss=0.0803 | val_loss=1.2205 | val_mcc=0.4473 | val_f1=0.5441
Epoch 031 | train_loss=0.0735 | val_loss=1.2873 | val_mcc=0.4539 | val_f1=0.5443
Epoch 032 | train_loss=0.0737 | val_loss=1.3852 | val_mcc=0.4594 | val_f1=0.5374
Epoch 033 | train_loss=0.0718 | val_loss=1.7508 | val_mcc=0.4714 | val_f1=0.5413
Epoch 034 | train_loss=0.0707 | val_loss=1.2326 | val_mcc=0.4565 | val_f1=0.5519
Epoch 035 | train_loss=0.0685 | val_loss=1.4087 | val_mcc=0.4723 | val_f1=0.5653
Best model saved to: classifier_runs/met_r/cnn_bilstm/20260320_174226/model_best.pt
Finished config: model=cnn_bilstm, conv_layers=2, rnn_layers=2. Run dir: classifier_runs/met_r/cnn_bilstm/20260320_174226

=== Running config: model=cnn_bilstm, conv_layers=2, rnn_layers=3, epochs=35 ===
Epoch 001 | train_loss=0.6790 | val_loss=0.6239 | val_mcc=0.2605 | val_f1=0.3912
Epoch 002 | train_loss=0.6151 | val_loss=0.6111 | val_mcc=0.2679 | val_f1=0.4152
Epoch 003 | train_loss=0.6011 | val_loss=0.5920 | val_mcc=0.2738 | val_f1=0.4178
Epoch 004 | train_loss=0.5834 | val_loss=0.5873 | val_mcc=0.3131 | val_f1=0.4460
Epoch 005 | train_loss=0.5578 | val_loss=0.5653 | val_mcc=0.3464 | val_f1=0.4731
Epoch 006 | train_loss=0.5232 | val_loss=0.5524 | val_mcc=0.3651 | val_f1=0.4874
Epoch 007 | train_loss=0.4723 | val_loss=0.5741 | val_mcc=0.3909 | val_f1=0.5075
Epoch 008 | train_loss=0.4140 | val_loss=0.5702 | val_mcc=0.4107 | val_f1=0.5223
Epoch 009 | train_loss=0.3578 | val_loss=0.6054 | val_mcc=0.4167 | val_f1=0.5271
Epoch 010 | train_loss=0.3060 | val_loss=0.6113 | val_mcc=0.4116 | val_f1=0.5231
Epoch 011 | train_loss=0.2601 | val_loss=0.6992 | val_mcc=0.4342 | val_f1=0.5409
Epoch 012 | train_loss=0.2339 | val_loss=0.8165 | val_mcc=0.4225 | val_f1=0.5265
Epoch 013 | train_loss=0.2016 | val_loss=0.7721 | val_mcc=0.4441 | val_f1=0.5376
Epoch 014 | train_loss=0.1892 | val_loss=0.6360 | val_mcc=0.4252 | val_f1=0.5311
Epoch 015 | train_loss=0.1716 | val_loss=0.8216 | val_mcc=0.4398 | val_f1=0.5419
Epoch 016 | train_loss=0.1456 | val_loss=0.9520 | val_mcc=0.4433 | val_f1=0.5456
Epoch 017 | train_loss=0.1499 | val_loss=0.9710 | val_mcc=0.4440 | val_f1=0.5374
Epoch 018 | train_loss=0.1369 | val_loss=1.0139 | val_mcc=0.4483 | val_f1=0.5480
Epoch 019 | train_loss=0.1312 | val_loss=0.9955 | val_mcc=0.4418 | val_f1=0.5358
Epoch 020 | train_loss=0.1173 | val_loss=1.0865 | val_mcc=0.4604 | val_f1=0.5556
Epoch 021 | train_loss=0.1074 | val_loss=1.2354 | val_mcc=0.4419 | val_f1=0.5303
Epoch 022 | train_loss=0.1030 | val_loss=1.3993 | val_mcc=0.4481 | val_f1=0.5371
Epoch 023 | train_loss=0.1059 | val_loss=1.3236 | val_mcc=0.4417 | val_f1=0.5400
Epoch 024 | train_loss=0.1047 | val_loss=1.3148 | val_mcc=0.4540 | val_f1=0.5459
Epoch 025 | train_loss=0.1048 | val_loss=2.0428 | val_mcc=0.4478 | val_f1=0.5356
Epoch 026 | train_loss=0.1018 | val_loss=1.1560 | val_mcc=0.4548 | val_f1=0.5483
Epoch 027 | train_loss=0.0871 | val_loss=1.3426 | val_mcc=0.4577 | val_f1=0.5475
Epoch 028 | train_loss=0.0864 | val_loss=1.6131 | val_mcc=0.4587 | val_f1=0.5531
Epoch 029 | train_loss=0.0896 | val_loss=1.1441 | val_mcc=0.4544 | val_f1=0.5520
Epoch 030 | train_loss=0.0891 | val_loss=1.4710 | val_mcc=0.4675 | val_f1=0.5546
Epoch 031 | train_loss=0.0820 | val_loss=1.7512 | val_mcc=0.4784 | val_f1=0.5630
Epoch 032 | train_loss=0.0822 | val_loss=1.3261 | val_mcc=0.4705 | val_f1=0.5595
Epoch 033 | train_loss=0.0790 | val_loss=1.6878 | val_mcc=0.4872 | val_f1=0.5649
Epoch 034 | train_loss=0.0807 | val_loss=1.3337 | val_mcc=0.4677 | val_f1=0.5571
Epoch 035 | train_loss=0.0737 | val_loss=1.3004 | val_mcc=0.4622 | val_f1=0.5452
Best model saved to: classifier_runs/met_r/cnn_bilstm/20260320_181158/model_best.pt
Finished config: model=cnn_bilstm, conv_layers=2, rnn_layers=3. Run dir: classifier_runs/met_r/cnn_bilstm/20260320_181158

=== Running config: model=cnn_bilstm, conv_layers=3, rnn_layers=1, epochs=35 ===
Epoch 001 | train_loss=0.6981 | val_loss=0.6931 | val_mcc=0.0000 | val_f1=0.0000
Epoch 002 | train_loss=0.6930 | val_loss=0.6931 | val_mcc=0.0000 | val_f1=0.0000
Epoch 003 | train_loss=0.6931 | val_loss=0.6931 | val_mcc=0.0000 | val_f1=0.0000
Epoch 004 | train_loss=0.6931 | val_loss=0.6931 | val_mcc=0.0000 | val_f1=0.0000
Epoch 005 | train_loss=0.6931 | val_loss=0.6931 | val_mcc=0.0000 | val_f1=0.0000
Epoch 006 | train_loss=0.6930 | val_loss=0.6931 | val_mcc=0.0000 | val_f1=0.0000
Epoch 007 | train_loss=0.6931 | val_loss=0.6931 | val_mcc=0.0000 | val_f1=0.0000
Epoch 008 | train_loss=0.6930 | val_loss=0.6931 | val_mcc=0.0000 | val_f1=0.0000
Epoch 009 | train_loss=0.6930 | val_loss=0.6931 | val_mcc=0.0000 | val_f1=0.0000
Epoch 010 | train_loss=0.6940 | val_loss=0.6932 | val_mcc=0.0000 | val_f1=0.0000
Epoch 011 | train_loss=0.6931 | val_loss=0.6931 | val_mcc=0.0000 | val_f1=0.0000
Epoch 012 | train_loss=0.6930 | val_loss=0.6931 | val_mcc=0.0000 | val_f1=0.0000
Epoch 013 | train_loss=0.6930 | val_loss=0.6931 | val_mcc=0.0000 | val_f1=0.0000
Epoch 014 | train_loss=0.6930 | val_loss=0.6932 | val_mcc=0.0000 | val_f1=0.0000
Epoch 015 | train_loss=0.6931 | val_loss=0.6931 | val_mcc=0.0000 | val_f1=0.0000
Epoch 016 | train_loss=0.6931 | val_loss=0.6931 | val_mcc=0.0000 | val_f1=0.0000
Epoch 017 | train_loss=0.6931 | val_loss=0.6931 | val_mcc=0.0000 | val_f1=0.0000
Epoch 018 | train_loss=0.6930 | val_loss=0.6931 | val_mcc=0.0000 | val_f1=0.0000
Epoch 019 | train_loss=0.6930 | val_loss=0.6931 | val_mcc=0.0000 | val_f1=0.0000
Epoch 020 | train_loss=0.6936 | val_loss=0.6931 | val_mcc=0.0000 | val_f1=0.0000
Epoch 021 | train_loss=0.6930 | val_loss=0.6931 | val_mcc=0.0000 | val_f1=0.0000
Epoch 022 | train_loss=0.6930 | val_loss=0.6931 | val_mcc=0.0000 | val_f1=0.0000
Epoch 023 | train_loss=0.6930 | val_loss=0.6931 | val_mcc=0.0000 | val_f1=0.0000
Epoch 024 | train_loss=0.6931 | val_loss=0.6931 | val_mcc=0.0000 | val_f1=0.0000
Epoch 025 | train_loss=0.6931 | val_loss=0.6931 | val_mcc=0.0000 | val_f1=0.0000
Epoch 026 | train_loss=0.6931 | val_loss=0.6931 | val_mcc=0.0000 | val_f1=0.0000
Epoch 027 | train_loss=0.6930 | val_loss=0.6931 | val_mcc=0.0000 | val_f1=0.0000
Epoch 028 | train_loss=0.6930 | val_loss=0.6932 | val_mcc=0.0000 | val_f1=0.0000
Epoch 029 | train_loss=0.6931 | val_loss=0.6931 | val_mcc=0.0000 | val_f1=0.0000
Epoch 030 | train_loss=0.6930 | val_loss=0.6931 | val_mcc=0.0000 | val_f1=0.0000
Epoch 031 | train_loss=0.6930 | val_loss=0.6931 | val_mcc=0.0000 | val_f1=0.0000
Epoch 032 | train_loss=0.6930 | val_loss=0.6931 | val_mcc=0.0000 | val_f1=0.0000
Epoch 033 | train_loss=0.6930 | val_loss=0.6931 | val_mcc=0.0000 | val_f1=0.0000
Epoch 034 | train_loss=0.6930 | val_loss=0.6931 | val_mcc=0.0000 | val_f1=0.0000
Epoch 035 | train_loss=0.6930 | val_loss=0.6931 | val_mcc=0.0000 | val_f1=0.0000
Best model saved to: classifier_runs/met_r/cnn_bilstm/20260320_184432/model_best.pt
Finished config: model=cnn_bilstm, conv_layers=3, rnn_layers=1. Run dir: classifier_runs/met_r/cnn_bilstm/20260320_184432

=== Running config: model=cnn_bilstm, conv_layers=3, rnn_layers=2, epochs=35 ===
Epoch 001 | train_loss=0.6395 | val_loss=0.6083 | val_mcc=0.2978 | val_f1=0.4373
Epoch 002 | train_loss=0.5946 | val_loss=0.5952 | val_mcc=0.2792 | val_f1=0.4217
Epoch 003 | train_loss=0.5736 | val_loss=0.5779 | val_mcc=0.3484 | val_f1=0.4648
Epoch 004 | train_loss=0.5451 | val_loss=0.5617 | val_mcc=0.3571 | val_f1=0.4809
Epoch 005 | train_loss=0.5113 | val_loss=0.5506 | val_mcc=0.3737 | val_f1=0.4934
Epoch 006 | train_loss=0.4601 | val_loss=0.5768 | val_mcc=0.3685 | val_f1=0.4888
Epoch 007 | train_loss=0.4055 | val_loss=0.5960 | val_mcc=0.4048 | val_f1=0.5182
Epoch 008 | train_loss=0.3553 | val_loss=0.6083 | val_mcc=0.4084 | val_f1=0.5064
Epoch 009 | train_loss=0.3201 | val_loss=0.7038 | val_mcc=0.4202 | val_f1=0.5271
Epoch 010 | train_loss=0.2794 | val_loss=0.6805 | val_mcc=0.4289 | val_f1=0.5280
Epoch 011 | train_loss=0.2406 | val_loss=0.6987 | val_mcc=0.4178 | val_f1=0.5282
Epoch 012 | train_loss=0.2271 | val_loss=0.7567 | val_mcc=0.4240 | val_f1=0.5325
Epoch 013 | train_loss=0.2057 | val_loss=0.8474 | val_mcc=0.4294 | val_f1=0.5316
Epoch 014 | train_loss=0.1940 | val_loss=0.8160 | val_mcc=0.4242 | val_f1=0.5240
Epoch 015 | train_loss=0.1832 | val_loss=0.9062 | val_mcc=0.4531 | val_f1=0.5474
Epoch 016 | train_loss=0.1672 | val_loss=0.8779 | val_mcc=0.4496 | val_f1=0.5455
Epoch 017 | train_loss=0.1637 | val_loss=0.9300 | val_mcc=0.4594 | val_f1=0.5511
Epoch 018 | train_loss=0.1570 | val_loss=1.1227 | val_mcc=0.4426 | val_f1=0.5311
Epoch 019 | train_loss=0.1450 | val_loss=0.8299 | val_mcc=0.4497 | val_f1=0.5470
Epoch 020 | train_loss=0.1372 | val_loss=1.0981 | val_mcc=0.4537 | val_f1=0.5521
Epoch 021 | train_loss=0.1342 | val_loss=1.0668 | val_mcc=0.4498 | val_f1=0.5373
Epoch 022 | train_loss=0.1267 | val_loss=1.0365 | val_mcc=0.4616 | val_f1=0.5353
Epoch 023 | train_loss=0.1141 | val_loss=0.9621 | val_mcc=0.4487 | val_f1=0.5386
Epoch 024 | train_loss=0.1053 | val_loss=0.9544 | val_mcc=0.4654 | val_f1=0.5550
Epoch 025 | train_loss=0.1185 | val_loss=1.3784 | val_mcc=0.4628 | val_f1=0.5460
Epoch 026 | train_loss=0.1091 | val_loss=1.2597 | val_mcc=0.4529 | val_f1=0.5318
Epoch 027 | train_loss=0.0973 | val_loss=0.9680 | val_mcc=0.4588 | val_f1=0.5442
Epoch 028 | train_loss=0.0958 | val_loss=1.3467 | val_mcc=0.4587 | val_f1=0.5433
Epoch 029 | train_loss=0.0939 | val_loss=1.1719 | val_mcc=0.4567 | val_f1=0.5527
Epoch 030 | train_loss=0.0902 | val_loss=1.3728 | val_mcc=0.4450 | val_f1=0.5237
Epoch 031 | train_loss=0.0938 | val_loss=1.4383 | val_mcc=0.4477 | val_f1=0.5381
Epoch 032 | train_loss=0.0829 | val_loss=1.5276 | val_mcc=0.4715 | val_f1=0.5557
Epoch 033 | train_loss=0.0875 | val_loss=1.3062 | val_mcc=0.4671 | val_f1=0.5499
Epoch 034 | train_loss=0.0808 | val_loss=1.3224 | val_mcc=0.4614 | val_f1=0.5531
Epoch 035 | train_loss=0.0813 | val_loss=1.8579 | val_mcc=0.4551 | val_f1=0.5322
Best model saved to: classifier_runs/met_r/cnn_bilstm/20260320_191456/model_best.pt
Finished config: model=cnn_bilstm, conv_layers=3, rnn_layers=2. Run dir: classifier_runs/met_r/cnn_bilstm/20260320_191456

=== Running config: model=cnn_bilstm, conv_layers=3, rnn_layers=3, epochs=35 ===
Epoch 001 | train_loss=0.6991 | val_loss=0.6931 | val_mcc=0.0000 | val_f1=0.0000
Epoch 002 | train_loss=0.6930 | val_loss=0.6931 | val_mcc=0.0000 | val_f1=0.0000
Epoch 003 | train_loss=0.6930 | val_loss=0.6931 | val_mcc=0.0000 | val_f1=0.0000
Epoch 004 | train_loss=0.6930 | val_loss=0.6931 | val_mcc=0.0000 | val_f1=0.0000
Epoch 005 | train_loss=0.6930 | val_loss=0.6932 | val_mcc=0.0000 | val_f1=0.0000
Epoch 006 | train_loss=0.6931 | val_loss=0.6931 | val_mcc=0.0000 | val_f1=0.0000
Epoch 007 | train_loss=0.6930 | val_loss=0.6931 | val_mcc=0.0000 | val_f1=0.0000
Epoch 008 | train_loss=0.6930 | val_loss=0.6931 | val_mcc=0.0000 | val_f1=0.0000
Epoch 009 | train_loss=0.6931 | val_loss=0.6931 | val_mcc=0.0000 | val_f1=0.0000
Epoch 010 | train_loss=0.6930 | val_loss=0.6931 | val_mcc=0.0000 | val_f1=0.0000
Epoch 011 | train_loss=0.6931 | val_loss=0.6931 | val_mcc=0.0000 | val_f1=0.0000
Epoch 012 | train_loss=0.6931 | val_loss=0.6931 | val_mcc=0.0000 | val_f1=0.0000
Epoch 013 | train_loss=0.6940 | val_loss=0.6935 | val_mcc=0.0000 | val_f1=0.0000
Epoch 014 | train_loss=0.6931 | val_loss=0.6931 | val_mcc=0.0000 | val_f1=0.0000
Epoch 015 | train_loss=0.6930 | val_loss=0.6931 | val_mcc=0.0000 | val_f1=0.0000
Epoch 016 | train_loss=0.6930 | val_loss=0.6931 | val_mcc=0.0000 | val_f1=0.0000
Epoch 017 | train_loss=0.6930 | val_loss=0.6931 | val_mcc=0.0000 | val_f1=0.0000
Epoch 018 | train_loss=0.6930 | val_loss=0.6931 | val_mcc=0.0000 | val_f1=0.0000
Epoch 019 | train_loss=0.6931 | val_loss=0.6931 | val_mcc=0.0000 | val_f1=0.0000
Epoch 020 | train_loss=0.6931 | val_loss=0.6931 | val_mcc=0.0000 | val_f1=0.0000
Epoch 021 | train_loss=0.6930 | val_loss=0.6931 | val_mcc=0.0000 | val_f1=0.0000
Epoch 022 | train_loss=0.6931 | val_loss=0.6931 | val_mcc=0.0000 | val_f1=0.0000
Epoch 023 | train_loss=0.6931 | val_loss=0.6931 | val_mcc=0.0000 | val_f1=0.0000
Epoch 024 | train_loss=0.6930 | val_loss=0.6932 | val_mcc=0.0000 | val_f1=0.0000
Epoch 025 | train_loss=0.6930 | val_loss=0.6931 | val_mcc=0.0000 | val_f1=0.0000
Epoch 026 | train_loss=0.6930 | val_loss=0.6931 | val_mcc=0.0000 | val_f1=0.0000
Epoch 027 | train_loss=0.6930 | val_loss=0.6931 | val_mcc=0.0000 | val_f1=0.0000
Epoch 028 | train_loss=0.6931 | val_loss=0.6931 | val_mcc=0.0000 | val_f1=0.0000
Epoch 029 | train_loss=0.6930 | val_loss=0.6931 | val_mcc=0.0000 | val_f1=0.0000
Epoch 030 | train_loss=0.6930 | val_loss=0.6932 | val_mcc=0.0000 | val_f1=0.0000
Epoch 031 | train_loss=0.6931 | val_loss=0.6931 | val_mcc=0.0000 | val_f1=0.0000
Epoch 032 | train_loss=0.6930 | val_loss=0.6931 | val_mcc=0.0000 | val_f1=0.0000
Epoch 033 | train_loss=0.6930 | val_loss=0.6931 | val_mcc=0.0000 | val_f1=0.0000
Epoch 034 | train_loss=0.6931 | val_loss=0.6931 | val_mcc=0.0000 | val_f1=0.0000
Epoch 035 | train_loss=0.6931 | val_loss=0.6932 | val_mcc=0.0000 | val_f1=0.0000
Best model saved to: classifier_runs/met_r/cnn_bilstm/20260320_194456/model_best.pt
Finished config: model=cnn_bilstm, conv_layers=3, rnn_layers=3. Run dir: classifier_runs/met_r/cnn_bilstm/20260320_194456
=========================================
Finished at : Fri Mar 20 08:14:24 PM EDT 2026
=========================================
