=========================================
Job ID          : 21101499
Node            : skl-a-45
PTM type        : phos_y
Model types     : cnn_gru cnn_bilstm
Conv layers list: 1 2 3
RNN layers list : 1 2 3
Started at      : Fri Mar 20 11:15:49 PM EDT 2026
=========================================
===== Starting hyperparameter search for PTM_TYPE=phos_y =====

=== Running config: model=cnn_gru, conv_layers=1, rnn_layers=1, epochs=35 ===
Epoch 001 | train_loss=0.5999 | val_loss=0.5777 | val_mcc=0.3072 | val_f1=0.4396
Epoch 002 | train_loss=0.5400 | val_loss=0.5468 | val_mcc=0.3639 | val_f1=0.4873
Epoch 003 | train_loss=0.4868 | val_loss=0.5378 | val_mcc=0.3736 | val_f1=0.4935
Epoch 004 | train_loss=0.4238 | val_loss=0.5243 | val_mcc=0.3844 | val_f1=0.5022
Epoch 005 | train_loss=0.3544 | val_loss=0.5787 | val_mcc=0.3906 | val_f1=0.5088
Epoch 006 | train_loss=0.2891 | val_loss=0.7961 | val_mcc=0.4108 | val_f1=0.5254
Epoch 007 | train_loss=0.2333 | val_loss=0.6697 | val_mcc=0.4020 | val_f1=0.5184
Epoch 008 | train_loss=0.1937 | val_loss=0.8583 | val_mcc=0.4254 | val_f1=0.5363
Epoch 009 | train_loss=0.1632 | val_loss=0.9578 | val_mcc=0.3984 | val_f1=0.5157
Epoch 010 | train_loss=0.1475 | val_loss=1.0190 | val_mcc=0.4286 | val_f1=0.5376
Epoch 011 | train_loss=0.1296 | val_loss=1.1158 | val_mcc=0.4363 | val_f1=0.5390
Epoch 012 | train_loss=0.1183 | val_loss=1.1078 | val_mcc=0.4193 | val_f1=0.5264
Epoch 013 | train_loss=0.1109 | val_loss=1.1755 | val_mcc=0.4310 | val_f1=0.5361
Epoch 014 | train_loss=0.0985 | val_loss=1.3642 | val_mcc=0.4403 | val_f1=0.5410
Epoch 015 | train_loss=0.0943 | val_loss=1.2044 | val_mcc=0.4213 | val_f1=0.5320
Epoch 016 | train_loss=0.0912 | val_loss=1.3626 | val_mcc=0.4083 | val_f1=0.5144
Epoch 017 | train_loss=0.0826 | val_loss=1.2509 | val_mcc=0.4167 | val_f1=0.5228
Epoch 018 | train_loss=0.0781 | val_loss=1.7717 | val_mcc=0.4294 | val_f1=0.5146
Epoch 019 | train_loss=0.0771 | val_loss=1.5583 | val_mcc=0.4398 | val_f1=0.5318
Epoch 020 | train_loss=0.0753 | val_loss=1.4688 | val_mcc=0.4383 | val_f1=0.5433
Epoch 021 | train_loss=0.0723 | val_loss=1.4344 | val_mcc=0.4401 | val_f1=0.5435
Epoch 022 | train_loss=0.0704 | val_loss=1.3146 | val_mcc=0.4182 | val_f1=0.5301
Epoch 023 | train_loss=0.0728 | val_loss=1.3377 | val_mcc=0.4324 | val_f1=0.5394
Epoch 024 | train_loss=0.0671 | val_loss=1.6286 | val_mcc=0.4409 | val_f1=0.5346
Epoch 025 | train_loss=0.0629 | val_loss=1.2582 | val_mcc=0.4211 | val_f1=0.5327
Epoch 026 | train_loss=0.0614 | val_loss=1.8212 | val_mcc=0.4272 | val_f1=0.5162
Epoch 027 | train_loss=0.0636 | val_loss=1.2993 | val_mcc=0.4251 | val_f1=0.5358
Epoch 028 | train_loss=0.0585 | val_loss=1.8712 | val_mcc=0.4253 | val_f1=0.5181
Epoch 029 | train_loss=0.0592 | val_loss=1.3796 | val_mcc=0.4272 | val_f1=0.5324
Epoch 030 | train_loss=0.0567 | val_loss=1.2670 | val_mcc=0.4024 | val_f1=0.5189
Epoch 031 | train_loss=0.0541 | val_loss=1.6537 | val_mcc=0.4336 | val_f1=0.5337
Epoch 032 | train_loss=0.0541 | val_loss=1.3703 | val_mcc=0.4147 | val_f1=0.5277
Epoch 033 | train_loss=0.0541 | val_loss=1.3074 | val_mcc=0.4253 | val_f1=0.5350
Epoch 034 | train_loss=0.0484 | val_loss=1.4845 | val_mcc=0.4233 | val_f1=0.5214
Epoch 035 | train_loss=0.0523 | val_loss=1.3670 | val_mcc=0.4083 | val_f1=0.5206
Best model saved to: classifier_runs/phos_y/cnn_gru/20260320_232106/model_best.pt
Finished config: model=cnn_gru, conv_layers=1, rnn_layers=1. Run dir: classifier_runs/phos_y/cnn_gru/20260320_232106

=== Running config: model=cnn_gru, conv_layers=1, rnn_layers=2, epochs=35 ===
Epoch 001 | train_loss=0.6157 | val_loss=0.5856 | val_mcc=0.2938 | val_f1=0.4346
Epoch 002 | train_loss=0.5627 | val_loss=0.5588 | val_mcc=0.3384 | val_f1=0.4678
Epoch 003 | train_loss=0.5141 | val_loss=0.5437 | val_mcc=0.3717 | val_f1=0.4956
Epoch 004 | train_loss=0.4525 | val_loss=0.6202 | val_mcc=0.3607 | val_f1=0.4849
Epoch 005 | train_loss=0.3777 | val_loss=0.5671 | val_mcc=0.3886 | val_f1=0.5071
Epoch 006 | train_loss=0.3042 | val_loss=0.7396 | val_mcc=0.3789 | val_f1=0.5009
Epoch 007 | train_loss=0.2393 | val_loss=0.8172 | val_mcc=0.3910 | val_f1=0.5100
Epoch 008 | train_loss=0.1944 | val_loss=1.0390 | val_mcc=0.4024 | val_f1=0.5164
Epoch 009 | train_loss=0.1680 | val_loss=1.0380 | val_mcc=0.4082 | val_f1=0.5229
Epoch 010 | train_loss=0.1432 | val_loss=1.0408 | val_mcc=0.4065 | val_f1=0.5201
Epoch 011 | train_loss=0.1233 | val_loss=1.0744 | val_mcc=0.4209 | val_f1=0.5222
Epoch 012 | train_loss=0.1139 | val_loss=0.9766 | val_mcc=0.3973 | val_f1=0.5140
Epoch 013 | train_loss=0.1036 | val_loss=1.3250 | val_mcc=0.4346 | val_f1=0.5391
Epoch 014 | train_loss=0.0937 | val_loss=1.2264 | val_mcc=0.4145 | val_f1=0.5140
Epoch 015 | train_loss=0.0930 | val_loss=1.2965 | val_mcc=0.4110 | val_f1=0.5240
Epoch 016 | train_loss=0.0875 | val_loss=1.2829 | val_mcc=0.4173 | val_f1=0.5267
Epoch 017 | train_loss=0.0878 | val_loss=1.6597 | val_mcc=0.4225 | val_f1=0.5292
Epoch 018 | train_loss=0.0772 | val_loss=1.1676 | val_mcc=0.4240 | val_f1=0.5265
Epoch 019 | train_loss=0.0753 | val_loss=1.1464 | val_mcc=0.4170 | val_f1=0.5294
Epoch 020 | train_loss=0.0733 | val_loss=1.3946 | val_mcc=0.3984 | val_f1=0.5108
Epoch 021 | train_loss=0.0681 | val_loss=1.2992 | val_mcc=0.4105 | val_f1=0.5210
Epoch 022 | train_loss=0.0653 | val_loss=1.2838 | val_mcc=0.4045 | val_f1=0.5166
Epoch 023 | train_loss=0.0650 | val_loss=1.2503 | val_mcc=0.4031 | val_f1=0.5173
Epoch 024 | train_loss=0.0654 | val_loss=1.6666 | val_mcc=0.4221 | val_f1=0.5235
Epoch 025 | train_loss=0.0642 | val_loss=1.6135 | val_mcc=0.4263 | val_f1=0.5325
Epoch 026 | train_loss=0.0603 | val_loss=1.7647 | val_mcc=0.4284 | val_f1=0.5305
Epoch 027 | train_loss=0.0602 | val_loss=1.3243 | val_mcc=0.4235 | val_f1=0.5260
Epoch 028 | train_loss=0.0577 | val_loss=1.5985 | val_mcc=0.4222 | val_f1=0.5274
Epoch 029 | train_loss=0.0579 | val_loss=1.5531 | val_mcc=0.4192 | val_f1=0.5197
Epoch 030 | train_loss=0.0591 | val_loss=1.3486 | val_mcc=0.4120 | val_f1=0.5179
Epoch 031 | train_loss=0.0568 | val_loss=1.5197 | val_mcc=0.4128 | val_f1=0.5196
Epoch 032 | train_loss=0.0527 | val_loss=1.5353 | val_mcc=0.4198 | val_f1=0.5271
Epoch 033 | train_loss=0.0505 | val_loss=1.9616 | val_mcc=0.4243 | val_f1=0.5196
Epoch 034 | train_loss=0.0521 | val_loss=1.4275 | val_mcc=0.4251 | val_f1=0.5284
Epoch 035 | train_loss=0.0525 | val_loss=1.6090 | val_mcc=0.4211 | val_f1=0.5204
Best model saved to: classifier_runs/phos_y/cnn_gru/20260320_235900/model_best.pt
Finished config: model=cnn_gru, conv_layers=1, rnn_layers=2. Run dir: classifier_runs/phos_y/cnn_gru/20260320_235900

=== Running config: model=cnn_gru, conv_layers=1, rnn_layers=3, epochs=35 ===
Epoch 001 | train_loss=0.6234 | val_loss=0.6051 | val_mcc=0.2475 | val_f1=0.3943
Epoch 002 | train_loss=0.5801 | val_loss=0.5913 | val_mcc=0.3213 | val_f1=0.4521
Epoch 003 | train_loss=0.5514 | val_loss=0.5887 | val_mcc=0.3413 | val_f1=0.4722
Epoch 004 | train_loss=0.5061 | val_loss=0.5586 | val_mcc=0.3584 | val_f1=0.4826
Epoch 005 | train_loss=0.4492 | val_loss=0.5411 | val_mcc=0.3794 | val_f1=0.5011
Epoch 006 | train_loss=0.3880 | val_loss=0.6554 | val_mcc=0.3782 | val_f1=0.5002
Epoch 007 | train_loss=0.3232 | val_loss=0.5806 | val_mcc=0.3924 | val_f1=0.5087
Epoch 008 | train_loss=0.2620 | val_loss=0.7456 | val_mcc=0.3934 | val_f1=0.5115
Epoch 009 | train_loss=0.2158 | val_loss=0.7908 | val_mcc=0.3919 | val_f1=0.5085
Epoch 010 | train_loss=0.1839 | val_loss=0.9688 | val_mcc=0.3959 | val_f1=0.5131
Epoch 011 | train_loss=0.1655 | val_loss=0.9968 | val_mcc=0.3795 | val_f1=0.5015
Epoch 012 | train_loss=0.1446 | val_loss=1.0769 | val_mcc=0.4006 | val_f1=0.5164
Epoch 013 | train_loss=0.1307 | val_loss=1.0800 | val_mcc=0.4049 | val_f1=0.5203
Epoch 014 | train_loss=0.1194 | val_loss=0.8328 | val_mcc=0.3991 | val_f1=0.5164
Epoch 015 | train_loss=0.1111 | val_loss=0.9937 | val_mcc=0.4046 | val_f1=0.5128
Epoch 016 | train_loss=0.1070 | val_loss=1.0657 | val_mcc=0.4004 | val_f1=0.5160
Epoch 017 | train_loss=0.1005 | val_loss=1.0653 | val_mcc=0.4090 | val_f1=0.5222
Epoch 018 | train_loss=0.0986 | val_loss=0.9016 | val_mcc=0.4019 | val_f1=0.5167
Epoch 019 | train_loss=0.0934 | val_loss=1.6086 | val_mcc=0.4021 | val_f1=0.4988
Epoch 020 | train_loss=0.0913 | val_loss=1.2521 | val_mcc=0.4109 | val_f1=0.5244
Epoch 021 | train_loss=0.0817 | val_loss=1.0503 | val_mcc=0.4012 | val_f1=0.5080
Epoch 022 | train_loss=0.0785 | val_loss=1.2928 | val_mcc=0.4170 | val_f1=0.5176
Epoch 023 | train_loss=0.0799 | val_loss=1.9805 | val_mcc=0.3774 | val_f1=0.4834
Epoch 024 | train_loss=0.0809 | val_loss=1.2114 | val_mcc=0.3776 | val_f1=0.4970
Epoch 025 | train_loss=0.0759 | val_loss=1.4698 | val_mcc=0.4012 | val_f1=0.5115
Epoch 026 | train_loss=0.0751 | val_loss=1.5433 | val_mcc=0.4002 | val_f1=0.5140
Epoch 027 | train_loss=0.0697 | val_loss=1.5302 | val_mcc=0.4118 | val_f1=0.5217
Epoch 028 | train_loss=0.0710 | val_loss=1.5840 | val_mcc=0.4034 | val_f1=0.5010
Epoch 029 | train_loss=0.0684 | val_loss=1.5682 | val_mcc=0.4320 | val_f1=0.5273
Epoch 030 | train_loss=0.0664 | val_loss=1.3336 | val_mcc=0.4129 | val_f1=0.5263
Epoch 031 | train_loss=0.0641 | val_loss=1.3303 | val_mcc=0.4043 | val_f1=0.5098
Epoch 032 | train_loss=0.0667 | val_loss=1.2286 | val_mcc=0.3895 | val_f1=0.5077
Epoch 033 | train_loss=0.0703 | val_loss=1.2054 | val_mcc=0.4047 | val_f1=0.5094
Epoch 034 | train_loss=0.0605 | val_loss=1.5766 | val_mcc=0.3944 | val_f1=0.5051
Epoch 035 | train_loss=0.0658 | val_loss=1.1662 | val_mcc=0.4057 | val_f1=0.5213
Best model saved to: classifier_runs/phos_y/cnn_gru/20260321_003559/model_best.pt
Finished config: model=cnn_gru, conv_layers=1, rnn_layers=3. Run dir: classifier_runs/phos_y/cnn_gru/20260321_003559

=== Running config: model=cnn_gru, conv_layers=2, rnn_layers=1, epochs=35 ===
Epoch 001 | train_loss=0.6471 | val_loss=0.5949 | val_mcc=0.2934 | val_f1=0.4369
Epoch 002 | train_loss=0.5776 | val_loss=0.5657 | val_mcc=0.3282 | val_f1=0.4555
Epoch 003 | train_loss=0.5302 | val_loss=0.5616 | val_mcc=0.3506 | val_f1=0.4728
Epoch 004 | train_loss=0.4777 | val_loss=0.5523 | val_mcc=0.3400 | val_f1=0.4638
Epoch 005 | train_loss=0.4100 | val_loss=0.5847 | val_mcc=0.3878 | val_f1=0.5078
Epoch 006 | train_loss=0.3456 | val_loss=0.6297 | val_mcc=0.3830 | val_f1=0.5037
Epoch 007 | train_loss=0.2847 | val_loss=0.7375 | val_mcc=0.3835 | val_f1=0.5045
Epoch 008 | train_loss=0.2345 | val_loss=0.8316 | val_mcc=0.4003 | val_f1=0.5166
Epoch 009 | train_loss=0.2072 | val_loss=0.9078 | val_mcc=0.4004 | val_f1=0.5126
Epoch 010 | train_loss=0.1786 | val_loss=0.9535 | val_mcc=0.3880 | val_f1=0.5009
Epoch 011 | train_loss=0.1610 | val_loss=0.8768 | val_mcc=0.3912 | val_f1=0.5062
Epoch 012 | train_loss=0.1410 | val_loss=0.9447 | val_mcc=0.4107 | val_f1=0.5138
Epoch 013 | train_loss=0.1323 | val_loss=0.8496 | val_mcc=0.4020 | val_f1=0.5137
Epoch 014 | train_loss=0.1237 | val_loss=1.2183 | val_mcc=0.4204 | val_f1=0.5278
Epoch 015 | train_loss=0.1117 | val_loss=1.3032 | val_mcc=0.4200 | val_f1=0.5182
Epoch 016 | train_loss=0.1075 | val_loss=1.1660 | val_mcc=0.4092 | val_f1=0.5208
Epoch 017 | train_loss=0.1028 | val_loss=1.5456 | val_mcc=0.4122 | val_f1=0.4961
Epoch 018 | train_loss=0.0988 | val_loss=1.4194 | val_mcc=0.3961 | val_f1=0.4966
Epoch 019 | train_loss=0.0901 | val_loss=1.2695 | val_mcc=0.4093 | val_f1=0.5155
Epoch 020 | train_loss=0.0884 | val_loss=1.6970 | val_mcc=0.3925 | val_f1=0.4825
Epoch 021 | train_loss=0.0866 | val_loss=1.1895 | val_mcc=0.4092 | val_f1=0.5121
Epoch 022 | train_loss=0.0851 | val_loss=1.4330 | val_mcc=0.4075 | val_f1=0.5080
Epoch 023 | train_loss=0.0843 | val_loss=1.3869 | val_mcc=0.4035 | val_f1=0.5062
Epoch 024 | train_loss=0.0766 | val_loss=1.3526 | val_mcc=0.4085 | val_f1=0.5041
Epoch 025 | train_loss=0.0735 | val_loss=1.6167 | val_mcc=0.4204 | val_f1=0.5106
Epoch 026 | train_loss=0.0729 | val_loss=1.5263 | val_mcc=0.4041 | val_f1=0.5125
Epoch 027 | train_loss=0.0704 | val_loss=1.2825 | val_mcc=0.3944 | val_f1=0.4899
Epoch 028 | train_loss=0.0690 | val_loss=1.4640 | val_mcc=0.3968 | val_f1=0.5062
Epoch 029 | train_loss=0.0686 | val_loss=1.7367 | val_mcc=0.4131 | val_f1=0.5042
Epoch 030 | train_loss=0.0684 | val_loss=1.5579 | val_mcc=0.4072 | val_f1=0.4991
Epoch 031 | train_loss=0.0644 | val_loss=1.3728 | val_mcc=0.4084 | val_f1=0.5060
Epoch 032 | train_loss=0.0637 | val_loss=1.5806 | val_mcc=0.3996 | val_f1=0.4892
Epoch 033 | train_loss=0.0638 | val_loss=1.3381 | val_mcc=0.4139 | val_f1=0.5025
Epoch 034 | train_loss=0.0605 | val_loss=1.4021 | val_mcc=0.3962 | val_f1=0.4993
Epoch 035 | train_loss=0.0598 | val_loss=1.4644 | val_mcc=0.4078 | val_f1=0.5063
Best model saved to: classifier_runs/phos_y/cnn_gru/20260321_011115/model_best.pt
Finished config: model=cnn_gru, conv_layers=2, rnn_layers=1. Run dir: classifier_runs/phos_y/cnn_gru/20260321_011115

=== Running config: model=cnn_gru, conv_layers=2, rnn_layers=2, epochs=35 ===
Epoch 001 | train_loss=0.6369 | val_loss=0.5959 | val_mcc=0.3054 | val_f1=0.4458
Epoch 002 | train_loss=0.5797 | val_loss=0.5789 | val_mcc=0.3194 | val_f1=0.4539
Epoch 003 | train_loss=0.5522 | val_loss=0.5649 | val_mcc=0.3538 | val_f1=0.4820
Epoch 004 | train_loss=0.5217 | val_loss=0.6127 | val_mcc=0.3757 | val_f1=0.4913
Epoch 005 | train_loss=0.4834 | val_loss=0.5523 | val_mcc=0.3519 | val_f1=0.4801
Epoch 006 | train_loss=0.4318 | val_loss=0.5750 | val_mcc=0.3880 | val_f1=0.5078
Epoch 007 | train_loss=0.3747 | val_loss=0.6149 | val_mcc=0.3940 | val_f1=0.5113
Epoch 008 | train_loss=0.3134 | val_loss=0.6071 | val_mcc=0.3916 | val_f1=0.5105
Epoch 009 | train_loss=0.2633 | val_loss=0.7330 | val_mcc=0.3992 | val_f1=0.5135
Epoch 010 | train_loss=0.2194 | val_loss=0.7689 | val_mcc=0.3985 | val_f1=0.5148
Epoch 011 | train_loss=0.1797 | val_loss=1.1035 | val_mcc=0.4041 | val_f1=0.5009
Epoch 012 | train_loss=0.1654 | val_loss=1.1467 | val_mcc=0.4178 | val_f1=0.5142
Epoch 013 | train_loss=0.1486 | val_loss=1.0126 | val_mcc=0.4268 | val_f1=0.5245
Epoch 014 | train_loss=0.1363 | val_loss=1.0510 | val_mcc=0.4131 | val_f1=0.5054
Epoch 015 | train_loss=0.1192 | val_loss=1.1850 | val_mcc=0.4194 | val_f1=0.5216
Epoch 016 | train_loss=0.1220 | val_loss=1.0370 | val_mcc=0.4159 | val_f1=0.5087
Epoch 017 | train_loss=0.1073 | val_loss=1.1268 | val_mcc=0.4220 | val_f1=0.5270
Epoch 018 | train_loss=0.1053 | val_loss=1.2554 | val_mcc=0.4198 | val_f1=0.5118
Epoch 019 | train_loss=0.1005 | val_loss=1.1664 | val_mcc=0.4169 | val_f1=0.5271
Epoch 020 | train_loss=0.1032 | val_loss=1.4206 | val_mcc=0.4129 | val_f1=0.5025
Epoch 021 | train_loss=0.0938 | val_loss=1.2555 | val_mcc=0.4206 | val_f1=0.5172
Epoch 022 | train_loss=0.0937 | val_loss=1.2750 | val_mcc=0.4185 | val_f1=0.5252
Epoch 023 | train_loss=0.0903 | val_loss=1.2491 | val_mcc=0.4178 | val_f1=0.5198
Epoch 024 | train_loss=0.0838 | val_loss=1.2968 | val_mcc=0.4299 | val_f1=0.5127
Epoch 025 | train_loss=0.0862 | val_loss=1.6209 | val_mcc=0.4121 | val_f1=0.5018
Epoch 026 | train_loss=0.0833 | val_loss=1.3136 | val_mcc=0.4148 | val_f1=0.5199
Epoch 027 | train_loss=0.0792 | val_loss=1.0629 | val_mcc=0.4066 | val_f1=0.5209
Epoch 028 | train_loss=0.0816 | val_loss=1.4762 | val_mcc=0.4148 | val_f1=0.4970
Epoch 029 | train_loss=0.0738 | val_loss=1.3017 | val_mcc=0.4110 | val_f1=0.5225
Epoch 030 | train_loss=0.0753 | val_loss=1.2304 | val_mcc=0.4073 | val_f1=0.4973
Epoch 031 | train_loss=0.0710 | val_loss=1.5498 | val_mcc=0.4182 | val_f1=0.5006
Epoch 032 | train_loss=0.0743 | val_loss=1.4412 | val_mcc=0.4046 | val_f1=0.5082
Epoch 033 | train_loss=0.0780 | val_loss=1.2370 | val_mcc=0.4134 | val_f1=0.5140
Epoch 034 | train_loss=0.0689 | val_loss=1.3943 | val_mcc=0.4264 | val_f1=0.5245
Epoch 035 | train_loss=0.0651 | val_loss=1.2617 | val_mcc=0.4200 | val_f1=0.5276
Best model saved to: classifier_runs/phos_y/cnn_gru/20260321_014355/model_best.pt
Finished config: model=cnn_gru, conv_layers=2, rnn_layers=2. Run dir: classifier_runs/phos_y/cnn_gru/20260321_014355

=== Running config: model=cnn_gru, conv_layers=2, rnn_layers=3, epochs=35 ===
Epoch 001 | train_loss=0.6418 | val_loss=0.6085 | val_mcc=0.2765 | val_f1=0.4255
Epoch 002 | train_loss=0.5949 | val_loss=0.5942 | val_mcc=0.3063 | val_f1=0.4472
Epoch 003 | train_loss=0.5862 | val_loss=0.6294 | val_mcc=0.2065 | val_f1=0.3610
Epoch 004 | train_loss=0.5697 | val_loss=0.5822 | val_mcc=0.3188 | val_f1=0.4553
Epoch 005 | train_loss=0.5478 | val_loss=0.5688 | val_mcc=0.3252 | val_f1=0.4585
Epoch 006 | train_loss=0.5264 | val_loss=0.5755 | val_mcc=0.3564 | val_f1=0.4823
Epoch 007 | train_loss=0.4995 | val_loss=0.5592 | val_mcc=0.3500 | val_f1=0.4771
Epoch 008 | train_loss=0.4632 | val_loss=0.6233 | val_mcc=0.3724 | val_f1=0.4958
Epoch 009 | train_loss=0.4306 | val_loss=0.5596 | val_mcc=0.3621 | val_f1=0.4874
Epoch 010 | train_loss=0.3889 | val_loss=0.5821 | val_mcc=0.3552 | val_f1=0.4795
Epoch 011 | train_loss=0.3437 | val_loss=0.6315 | val_mcc=0.3704 | val_f1=0.4947
Epoch 012 | train_loss=0.3108 | val_loss=0.6646 | val_mcc=0.3692 | val_f1=0.4924
Epoch 013 | train_loss=0.2707 | val_loss=0.8252 | val_mcc=0.3734 | val_f1=0.4968
Epoch 014 | train_loss=0.2375 | val_loss=0.7452 | val_mcc=0.3723 | val_f1=0.4941
Epoch 015 | train_loss=0.2095 | val_loss=0.9338 | val_mcc=0.3828 | val_f1=0.5038
Epoch 016 | train_loss=0.1938 | val_loss=0.8183 | val_mcc=0.3699 | val_f1=0.4943
Epoch 017 | train_loss=0.1744 | val_loss=0.9161 | val_mcc=0.3715 | val_f1=0.4952
Epoch 018 | train_loss=0.1668 | val_loss=0.8766 | val_mcc=0.3538 | val_f1=0.4810
Epoch 019 | train_loss=0.1428 | val_loss=0.9310 | val_mcc=0.3925 | val_f1=0.5090
Epoch 020 | train_loss=0.1355 | val_loss=0.9685 | val_mcc=0.3747 | val_f1=0.4977
Epoch 021 | train_loss=0.1256 | val_loss=1.1515 | val_mcc=0.3781 | val_f1=0.4985
Epoch 022 | train_loss=0.1193 | val_loss=1.0756 | val_mcc=0.3809 | val_f1=0.4945
Epoch 023 | train_loss=0.1120 | val_loss=1.0484 | val_mcc=0.3892 | val_f1=0.5024
Epoch 024 | train_loss=0.1143 | val_loss=0.9455 | val_mcc=0.3887 | val_f1=0.5071
Epoch 025 | train_loss=0.1007 | val_loss=0.9201 | val_mcc=0.3838 | val_f1=0.5033
Epoch 026 | train_loss=0.1012 | val_loss=1.1616 | val_mcc=0.3698 | val_f1=0.4898
Epoch 027 | train_loss=0.0965 | val_loss=1.5483 | val_mcc=0.3971 | val_f1=0.5119
Epoch 028 | train_loss=0.0913 | val_loss=1.0622 | val_mcc=0.3729 | val_f1=0.4965
Epoch 029 | train_loss=0.0981 | val_loss=1.1555 | val_mcc=0.3599 | val_f1=0.4857
Epoch 030 | train_loss=0.0966 | val_loss=1.0166 | val_mcc=0.3965 | val_f1=0.5123
Epoch 031 | train_loss=0.0923 | val_loss=1.2119 | val_mcc=0.4056 | val_f1=0.5205
Epoch 032 | train_loss=0.0815 | val_loss=1.1059 | val_mcc=0.3430 | val_f1=0.4734
Epoch 033 | train_loss=0.0872 | val_loss=1.3127 | val_mcc=0.3950 | val_f1=0.5075
Epoch 034 | train_loss=0.0833 | val_loss=1.0572 | val_mcc=0.3410 | val_f1=0.4723
Epoch 035 | train_loss=0.0837 | val_loss=1.4669 | val_mcc=0.3958 | val_f1=0.5093
Best model saved to: classifier_runs/phos_y/cnn_gru/20260321_021725/model_best.pt
Finished config: model=cnn_gru, conv_layers=2, rnn_layers=3. Run dir: classifier_runs/phos_y/cnn_gru/20260321_021725

=== Running config: model=cnn_gru, conv_layers=3, rnn_layers=1, epochs=35 ===
Epoch 001 | train_loss=0.6194 | val_loss=0.6083 | val_mcc=0.3072 | val_f1=0.4332
Epoch 002 | train_loss=0.5687 | val_loss=0.5696 | val_mcc=0.3252 | val_f1=0.4584
Epoch 003 | train_loss=0.5175 | val_loss=0.5729 | val_mcc=0.3745 | val_f1=0.4977
Epoch 004 | train_loss=0.4616 | val_loss=0.5419 | val_mcc=0.3711 | val_f1=0.4940
Epoch 005 | train_loss=0.3917 | val_loss=0.5441 | val_mcc=0.3827 | val_f1=0.4995
Epoch 006 | train_loss=0.3212 | val_loss=0.6109 | val_mcc=0.4065 | val_f1=0.5217
Epoch 007 | train_loss=0.2655 | val_loss=0.6717 | val_mcc=0.3985 | val_f1=0.5159
Epoch 008 | train_loss=0.2185 | val_loss=0.8197 | val_mcc=0.4226 | val_f1=0.5250
Epoch 009 | train_loss=0.1877 | val_loss=0.8172 | val_mcc=0.4154 | val_f1=0.5272
Epoch 010 | train_loss=0.1597 | val_loss=0.8006 | val_mcc=0.4457 | val_f1=0.5499
Epoch 011 | train_loss=0.1426 | val_loss=0.9035 | val_mcc=0.4271 | val_f1=0.5350
Epoch 012 | train_loss=0.1338 | val_loss=1.2973 | val_mcc=0.4080 | val_f1=0.5040
Epoch 013 | train_loss=0.1223 | val_loss=1.2696 | val_mcc=0.4250 | val_f1=0.5184
Epoch 014 | train_loss=0.1096 | val_loss=1.1905 | val_mcc=0.4371 | val_f1=0.5390
Epoch 015 | train_loss=0.1080 | val_loss=1.5272 | val_mcc=0.4117 | val_f1=0.4993
Epoch 016 | train_loss=0.0981 | val_loss=1.1151 | val_mcc=0.4174 | val_f1=0.5266
Epoch 017 | train_loss=0.0949 | val_loss=0.9293 | val_mcc=0.4119 | val_f1=0.5261
Epoch 018 | train_loss=0.0959 | val_loss=1.0763 | val_mcc=0.4399 | val_f1=0.5433
Epoch 019 | train_loss=0.0864 | val_loss=1.4319 | val_mcc=0.4412 | val_f1=0.5330
Epoch 020 | train_loss=0.0834 | val_loss=1.4811 | val_mcc=0.4439 | val_f1=0.5329
Epoch 021 | train_loss=0.0838 | val_loss=0.9176 | val_mcc=0.4308 | val_f1=0.5349
Epoch 022 | train_loss=0.0788 | val_loss=1.5190 | val_mcc=0.4402 | val_f1=0.5415
Epoch 023 | train_loss=0.0824 | val_loss=1.4524 | val_mcc=0.4273 | val_f1=0.5183
Epoch 024 | train_loss=0.0724 | val_loss=1.4361 | val_mcc=0.4411 | val_f1=0.5405
Epoch 025 | train_loss=0.0697 | val_loss=1.1572 | val_mcc=0.4352 | val_f1=0.5300
Epoch 026 | train_loss=0.0718 | val_loss=1.3667 | val_mcc=0.4275 | val_f1=0.5210
Epoch 027 | train_loss=0.0645 | val_loss=1.6489 | val_mcc=0.4393 | val_f1=0.5315
Epoch 028 | train_loss=0.0693 | val_loss=1.3642 | val_mcc=0.4355 | val_f1=0.5396
Epoch 029 | train_loss=0.0621 | val_loss=1.4173 | val_mcc=0.4336 | val_f1=0.5284
Epoch 030 | train_loss=0.0623 | val_loss=1.5539 | val_mcc=0.4293 | val_f1=0.5089
Epoch 031 | train_loss=0.0637 | val_loss=1.6684 | val_mcc=0.4368 | val_f1=0.5284
Epoch 032 | train_loss=0.0586 | val_loss=1.7131 | val_mcc=0.4409 | val_f1=0.5231
Epoch 033 | train_loss=0.0585 | val_loss=1.4482 | val_mcc=0.4409 | val_f1=0.5358
Epoch 034 | train_loss=0.0626 | val_loss=1.6938 | val_mcc=0.4358 | val_f1=0.5269
Epoch 035 | train_loss=0.0624 | val_loss=1.4319 | val_mcc=0.4449 | val_f1=0.5340
Best model saved to: classifier_runs/phos_y/cnn_gru/20260321_025300/model_best.pt
Finished config: model=cnn_gru, conv_layers=3, rnn_layers=1. Run dir: classifier_runs/phos_y/cnn_gru/20260321_025300

=== Running config: model=cnn_gru, conv_layers=3, rnn_layers=2, epochs=35 ===
Epoch 001 | train_loss=0.6299 | val_loss=0.5949 | val_mcc=0.2958 | val_f1=0.4369
Epoch 002 | train_loss=0.5780 | val_loss=0.5724 | val_mcc=0.3419 | val_f1=0.4716
Epoch 003 | train_loss=0.5415 | val_loss=0.5683 | val_mcc=0.3512 | val_f1=0.4802
Epoch 004 | train_loss=0.4935 | val_loss=0.5569 | val_mcc=0.3575 | val_f1=0.4792
Epoch 005 | train_loss=0.4331 | val_loss=0.5837 | val_mcc=0.3521 | val_f1=0.4779
Epoch 006 | train_loss=0.3782 | val_loss=0.5877 | val_mcc=0.3928 | val_f1=0.5112
Epoch 007 | train_loss=0.3262 | val_loss=0.6887 | val_mcc=0.4001 | val_f1=0.5128
Epoch 008 | train_loss=0.2822 | val_loss=0.6872 | val_mcc=0.3808 | val_f1=0.5025
Epoch 009 | train_loss=0.2424 | val_loss=0.9407 | val_mcc=0.4050 | val_f1=0.5134
Epoch 010 | train_loss=0.2162 | val_loss=0.7091 | val_mcc=0.4040 | val_f1=0.5173
Epoch 011 | train_loss=0.1913 | val_loss=0.9894 | val_mcc=0.4132 | val_f1=0.4980
Epoch 012 | train_loss=0.1749 | val_loss=1.0955 | val_mcc=0.4151 | val_f1=0.5151
Epoch 013 | train_loss=0.1647 | val_loss=1.1219 | val_mcc=0.4111 | val_f1=0.5077
Epoch 014 | train_loss=0.1504 | val_loss=1.0155 | val_mcc=0.3956 | val_f1=0.5072
Epoch 015 | train_loss=0.1374 | val_loss=1.2175 | val_mcc=0.4037 | val_f1=0.4892
Epoch 016 | train_loss=0.1346 | val_loss=1.1780 | val_mcc=0.4094 | val_f1=0.4725
Epoch 017 | train_loss=0.1219 | val_loss=0.9212 | val_mcc=0.4187 | val_f1=0.5212
Epoch 018 | train_loss=0.1155 | val_loss=1.3166 | val_mcc=0.4049 | val_f1=0.5052
Epoch 019 | train_loss=0.1113 | val_loss=1.2692 | val_mcc=0.4164 | val_f1=0.5200
Epoch 020 | train_loss=0.1088 | val_loss=1.1606 | val_mcc=0.4220 | val_f1=0.5217
Epoch 021 | train_loss=0.1092 | val_loss=1.3038 | val_mcc=0.4368 | val_f1=0.5223
Epoch 022 | train_loss=0.0997 | val_loss=0.9632 | val_mcc=0.4304 | val_f1=0.5264
Epoch 023 | train_loss=0.0909 | val_loss=1.2798 | val_mcc=0.4158 | val_f1=0.5121
Epoch 024 | train_loss=0.0959 | val_loss=1.0499 | val_mcc=0.4076 | val_f1=0.4846
Epoch 025 | train_loss=0.0870 | val_loss=1.8362 | val_mcc=0.3971 | val_f1=0.4737
Epoch 026 | train_loss=0.0881 | val_loss=1.0755 | val_mcc=0.4206 | val_f1=0.5200
Epoch 027 | train_loss=0.0949 | val_loss=1.5787 | val_mcc=0.4190 | val_f1=0.5162
Epoch 028 | train_loss=0.0839 | val_loss=1.3199 | val_mcc=0.4083 | val_f1=0.5117
Epoch 029 | train_loss=0.0869 | val_loss=1.1462 | val_mcc=0.4231 | val_f1=0.5157
Epoch 030 | train_loss=0.0857 | val_loss=1.2828 | val_mcc=0.4157 | val_f1=0.5114
Epoch 031 | train_loss=0.0819 | val_loss=1.0666 | val_mcc=0.4135 | val_f1=0.5179
Epoch 032 | train_loss=0.0803 | val_loss=1.1745 | val_mcc=0.4040 | val_f1=0.5034
Epoch 033 | train_loss=0.0755 | val_loss=1.1851 | val_mcc=0.3951 | val_f1=0.5027
Epoch 034 | train_loss=0.0758 | val_loss=1.5478 | val_mcc=0.4054 | val_f1=0.5116
Epoch 035 | train_loss=0.0782 | val_loss=1.7770 | val_mcc=0.4278 | val_f1=0.5205
Best model saved to: classifier_runs/phos_y/cnn_gru/20260321_033116/model_best.pt
Finished config: model=cnn_gru, conv_layers=3, rnn_layers=2. Run dir: classifier_runs/phos_y/cnn_gru/20260321_033116

=== Running config: model=cnn_gru, conv_layers=3, rnn_layers=3, epochs=35 ===
Epoch 001 | train_loss=0.6441 | val_loss=0.6114 | val_mcc=0.2807 | val_f1=0.4273
Epoch 002 | train_loss=0.6003 | val_loss=0.6763 | val_mcc=0.2858 | val_f1=0.4247
Epoch 003 | train_loss=0.5899 | val_loss=0.6175 | val_mcc=0.2927 | val_f1=0.4361
Epoch 004 | train_loss=0.5872 | val_loss=0.5919 | val_mcc=0.2955 | val_f1=0.4389
Epoch 005 | train_loss=0.5770 | val_loss=0.5880 | val_mcc=0.2988 | val_f1=0.4378
Epoch 006 | train_loss=0.5670 | val_loss=0.5864 | val_mcc=0.3071 | val_f1=0.4430
Epoch 007 | train_loss=0.5542 | val_loss=0.5845 | val_mcc=0.2924 | val_f1=0.4284
Epoch 008 | train_loss=0.5407 | val_loss=0.5987 | val_mcc=0.3165 | val_f1=0.4545
Epoch 009 | train_loss=0.5397 | val_loss=0.5843 | val_mcc=0.3056 | val_f1=0.4433
Epoch 010 | train_loss=0.5182 | val_loss=0.5775 | val_mcc=0.3358 | val_f1=0.4688
Epoch 011 | train_loss=0.5026 | val_loss=0.5697 | val_mcc=0.3539 | val_f1=0.4818
Epoch 012 | train_loss=0.4834 | val_loss=0.6009 | val_mcc=0.3300 | val_f1=0.4594
Epoch 013 | train_loss=0.4593 | val_loss=0.6201 | val_mcc=0.3481 | val_f1=0.4771
Epoch 014 | train_loss=0.4298 | val_loss=0.6335 | val_mcc=0.3366 | val_f1=0.4655
Epoch 015 | train_loss=0.4079 | val_loss=0.6967 | val_mcc=0.3625 | val_f1=0.4827
Epoch 016 | train_loss=0.3749 | val_loss=0.6346 | val_mcc=0.3710 | val_f1=0.4948
Epoch 017 | train_loss=0.3377 | val_loss=0.6170 | val_mcc=0.3462 | val_f1=0.4735
Epoch 018 | train_loss=0.3182 | val_loss=0.6546 | val_mcc=0.3559 | val_f1=0.4832
Epoch 019 | train_loss=0.2838 | val_loss=0.8921 | val_mcc=0.3867 | val_f1=0.4954
Epoch 020 | train_loss=0.2644 | val_loss=0.7061 | val_mcc=0.3901 | val_f1=0.5095
Epoch 021 | train_loss=0.2450 | val_loss=0.8962 | val_mcc=0.3675 | val_f1=0.4890
Epoch 022 | train_loss=0.2300 | val_loss=0.7738 | val_mcc=0.3512 | val_f1=0.4788
Epoch 023 | train_loss=0.2190 | val_loss=0.8781 | val_mcc=0.3669 | val_f1=0.4897
Epoch 024 | train_loss=0.1897 | val_loss=0.7548 | val_mcc=0.3671 | val_f1=0.4922
Epoch 025 | train_loss=0.1864 | val_loss=0.9735 | val_mcc=0.3494 | val_f1=0.4779
Epoch 026 | train_loss=0.1667 | val_loss=0.8118 | val_mcc=0.3783 | val_f1=0.5005
Epoch 027 | train_loss=0.1585 | val_loss=0.9511 | val_mcc=0.3444 | val_f1=0.4752
Epoch 028 | train_loss=0.1514 | val_loss=0.9577 | val_mcc=0.3692 | val_f1=0.4933
Epoch 029 | train_loss=0.1488 | val_loss=0.9389 | val_mcc=0.3732 | val_f1=0.4950
Epoch 030 | train_loss=0.1369 | val_loss=0.9295 | val_mcc=0.3720 | val_f1=0.4958
Epoch 031 | train_loss=0.1318 | val_loss=0.8776 | val_mcc=0.3694 | val_f1=0.4934
Epoch 032 | train_loss=0.1310 | val_loss=1.1266 | val_mcc=0.3798 | val_f1=0.5012
Epoch 033 | train_loss=0.1249 | val_loss=1.0740 | val_mcc=0.3909 | val_f1=0.5036
Epoch 034 | train_loss=0.1197 | val_loss=0.7806 | val_mcc=0.3664 | val_f1=0.4916
Epoch 035 | train_loss=0.1189 | val_loss=0.8920 | val_mcc=0.3665 | val_f1=0.4843
Best model saved to: classifier_runs/phos_y/cnn_gru/20260321_040550/model_best.pt
Finished config: model=cnn_gru, conv_layers=3, rnn_layers=3. Run dir: classifier_runs/phos_y/cnn_gru/20260321_040550

=== Running config: model=cnn_bilstm, conv_layers=1, rnn_layers=1, epochs=35 ===
Epoch 001 | train_loss=0.6227 | val_loss=0.5828 | val_mcc=0.2887 | val_f1=0.4246
Epoch 002 | train_loss=0.5545 | val_loss=0.5576 | val_mcc=0.3360 | val_f1=0.4626
Epoch 003 | train_loss=0.5072 | val_loss=0.5448 | val_mcc=0.3765 | val_f1=0.4989
Epoch 004 | train_loss=0.4450 | val_loss=0.5516 | val_mcc=0.3889 | val_f1=0.5077
Epoch 005 | train_loss=0.3761 | val_loss=0.6141 | val_mcc=0.3924 | val_f1=0.5108
Epoch 006 | train_loss=0.3012 | val_loss=0.6873 | val_mcc=0.4065 | val_f1=0.5218
Epoch 007 | train_loss=0.2443 | val_loss=0.7653 | val_mcc=0.3806 | val_f1=0.5024
Epoch 008 | train_loss=0.1972 | val_loss=0.9046 | val_mcc=0.3882 | val_f1=0.5081
Epoch 009 | train_loss=0.1683 | val_loss=1.0322 | val_mcc=0.3844 | val_f1=0.4992
Epoch 010 | train_loss=0.1427 | val_loss=1.0442 | val_mcc=0.3969 | val_f1=0.5057
Epoch 011 | train_loss=0.1257 | val_loss=0.9069 | val_mcc=0.3805 | val_f1=0.5023
Epoch 012 | train_loss=0.1126 | val_loss=1.1328 | val_mcc=0.3665 | val_f1=0.4904
Epoch 013 | train_loss=0.1019 | val_loss=1.0842 | val_mcc=0.3936 | val_f1=0.5108
Epoch 014 | train_loss=0.0931 | val_loss=1.1190 | val_mcc=0.3823 | val_f1=0.5014
Epoch 015 | train_loss=0.0917 | val_loss=1.4788 | val_mcc=0.4213 | val_f1=0.5260
Epoch 016 | train_loss=0.0830 | val_loss=1.2620 | val_mcc=0.3969 | val_f1=0.5124
Epoch 017 | train_loss=0.0733 | val_loss=1.8047 | val_mcc=0.4218 | val_f1=0.5225
Epoch 018 | train_loss=0.0763 | val_loss=1.2476 | val_mcc=0.3927 | val_f1=0.5068
Epoch 019 | train_loss=0.0720 | val_loss=1.5526 | val_mcc=0.4171 | val_f1=0.5125
Epoch 020 | train_loss=0.0697 | val_loss=1.7179 | val_mcc=0.4230 | val_f1=0.5260
Epoch 021 | train_loss=0.0681 | val_loss=1.2882 | val_mcc=0.3979 | val_f1=0.5093
Epoch 022 | train_loss=0.0628 | val_loss=1.5187 | val_mcc=0.4198 | val_f1=0.5302
Epoch 023 | train_loss=0.0581 | val_loss=1.5133 | val_mcc=0.4255 | val_f1=0.5327
Epoch 024 | train_loss=0.0554 | val_loss=1.4073 | val_mcc=0.4192 | val_f1=0.5257
Epoch 025 | train_loss=0.0591 | val_loss=1.4594 | val_mcc=0.3991 | val_f1=0.5102
Epoch 026 | train_loss=0.0571 | val_loss=1.6934 | val_mcc=0.4306 | val_f1=0.5321
Epoch 027 | train_loss=0.0622 | val_loss=1.4565 | val_mcc=0.4041 | val_f1=0.5112
Epoch 028 | train_loss=0.0531 | val_loss=1.8694 | val_mcc=0.4082 | val_f1=0.5056
Epoch 029 | train_loss=0.0522 | val_loss=1.4951 | val_mcc=0.4001 | val_f1=0.5049
Epoch 030 | train_loss=0.0523 | val_loss=1.6586 | val_mcc=0.4161 | val_f1=0.5142
Epoch 031 | train_loss=0.0498 | val_loss=1.4805 | val_mcc=0.4071 | val_f1=0.5167
Epoch 032 | train_loss=0.0505 | val_loss=1.5719 | val_mcc=0.3987 | val_f1=0.5142
Epoch 033 | train_loss=0.0517 | val_loss=1.6117 | val_mcc=0.4102 | val_f1=0.5201
Epoch 034 | train_loss=0.0458 | val_loss=1.5289 | val_mcc=0.4093 | val_f1=0.5207
Epoch 035 | train_loss=0.0495 | val_loss=1.5172 | val_mcc=0.4003 | val_f1=0.5058
Best model saved to: classifier_runs/phos_y/cnn_bilstm/20260321_044334/model_best.pt
Finished config: model=cnn_bilstm, conv_layers=1, rnn_layers=1. Run dir: classifier_runs/phos_y/cnn_bilstm/20260321_044334

=== Running config: model=cnn_bilstm, conv_layers=1, rnn_layers=2, epochs=35 ===
Epoch 001 | train_loss=0.6254 | val_loss=0.5934 | val_mcc=0.2965 | val_f1=0.4403
Epoch 002 | train_loss=0.5706 | val_loss=0.5715 | val_mcc=0.2915 | val_f1=0.4240
Epoch 003 | train_loss=0.5321 | val_loss=0.5629 | val_mcc=0.3589 | val_f1=0.4860
Epoch 004 | train_loss=0.4825 | val_loss=0.5422 | val_mcc=0.3582 | val_f1=0.4781
Epoch 005 | train_loss=0.4177 | val_loss=0.5782 | val_mcc=0.3509 | val_f1=0.4749
Epoch 006 | train_loss=0.3498 | val_loss=0.6397 | val_mcc=0.3821 | val_f1=0.5033
Epoch 007 | train_loss=0.2845 | val_loss=0.8077 | val_mcc=0.3982 | val_f1=0.5149
Epoch 008 | train_loss=0.2295 | val_loss=0.8475 | val_mcc=0.3959 | val_f1=0.5092
Epoch 009 | train_loss=0.1942 | val_loss=0.9151 | val_mcc=0.3961 | val_f1=0.5133
Epoch 010 | train_loss=0.1584 | val_loss=1.3009 | val_mcc=0.4157 | val_f1=0.5131
Epoch 011 | train_loss=0.1403 | val_loss=0.9872 | val_mcc=0.4056 | val_f1=0.5199
Epoch 012 | train_loss=0.1245 | val_loss=1.2399 | val_mcc=0.4144 | val_f1=0.5251
Epoch 013 | train_loss=0.1118 | val_loss=1.0258 | val_mcc=0.4011 | val_f1=0.5164
Epoch 014 | train_loss=0.1033 | val_loss=1.3062 | val_mcc=0.4174 | val_f1=0.5261
Epoch 015 | train_loss=0.0963 | val_loss=1.1899 | val_mcc=0.4170 | val_f1=0.5298
Epoch 016 | train_loss=0.0888 | val_loss=1.3753 | val_mcc=0.4064 | val_f1=0.5136
Epoch 017 | train_loss=0.0821 | val_loss=1.3167 | val_mcc=0.3803 | val_f1=0.4947
Epoch 018 | train_loss=0.0830 | val_loss=1.5825 | val_mcc=0.4009 | val_f1=0.5038
Epoch 019 | train_loss=0.0769 | val_loss=1.2952 | val_mcc=0.4132 | val_f1=0.5160
Epoch 020 | train_loss=0.0766 | val_loss=1.1806 | val_mcc=0.4143 | val_f1=0.5253
Epoch 021 | train_loss=0.0723 | val_loss=1.3217 | val_mcc=0.4035 | val_f1=0.5118
Epoch 022 | train_loss=0.0622 | val_loss=1.1666 | val_mcc=0.4042 | val_f1=0.5203
Epoch 023 | train_loss=0.0647 | val_loss=1.3997 | val_mcc=0.4138 | val_f1=0.5220
Epoch 024 | train_loss=0.0655 | val_loss=1.3623 | val_mcc=0.4226 | val_f1=0.5231
Epoch 025 | train_loss=0.0657 | val_loss=1.1442 | val_mcc=0.4055 | val_f1=0.5212
Epoch 026 | train_loss=0.0595 | val_loss=1.3680 | val_mcc=0.4075 | val_f1=0.5138
Epoch 027 | train_loss=0.0615 | val_loss=1.5948 | val_mcc=0.4209 | val_f1=0.5191
Epoch 028 | train_loss=0.0545 | val_loss=1.6163 | val_mcc=0.4187 | val_f1=0.5266
Epoch 029 | train_loss=0.0562 | val_loss=1.4575 | val_mcc=0.4009 | val_f1=0.5116
Epoch 030 | train_loss=0.0530 | val_loss=1.4090 | val_mcc=0.4160 | val_f1=0.5293
Epoch 031 | train_loss=0.0531 | val_loss=1.2705 | val_mcc=0.3881 | val_f1=0.5053
Epoch 032 | train_loss=0.0536 | val_loss=1.2776 | val_mcc=0.4072 | val_f1=0.5172
Epoch 033 | train_loss=0.0514 | val_loss=1.6037 | val_mcc=0.4034 | val_f1=0.5152
Epoch 034 | train_loss=0.0533 | val_loss=1.5100 | val_mcc=0.4049 | val_f1=0.5165
Epoch 035 | train_loss=0.0514 | val_loss=1.3561 | val_mcc=0.4149 | val_f1=0.5237
Best model saved to: classifier_runs/phos_y/cnn_bilstm/20260321_052218/model_best.pt
Finished config: model=cnn_bilstm, conv_layers=1, rnn_layers=2. Run dir: classifier_runs/phos_y/cnn_bilstm/20260321_052218

=== Running config: model=cnn_bilstm, conv_layers=1, rnn_layers=3, epochs=35 ===
Epoch 001 | train_loss=0.6356 | val_loss=0.6226 | val_mcc=0.2564 | val_f1=0.3993
Epoch 002 | train_loss=0.5844 | val_loss=0.5984 | val_mcc=0.2852 | val_f1=0.4198
Epoch 003 | train_loss=0.5611 | val_loss=0.5655 | val_mcc=0.3135 | val_f1=0.4443
Epoch 004 | train_loss=0.5297 | val_loss=0.5522 | val_mcc=0.3186 | val_f1=0.4509
Epoch 005 | train_loss=0.4900 | val_loss=0.5492 | val_mcc=0.3850 | val_f1=0.5054
Epoch 006 | train_loss=0.4366 | val_loss=0.5650 | val_mcc=0.3329 | val_f1=0.4512
Epoch 007 | train_loss=0.3813 | val_loss=0.5894 | val_mcc=0.3846 | val_f1=0.5050
Epoch 008 | train_loss=0.3077 | val_loss=0.6860 | val_mcc=0.4152 | val_f1=0.5284
Epoch 009 | train_loss=0.2586 | val_loss=0.8349 | val_mcc=0.4092 | val_f1=0.5239
Epoch 010 | train_loss=0.2071 | val_loss=0.7838 | val_mcc=0.4105 | val_f1=0.5245
Epoch 011 | train_loss=0.1733 | val_loss=0.9092 | val_mcc=0.4201 | val_f1=0.5313
Epoch 012 | train_loss=0.1503 | val_loss=1.0649 | val_mcc=0.4137 | val_f1=0.5268
Epoch 013 | train_loss=0.1313 | val_loss=0.9940 | val_mcc=0.4362 | val_f1=0.5404
Epoch 014 | train_loss=0.1194 | val_loss=1.3640 | val_mcc=0.4249 | val_f1=0.5209
Epoch 015 | train_loss=0.1113 | val_loss=1.2388 | val_mcc=0.4227 | val_f1=0.5318
Epoch 016 | train_loss=0.1024 | val_loss=1.3888 | val_mcc=0.4207 | val_f1=0.5107
Epoch 017 | train_loss=0.0950 | val_loss=1.7115 | val_mcc=0.4081 | val_f1=0.5028
Epoch 018 | train_loss=0.0861 | val_loss=1.7869 | val_mcc=0.4194 | val_f1=0.5259
Epoch 019 | train_loss=0.0822 | val_loss=1.5820 | val_mcc=0.3966 | val_f1=0.5040
Epoch 020 | train_loss=0.0770 | val_loss=1.5903 | val_mcc=0.4023 | val_f1=0.5141
Epoch 021 | train_loss=0.0784 | val_loss=1.1896 | val_mcc=0.4065 | val_f1=0.5216
Epoch 022 | train_loss=0.0774 | val_loss=1.3790 | val_mcc=0.4072 | val_f1=0.5133
Epoch 023 | train_loss=0.0679 | val_loss=1.5106 | val_mcc=0.4089 | val_f1=0.5143
Epoch 024 | train_loss=0.0681 | val_loss=1.5462 | val_mcc=0.4110 | val_f1=0.5088
Epoch 025 | train_loss=0.0678 | val_loss=2.0149 | val_mcc=0.4268 | val_f1=0.5244
Epoch 026 | train_loss=0.0656 | val_loss=1.6710 | val_mcc=0.4130 | val_f1=0.5149
Epoch 027 | train_loss=0.0665 | val_loss=1.4604 | val_mcc=0.4096 | val_f1=0.5173
Epoch 028 | train_loss=0.0562 | val_loss=1.7755 | val_mcc=0.4063 | val_f1=0.5131
Epoch 029 | train_loss=0.0627 | val_loss=1.5829 | val_mcc=0.4100 | val_f1=0.5190
Epoch 030 | train_loss=0.0574 | val_loss=1.5038 | val_mcc=0.3947 | val_f1=0.5110
Epoch 031 | train_loss=0.0583 | val_loss=1.7718 | val_mcc=0.4069 | val_f1=0.5173
Epoch 032 | train_loss=0.0538 | val_loss=1.6819 | val_mcc=0.4311 | val_f1=0.5247
Epoch 033 | train_loss=0.0512 | val_loss=1.4104 | val_mcc=0.4002 | val_f1=0.5092
Epoch 034 | train_loss=0.0530 | val_loss=1.6278 | val_mcc=0.4228 | val_f1=0.5265
Epoch 035 | train_loss=0.0511 | val_loss=1.6203 | val_mcc=0.4213 | val_f1=0.5293
Best model saved to: classifier_runs/phos_y/cnn_bilstm/20260321_060248/model_best.pt
Finished config: model=cnn_bilstm, conv_layers=1, rnn_layers=3. Run dir: classifier_runs/phos_y/cnn_bilstm/20260321_060248

=== Running config: model=cnn_bilstm, conv_layers=2, rnn_layers=1, epochs=35 ===
Epoch 001 | train_loss=0.6409 | val_loss=0.6076 | val_mcc=0.2589 | val_f1=0.3999
Epoch 002 | train_loss=0.5658 | val_loss=0.5644 | val_mcc=0.3436 | val_f1=0.4736
Epoch 003 | train_loss=0.5141 | val_loss=0.5829 | val_mcc=0.3041 | val_f1=0.4286
Epoch 004 | train_loss=0.4530 | val_loss=0.5616 | val_mcc=0.3563 | val_f1=0.4795
Epoch 005 | train_loss=0.3796 | val_loss=0.6487 | val_mcc=0.3887 | val_f1=0.5070
Epoch 006 | train_loss=0.3037 | val_loss=0.6305 | val_mcc=0.3952 | val_f1=0.5123
Epoch 007 | train_loss=0.2513 | val_loss=0.7148 | val_mcc=0.4030 | val_f1=0.5187
Epoch 008 | train_loss=0.2082 | val_loss=0.9992 | val_mcc=0.4286 | val_f1=0.5348
Epoch 009 | train_loss=0.1835 | val_loss=1.1211 | val_mcc=0.4287 | val_f1=0.5317
Epoch 010 | train_loss=0.1563 | val_loss=1.0408 | val_mcc=0.4201 | val_f1=0.5254
Epoch 011 | train_loss=0.1378 | val_loss=0.9888 | val_mcc=0.4111 | val_f1=0.5251
Epoch 012 | train_loss=0.1266 | val_loss=0.9509 | val_mcc=0.4046 | val_f1=0.5184
Epoch 013 | train_loss=0.1170 | val_loss=1.1547 | val_mcc=0.4315 | val_f1=0.5364
Epoch 014 | train_loss=0.1135 | val_loss=1.0113 | val_mcc=0.4136 | val_f1=0.5237
Epoch 015 | train_loss=0.0975 | val_loss=1.1924 | val_mcc=0.4279 | val_f1=0.5231
Epoch 016 | train_loss=0.0952 | val_loss=1.0463 | val_mcc=0.3970 | val_f1=0.5141
Epoch 017 | train_loss=0.0899 | val_loss=1.2696 | val_mcc=0.4203 | val_f1=0.5242
Epoch 018 | train_loss=0.0878 | val_loss=1.2947 | val_mcc=0.4242 | val_f1=0.5303
Epoch 019 | train_loss=0.0808 | val_loss=1.0790 | val_mcc=0.4155 | val_f1=0.5278
Epoch 020 | train_loss=0.0795 | val_loss=1.1717 | val_mcc=0.4116 | val_f1=0.5233
Epoch 021 | train_loss=0.0780 | val_loss=1.2337 | val_mcc=0.4257 | val_f1=0.5334
Epoch 022 | train_loss=0.0764 | val_loss=1.3912 | val_mcc=0.4126 | val_f1=0.5256
Epoch 023 | train_loss=0.0668 | val_loss=1.4400 | val_mcc=0.4196 | val_f1=0.5287
Epoch 024 | train_loss=0.0663 | val_loss=1.5389 | val_mcc=0.4161 | val_f1=0.5179
Epoch 025 | train_loss=0.0632 | val_loss=1.4911 | val_mcc=0.4248 | val_f1=0.5294
Epoch 026 | train_loss=0.0639 | val_loss=1.4131 | val_mcc=0.4183 | val_f1=0.5216
Epoch 027 | train_loss=0.0630 | val_loss=1.7148 | val_mcc=0.4310 | val_f1=0.5095
Epoch 028 | train_loss=0.0607 | val_loss=1.2755 | val_mcc=0.4115 | val_f1=0.5252
Epoch 029 | train_loss=0.0589 | val_loss=1.8444 | val_mcc=0.4134 | val_f1=0.5162
Epoch 030 | train_loss=0.0644 | val_loss=1.1834 | val_mcc=0.4197 | val_f1=0.5291
Epoch 031 | train_loss=0.0608 | val_loss=1.4734 | val_mcc=0.4052 | val_f1=0.5121
Epoch 032 | train_loss=0.0560 | val_loss=1.6011 | val_mcc=0.3996 | val_f1=0.5083
Epoch 033 | train_loss=0.0577 | val_loss=1.5003 | val_mcc=0.3979 | val_f1=0.5060
Epoch 034 | train_loss=0.0553 | val_loss=1.4508 | val_mcc=0.4090 | val_f1=0.5165
Epoch 035 | train_loss=0.0497 | val_loss=1.7145 | val_mcc=0.4117 | val_f1=0.5199
Best model saved to: classifier_runs/phos_y/cnn_bilstm/20260321_064504/model_best.pt
Finished config: model=cnn_bilstm, conv_layers=2, rnn_layers=1. Run dir: classifier_runs/phos_y/cnn_bilstm/20260321_064504

=== Running config: model=cnn_bilstm, conv_layers=2, rnn_layers=2, epochs=35 ===
Epoch 001 | train_loss=0.6973 | val_loss=0.6931 | val_mcc=0.0000 | val_f1=0.0000
Epoch 002 | train_loss=0.6931 | val_loss=0.6930 | val_mcc=0.0000 | val_f1=0.0000
Epoch 003 | train_loss=0.6930 | val_loss=0.6930 | val_mcc=0.0000 | val_f1=0.0000
Epoch 004 | train_loss=0.6931 | val_loss=0.6930 | val_mcc=0.0000 | val_f1=0.0000
Epoch 005 | train_loss=0.6931 | val_loss=0.6930 | val_mcc=0.0000 | val_f1=0.0000
Epoch 006 | train_loss=0.6930 | val_loss=0.6930 | val_mcc=0.0000 | val_f1=0.0000
Epoch 007 | train_loss=0.6931 | val_loss=0.6930 | val_mcc=0.0000 | val_f1=0.0000
Epoch 008 | train_loss=0.6931 | val_loss=0.6930 | val_mcc=0.0000 | val_f1=0.0000
Epoch 009 | train_loss=0.6931 | val_loss=0.6931 | val_mcc=0.0000 | val_f1=0.0000
Epoch 010 | train_loss=0.6931 | val_loss=0.6930 | val_mcc=0.0000 | val_f1=0.0000
Epoch 011 | train_loss=0.6931 | val_loss=0.6931 | val_mcc=0.0000 | val_f1=0.0000
Epoch 012 | train_loss=0.6930 | val_loss=0.6932 | val_mcc=0.0000 | val_f1=0.0000
Epoch 013 | train_loss=0.6931 | val_loss=0.6930 | val_mcc=0.0000 | val_f1=0.0000
Epoch 014 | train_loss=0.6930 | val_loss=0.6931 | val_mcc=0.0000 | val_f1=0.0000
Epoch 015 | train_loss=0.6931 | val_loss=0.6930 | val_mcc=0.0000 | val_f1=0.0000
Epoch 016 | train_loss=0.6930 | val_loss=0.6930 | val_mcc=0.0000 | val_f1=0.0000
Epoch 017 | train_loss=0.6931 | val_loss=0.6930 | val_mcc=0.0000 | val_f1=0.0000
Epoch 018 | train_loss=0.6936 | val_loss=0.6931 | val_mcc=0.0000 | val_f1=0.0000
Epoch 019 | train_loss=0.6930 | val_loss=0.6932 | val_mcc=0.0000 | val_f1=0.0000
Epoch 020 | train_loss=0.6931 | val_loss=0.6930 | val_mcc=0.0000 | val_f1=0.0000
Epoch 021 | train_loss=0.6930 | val_loss=0.6931 | val_mcc=0.0000 | val_f1=0.0000
Epoch 022 | train_loss=0.6931 | val_loss=0.6930 | val_mcc=0.0000 | val_f1=0.0000
Epoch 023 | train_loss=0.6930 | val_loss=0.6930 | val_mcc=0.0000 | val_f1=0.0000
Epoch 024 | train_loss=0.6931 | val_loss=0.6930 | val_mcc=0.0000 | val_f1=0.0000
Epoch 025 | train_loss=0.6931 | val_loss=0.6930 | val_mcc=0.0000 | val_f1=0.0000
Epoch 026 | train_loss=0.6931 | val_loss=0.6931 | val_mcc=0.0000 | val_f1=0.0000
Epoch 027 | train_loss=0.6931 | val_loss=0.6931 | val_mcc=0.0000 | val_f1=0.0000
Epoch 028 | train_loss=0.6931 | val_loss=0.6931 | val_mcc=0.0000 | val_f1=0.0000
Epoch 029 | train_loss=0.6930 | val_loss=0.6930 | val_mcc=0.0000 | val_f1=0.0000
Epoch 030 | train_loss=0.6930 | val_loss=0.6930 | val_mcc=0.0000 | val_f1=0.0000
Epoch 031 | train_loss=0.6931 | val_loss=0.6930 | val_mcc=0.0000 | val_f1=0.0000
Epoch 032 | train_loss=0.6931 | val_loss=0.6931 | val_mcc=0.0000 | val_f1=0.0000
Epoch 033 | train_loss=0.6930 | val_loss=0.6931 | val_mcc=0.0000 | val_f1=0.0000
Epoch 034 | train_loss=0.6931 | val_loss=0.6930 | val_mcc=0.0000 | val_f1=0.0000
Epoch 035 | train_loss=0.6931 | val_loss=0.6930 | val_mcc=0.0000 | val_f1=0.0000
Best model saved to: classifier_runs/phos_y/cnn_bilstm/20260321_072503/model_best.pt
Finished config: model=cnn_bilstm, conv_layers=2, rnn_layers=2. Run dir: classifier_runs/phos_y/cnn_bilstm/20260321_072503

=== Running config: model=cnn_bilstm, conv_layers=2, rnn_layers=3, epochs=35 ===
Epoch 001 | train_loss=0.6981 | val_loss=0.6930 | val_mcc=0.0000 | val_f1=0.0000
Epoch 002 | train_loss=0.6931 | val_loss=0.6931 | val_mcc=0.0000 | val_f1=0.0000
Epoch 003 | train_loss=0.6931 | val_loss=0.6930 | val_mcc=0.0000 | val_f1=0.0000
Epoch 004 | train_loss=0.6930 | val_loss=0.6931 | val_mcc=0.0000 | val_f1=0.0000
Epoch 005 | train_loss=0.6931 | val_loss=0.6931 | val_mcc=0.0000 | val_f1=0.0000
Epoch 006 | train_loss=0.6931 | val_loss=0.6930 | val_mcc=0.0000 | val_f1=0.0000
Epoch 007 | train_loss=0.6931 | val_loss=0.6930 | val_mcc=0.0000 | val_f1=0.0000
Epoch 008 | train_loss=0.6930 | val_loss=0.6930 | val_mcc=0.0000 | val_f1=0.0000
Epoch 009 | train_loss=0.6939 | val_loss=0.6931 | val_mcc=0.0000 | val_f1=0.0000
Epoch 010 | train_loss=0.6930 | val_loss=0.6930 | val_mcc=0.0000 | val_f1=0.0000
Epoch 011 | train_loss=0.6931 | val_loss=0.6931 | val_mcc=0.0000 | val_f1=0.0000
Epoch 012 | train_loss=0.6930 | val_loss=0.6931 | val_mcc=0.0000 | val_f1=0.0000
Epoch 013 | train_loss=0.6930 | val_loss=0.6931 | val_mcc=0.0000 | val_f1=0.0000
Epoch 014 | train_loss=0.6931 | val_loss=0.6931 | val_mcc=0.0000 | val_f1=0.0000
Epoch 015 | train_loss=0.6931 | val_loss=0.6930 | val_mcc=0.0000 | val_f1=0.0000
Epoch 016 | train_loss=0.6930 | val_loss=0.6931 | val_mcc=0.0000 | val_f1=0.0000
Epoch 017 | train_loss=0.6931 | val_loss=0.6930 | val_mcc=0.0000 | val_f1=0.0000
Epoch 018 | train_loss=0.6931 | val_loss=0.6931 | val_mcc=0.0000 | val_f1=0.0000
Epoch 019 | train_loss=0.6930 | val_loss=0.6930 | val_mcc=0.0000 | val_f1=0.0000
Epoch 020 | train_loss=0.6930 | val_loss=0.6931 | val_mcc=0.0000 | val_f1=0.0000
Epoch 021 | train_loss=0.6931 | val_loss=0.6931 | val_mcc=0.0000 | val_f1=0.0000
Epoch 022 | train_loss=0.6930 | val_loss=0.6931 | val_mcc=0.0000 | val_f1=0.0000
Epoch 023 | train_loss=0.6931 | val_loss=0.6930 | val_mcc=0.0000 | val_f1=0.0000
Epoch 024 | train_loss=0.6930 | val_loss=0.6930 | val_mcc=0.0000 | val_f1=0.0000
Epoch 025 | train_loss=0.6931 | val_loss=0.6930 | val_mcc=0.0000 | val_f1=0.0000
Epoch 026 | train_loss=0.6931 | val_loss=0.6930 | val_mcc=0.0000 | val_f1=0.0000
Epoch 027 | train_loss=0.6931 | val_loss=0.6930 | val_mcc=0.0000 | val_f1=0.0000
Epoch 028 | train_loss=0.6930 | val_loss=0.6930 | val_mcc=0.0000 | val_f1=0.0000
Epoch 029 | train_loss=0.6931 | val_loss=0.6930 | val_mcc=0.0000 | val_f1=0.0000
Epoch 030 | train_loss=0.6931 | val_loss=0.6930 | val_mcc=0.0000 | val_f1=0.0000
Epoch 031 | train_loss=0.6930 | val_loss=0.6931 | val_mcc=0.0000 | val_f1=0.0000
Epoch 032 | train_loss=0.6931 | val_loss=0.6930 | val_mcc=0.0000 | val_f1=0.0000
Epoch 033 | train_loss=0.6931 | val_loss=0.6931 | val_mcc=0.0000 | val_f1=0.0000
Epoch 034 | train_loss=0.6930 | val_loss=0.6931 | val_mcc=0.0000 | val_f1=0.0000
Epoch 035 | train_loss=0.6930 | val_loss=0.6932 | val_mcc=0.0000 | val_f1=0.0000
Best model saved to: classifier_runs/phos_y/cnn_bilstm/20260321_080619/model_best.pt
Finished config: model=cnn_bilstm, conv_layers=2, rnn_layers=3. Run dir: classifier_runs/phos_y/cnn_bilstm/20260321_080619

=== Running config: model=cnn_bilstm, conv_layers=3, rnn_layers=1, epochs=35 ===
Epoch 001 | train_loss=0.6344 | val_loss=0.5941 | val_mcc=0.2719 | val_f1=0.4137
Epoch 002 | train_loss=0.5749 | val_loss=0.5695 | val_mcc=0.3285 | val_f1=0.4605
Epoch 003 | train_loss=0.5361 | val_loss=0.5671 | val_mcc=0.3136 | val_f1=0.4439
Epoch 004 | train_loss=0.4853 | val_loss=0.5524 | val_mcc=0.3469 | val_f1=0.4679
Epoch 005 | train_loss=0.4148 | val_loss=0.6075 | val_mcc=0.3815 | val_f1=0.5027
Epoch 006 | train_loss=0.3476 | val_loss=0.6595 | val_mcc=0.4003 | val_f1=0.5171
Epoch 007 | train_loss=0.2850 | val_loss=0.6133 | val_mcc=0.3817 | val_f1=0.4997
Epoch 008 | train_loss=0.2364 | val_loss=1.0153 | val_mcc=0.4158 | val_f1=0.5268
Epoch 009 | train_loss=0.2009 | val_loss=0.8352 | val_mcc=0.4028 | val_f1=0.5179
Epoch 010 | train_loss=0.1686 | val_loss=1.3402 | val_mcc=0.4094 | val_f1=0.5061
Epoch 011 | train_loss=0.1566 | val_loss=0.9992 | val_mcc=0.4073 | val_f1=0.5173
Epoch 012 | train_loss=0.1334 | val_loss=1.5445 | val_mcc=0.4334 | val_f1=0.5288
Epoch 013 | train_loss=0.1254 | val_loss=1.1528 | val_mcc=0.4009 | val_f1=0.5091
Epoch 014 | train_loss=0.1134 | val_loss=1.4792 | val_mcc=0.4216 | val_f1=0.5268
Epoch 015 | train_loss=0.1074 | val_loss=1.5051 | val_mcc=0.4129 | val_f1=0.5002
Epoch 016 | train_loss=0.1020 | val_loss=1.2522 | val_mcc=0.4216 | val_f1=0.5286
Epoch 017 | train_loss=0.0994 | val_loss=0.9071 | val_mcc=0.3907 | val_f1=0.5098
Epoch 018 | train_loss=0.0908 | val_loss=1.2520 | val_mcc=0.4328 | val_f1=0.5313
Epoch 019 | train_loss=0.0842 | val_loss=1.1713 | val_mcc=0.4176 | val_f1=0.5183
Epoch 020 | train_loss=0.0808 | val_loss=1.1833 | val_mcc=0.4288 | val_f1=0.5266
Epoch 021 | train_loss=0.0795 | val_loss=1.2355 | val_mcc=0.4225 | val_f1=0.5289
Epoch 022 | train_loss=0.0777 | val_loss=1.4098 | val_mcc=0.4126 | val_f1=0.5227
Epoch 023 | train_loss=0.0734 | val_loss=1.4893 | val_mcc=0.4118 | val_f1=0.5147
Epoch 024 | train_loss=0.0754 | val_loss=1.2933 | val_mcc=0.4302 | val_f1=0.5332
Epoch 025 | train_loss=0.0645 | val_loss=1.5903 | val_mcc=0.4409 | val_f1=0.5358
Epoch 026 | train_loss=0.0633 | val_loss=1.8017 | val_mcc=0.4205 | val_f1=0.4903
Epoch 027 | train_loss=0.0645 | val_loss=1.1414 | val_mcc=0.4254 | val_f1=0.5322
Epoch 028 | train_loss=0.0639 | val_loss=1.7360 | val_mcc=0.4367 | val_f1=0.5264
Epoch 029 | train_loss=0.0668 | val_loss=1.5776 | val_mcc=0.4025 | val_f1=0.4861
Epoch 030 | train_loss=0.0667 | val_loss=1.4249 | val_mcc=0.4241 | val_f1=0.5243
Epoch 031 | train_loss=0.0581 | val_loss=1.6384 | val_mcc=0.4209 | val_f1=0.5203
Epoch 032 | train_loss=0.0571 | val_loss=1.3660 | val_mcc=0.4125 | val_f1=0.5168
Epoch 033 | train_loss=0.0562 | val_loss=1.5054 | val_mcc=0.4076 | val_f1=0.5026
Epoch 034 | train_loss=0.0599 | val_loss=1.3348 | val_mcc=0.4047 | val_f1=0.5107
Epoch 035 | train_loss=0.0590 | val_loss=1.5819 | val_mcc=0.4172 | val_f1=0.4989
Best model saved to: classifier_runs/phos_y/cnn_bilstm/20260321_084309/model_best.pt
Finished config: model=cnn_bilstm, conv_layers=3, rnn_layers=1. Run dir: classifier_runs/phos_y/cnn_bilstm/20260321_084309

=== Running config: model=cnn_bilstm, conv_layers=3, rnn_layers=2, epochs=35 ===
Epoch 001 | train_loss=0.6374 | val_loss=0.6060 | val_mcc=0.2807 | val_f1=0.4285
Epoch 002 | train_loss=0.5873 | val_loss=0.5886 | val_mcc=0.3122 | val_f1=0.4499
Epoch 003 | train_loss=0.5656 | val_loss=0.5900 | val_mcc=0.3244 | val_f1=0.4598
Epoch 004 | train_loss=0.5402 | val_loss=0.5809 | val_mcc=0.2966 | val_f1=0.4261
Epoch 005 | train_loss=0.5035 | val_loss=0.5754 | val_mcc=0.2936 | val_f1=0.4220
Epoch 006 | train_loss=0.4650 | val_loss=0.5757 | val_mcc=0.3435 | val_f1=0.4692
Epoch 007 | train_loss=0.4182 | val_loss=0.5622 | val_mcc=0.3476 | val_f1=0.4716
Epoch 008 | train_loss=0.3718 | val_loss=0.6415 | val_mcc=0.3559 | val_f1=0.4826
Epoch 009 | train_loss=0.3203 | val_loss=0.6956 | val_mcc=0.3767 | val_f1=0.4994
Epoch 010 | train_loss=0.2660 | val_loss=0.8058 | val_mcc=0.3828 | val_f1=0.5007
Epoch 011 | train_loss=0.2261 | val_loss=0.7104 | val_mcc=0.3841 | val_f1=0.5050
Epoch 012 | train_loss=0.1922 | val_loss=0.9117 | val_mcc=0.3841 | val_f1=0.5050
Epoch 013 | train_loss=0.1577 | val_loss=1.1390 | val_mcc=0.3985 | val_f1=0.5096
Epoch 014 | train_loss=0.1385 | val_loss=0.8857 | val_mcc=0.3981 | val_f1=0.5156
Epoch 015 | train_loss=0.1232 | val_loss=1.1399 | val_mcc=0.4003 | val_f1=0.5132
Epoch 016 | train_loss=0.1152 | val_loss=1.1370 | val_mcc=0.4149 | val_f1=0.5158
Epoch 017 | train_loss=0.1056 | val_loss=1.1414 | val_mcc=0.4089 | val_f1=0.5071
Epoch 018 | train_loss=0.0937 | val_loss=1.6066 | val_mcc=0.3999 | val_f1=0.5025
Epoch 019 | train_loss=0.0885 | val_loss=1.4123 | val_mcc=0.4038 | val_f1=0.5097
Epoch 020 | train_loss=0.0853 | val_loss=1.4053 | val_mcc=0.4006 | val_f1=0.5110
Epoch 021 | train_loss=0.0750 | val_loss=1.1647 | val_mcc=0.4013 | val_f1=0.5169
Epoch 022 | train_loss=0.0807 | val_loss=1.4613 | val_mcc=0.4073 | val_f1=0.5215
Epoch 023 | train_loss=0.0724 | val_loss=1.5667 | val_mcc=0.4155 | val_f1=0.4970
Epoch 024 | train_loss=0.0643 | val_loss=1.4945 | val_mcc=0.4293 | val_f1=0.5281
Epoch 025 | train_loss=0.0689 | val_loss=1.7278 | val_mcc=0.4108 | val_f1=0.5180
Epoch 026 | train_loss=0.0597 | val_loss=1.3735 | val_mcc=0.4002 | val_f1=0.5076
Epoch 027 | train_loss=0.0632 | val_loss=1.4785 | val_mcc=0.4082 | val_f1=0.5061
Epoch 028 | train_loss=0.0636 | val_loss=1.4494 | val_mcc=0.4136 | val_f1=0.5196
Epoch 029 | train_loss=0.0600 | val_loss=1.4672 | val_mcc=0.4070 | val_f1=0.5057
Epoch 030 | train_loss=0.0645 | val_loss=1.0518 | val_mcc=0.3954 | val_f1=0.5134
Epoch 031 | train_loss=0.0583 | val_loss=1.6059 | val_mcc=0.4318 | val_f1=0.5333
Epoch 032 | train_loss=0.0545 | val_loss=1.9050 | val_mcc=0.4226 | val_f1=0.5133
Epoch 033 | train_loss=0.0585 | val_loss=1.1977 | val_mcc=0.4163 | val_f1=0.5032
Epoch 034 | train_loss=0.0568 | val_loss=2.2607 | val_mcc=0.4251 | val_f1=0.5046
Epoch 035 | train_loss=0.0512 | val_loss=2.1134 | val_mcc=0.4069 | val_f1=0.4919
Best model saved to: classifier_runs/phos_y/cnn_bilstm/20260321_091713/model_best.pt
Finished config: model=cnn_bilstm, conv_layers=3, rnn_layers=2. Run dir: classifier_runs/phos_y/cnn_bilstm/20260321_091713

=== Running config: model=cnn_bilstm, conv_layers=3, rnn_layers=3, epochs=35 ===
Epoch 001 | train_loss=0.6503 | val_loss=0.6021 | val_mcc=0.2874 | val_f1=0.4333
Epoch 002 | train_loss=0.5947 | val_loss=0.5968 | val_mcc=0.2955 | val_f1=0.4369
Epoch 003 | train_loss=0.5796 | val_loss=0.5825 | val_mcc=0.2931 | val_f1=0.4314
Epoch 004 | train_loss=0.5638 | val_loss=0.6074 | val_mcc=0.3186 | val_f1=0.4524
Epoch 005 | train_loss=0.5546 | val_loss=0.5816 | val_mcc=0.3188 | val_f1=0.4564
Epoch 006 | train_loss=0.5280 | val_loss=0.5678 | val_mcc=0.3292 | val_f1=0.4603
Epoch 007 | train_loss=0.5041 | val_loss=0.5844 | val_mcc=0.3504 | val_f1=0.4758
Epoch 008 | train_loss=0.4676 | val_loss=0.5861 | val_mcc=0.3793 | val_f1=0.5007
Epoch 009 | train_loss=0.4320 | val_loss=0.6119 | val_mcc=0.3540 | val_f1=0.4693
Epoch 010 | train_loss=0.3743 | val_loss=0.5836 | val_mcc=0.3456 | val_f1=0.4712
Epoch 011 | train_loss=0.3197 | val_loss=0.6417 | val_mcc=0.3757 | val_f1=0.4984
Epoch 012 | train_loss=0.2688 | val_loss=0.7624 | val_mcc=0.3939 | val_f1=0.5095
Epoch 013 | train_loss=0.2231 | val_loss=0.8575 | val_mcc=0.3889 | val_f1=0.4930
Epoch 014 | train_loss=0.1869 | val_loss=1.1128 | val_mcc=0.4041 | val_f1=0.5199
Epoch 015 | train_loss=0.1666 | val_loss=0.8334 | val_mcc=0.3643 | val_f1=0.4892
Epoch 016 | train_loss=0.1507 | val_loss=1.1668 | val_mcc=0.4031 | val_f1=0.5118
Epoch 017 | train_loss=0.1397 | val_loss=1.3439 | val_mcc=0.3843 | val_f1=0.4793
Epoch 018 | train_loss=0.1122 | val_loss=1.6055 | val_mcc=0.4050 | val_f1=0.5110
Epoch 019 | train_loss=0.0992 | val_loss=1.1656 | val_mcc=0.3993 | val_f1=0.5047
Epoch 020 | train_loss=0.0986 | val_loss=1.2096 | val_mcc=0.4051 | val_f1=0.5189
Epoch 021 | train_loss=0.0882 | val_loss=1.3711 | val_mcc=0.4110 | val_f1=0.5190
Epoch 022 | train_loss=0.0782 | val_loss=1.6327 | val_mcc=0.4099 | val_f1=0.5053
Epoch 023 | train_loss=0.0799 | val_loss=1.2557 | val_mcc=0.3956 | val_f1=0.5123
Epoch 024 | train_loss=0.0724 | val_loss=1.2260 | val_mcc=0.3954 | val_f1=0.5103
Epoch 025 | train_loss=0.0757 | val_loss=1.3889 | val_mcc=0.3979 | val_f1=0.5153
Epoch 026 | train_loss=0.0701 | val_loss=1.2871 | val_mcc=0.4005 | val_f1=0.5115
Epoch 027 | train_loss=0.0612 | val_loss=1.4687 | val_mcc=0.4008 | val_f1=0.5157
Epoch 028 | train_loss=0.0663 | val_loss=1.7755 | val_mcc=0.4055 | val_f1=0.5071
Epoch 029 | train_loss=0.0659 | val_loss=1.5888 | val_mcc=0.4042 | val_f1=0.5053
Epoch 030 | train_loss=0.0595 | val_loss=1.3676 | val_mcc=0.3961 | val_f1=0.5116
Epoch 031 | train_loss=0.0577 | val_loss=1.6382 | val_mcc=0.4031 | val_f1=0.5075
Epoch 032 | train_loss=0.0609 | val_loss=1.5559 | val_mcc=0.4100 | val_f1=0.5205
Epoch 033 | train_loss=0.0596 | val_loss=2.2793 | val_mcc=0.3951 | val_f1=0.4804
Epoch 034 | train_loss=0.0562 | val_loss=1.4869 | val_mcc=0.4278 | val_f1=0.5287
Epoch 035 | train_loss=0.0614 | val_loss=1.3939 | val_mcc=0.4060 | val_f1=0.5141
Best model saved to: classifier_runs/phos_y/cnn_bilstm/20260321_095214/model_best.pt
Finished config: model=cnn_bilstm, conv_layers=3, rnn_layers=3. Run dir: classifier_runs/phos_y/cnn_bilstm/20260321_095214
=========================================
Finished at : Sat Mar 21 10:27:07 AM EDT 2026
=========================================
