=========================================
Job ID            : 21126194
Node              : skl-a-51
PTM types         : acet_k,met_r,phos_y,sumo_k
Model types       : cnn_gru
Conv layers list  : 1 2 3
RNN layers list   : 1 2 3
LR list           : 1e-3 5e-4
PTM embed dim list: 32
Started at        : Fri Mar 27 07:27:06 PM EDT 2026
=========================================
Total configurations to search: 18
PTM types: acet_k,met_r,phos_y,sumo_k
Model types: ['cnn_gru']
Conv layers: [1, 2, 3]
RNN layers: [1, 2, 3]
LR: [0.001, 0.0005]
PTM embed dim: [32]


[1/18] model=cnn_gru, conv=1, rnn=1, lr=0.001, ptm_embed_dim=32
======================================================================
Epoch 001 | train_loss=0.5614 | val_loss=0.5393 | val_mcc=0.4375 | val_f1=0.6545 | val_aupr=0.6632
Epoch 002 | train_loss=0.5020 | val_loss=0.5303 | val_mcc=0.4651 | val_f1=0.6651 | val_aupr=0.6866
Epoch 003 | train_loss=0.4657 | val_loss=0.5275 | val_mcc=0.4737 | val_f1=0.6656 | val_aupr=0.6985
Epoch 004 | train_loss=0.4322 | val_loss=0.5201 | val_mcc=0.4847 | val_f1=0.6788 | val_aupr=0.7074
Epoch 005 | train_loss=0.4023 | val_loss=0.5310 | val_mcc=0.4883 | val_f1=0.6833 | val_aupr=0.7038
Epoch 006 | train_loss=0.3756 | val_loss=0.5523 | val_mcc=0.4891 | val_f1=0.6809 | val_aupr=0.7069
Epoch 007 | train_loss=0.3511 | val_loss=0.5736 | val_mcc=0.4971 | val_f1=0.6802 | val_aupr=0.7117
Epoch 008 | train_loss=0.3327 | val_loss=0.5842 | val_mcc=0.4953 | val_f1=0.6789 | val_aupr=0.7149
Epoch 009 | train_loss=0.3132 | val_loss=0.5669 | val_mcc=0.4943 | val_f1=0.6844 | val_aupr=0.7149
Epoch 010 | train_loss=0.2940 | val_loss=0.6358 | val_mcc=0.4935 | val_f1=0.6708 | val_aupr=0.7141
Epoch 011 | train_loss=0.2826 | val_loss=0.6231 | val_mcc=0.5035 | val_f1=0.6864 | val_aupr=0.7186
Epoch 012 | train_loss=0.2677 | val_loss=0.6633 | val_mcc=0.4998 | val_f1=0.6759 | val_aupr=0.7226
Epoch 013 | train_loss=0.2547 | val_loss=0.6416 | val_mcc=0.5134 | val_f1=0.6891 | val_aupr=0.7262
Epoch 014 | train_loss=0.2459 | val_loss=0.6140 | val_mcc=0.5081 | val_f1=0.6895 | val_aupr=0.7226
Epoch 015 | train_loss=0.2338 | val_loss=0.6291 | val_mcc=0.5146 | val_f1=0.6949 | val_aupr=0.7349
Epoch 016 | train_loss=0.2247 | val_loss=0.6389 | val_mcc=0.5108 | val_f1=0.6897 | val_aupr=0.7296
Epoch 017 | train_loss=0.2201 | val_loss=0.6217 | val_mcc=0.5151 | val_f1=0.6955 | val_aupr=0.7287
Epoch 018 | train_loss=0.2090 | val_loss=0.6745 | val_mcc=0.5151 | val_f1=0.6855 | val_aupr=0.7283
Epoch 019 | train_loss=0.2019 | val_loss=0.7300 | val_mcc=0.5161 | val_f1=0.6861 | val_aupr=0.7316
Epoch 020 | train_loss=0.1967 | val_loss=0.7101 | val_mcc=0.5222 | val_f1=0.6894 | val_aupr=0.7339
Epoch 021 | train_loss=0.1906 | val_loss=0.6781 | val_mcc=0.5174 | val_f1=0.6939 | val_aupr=0.7235
Epoch 022 | train_loss=0.1828 | val_loss=0.6927 | val_mcc=0.5241 | val_f1=0.6961 | val_aupr=0.7373
Epoch 023 | train_loss=0.1794 | val_loss=0.7069 | val_mcc=0.5288 | val_f1=0.6972 | val_aupr=0.7357
Epoch 024 | train_loss=0.1735 | val_loss=0.7544 | val_mcc=0.5225 | val_f1=0.6923 | val_aupr=0.7353
Epoch 025 | train_loss=0.1696 | val_loss=0.7366 | val_mcc=0.5190 | val_f1=0.6946 | val_aupr=0.7253
Epoch 026 | train_loss=0.1662 | val_loss=0.7354 | val_mcc=0.5170 | val_f1=0.6836 | val_aupr=0.7303
Epoch 027 | train_loss=0.1609 | val_loss=0.7093 | val_mcc=0.5234 | val_f1=0.6974 | val_aupr=0.7372
Epoch 028 | train_loss=0.1562 | val_loss=0.7109 | val_mcc=0.5234 | val_f1=0.6947 | val_aupr=0.7304
Epoch 029 | train_loss=0.1543 | val_loss=0.7863 | val_mcc=0.5259 | val_f1=0.6969 | val_aupr=0.7298
Epoch 030 | train_loss=0.1495 | val_loss=0.9331 | val_mcc=0.5073 | val_f1=0.6581 | val_aupr=0.7338
Epoch 031 | train_loss=0.1481 | val_loss=0.7632 | val_mcc=0.5209 | val_f1=0.6932 | val_aupr=0.7341
Epoch 032 | train_loss=0.1438 | val_loss=0.7619 | val_mcc=0.5269 | val_f1=0.7027 | val_aupr=0.7370
Epoch 033 | train_loss=0.1408 | val_loss=0.8066 | val_mcc=0.5258 | val_f1=0.6911 | val_aupr=0.7341
Epoch 034 | train_loss=0.1386 | val_loss=0.8131 | val_mcc=0.5252 | val_f1=0.6930 | val_aupr=0.7382
Epoch 035 | train_loss=0.1356 | val_loss=0.8004 | val_mcc=0.5155 | val_f1=0.6804 | val_aupr=0.7369
Best model saved to: classifier_runs/all_ptms_model/cnn_gru/20260327_193520/model_best.pt

========== Test evaluation (per PTM) ==========
ptm               mcc       f1    auroc     aupr  precision   recall   n_rows
-----------------------------------------------------------------------------
acet_k         0.3545   0.7135   0.7393   0.7306     0.6464   0.7962     5559
met_r          0.3271   0.4653   0.7436   0.4562     0.4954   0.4387     4449
phos_y         0.3210   0.4261   0.7711   0.4361     0.4748   0.3865     5814
sumo_k         0.3812   0.6741   0.7589   0.6821     0.5975   0.7732     8615

Macro avg  | MCC=0.3459 | F1=0.5698 | AUROC=0.7532 | AUPR=0.5762

Saved CSV : classifier_runs/all_ptms_model/cnn_gru/20260327_193520/metrics_test_per_ptm.csv
Saved JSON: classifier_runs/all_ptms_model/cnn_gru/20260327_193520/metrics_test_per_ptm.json
Finished. Run dir: classifier_runs/all_ptms_model/cnn_gru/20260327_193520

[2/18] model=cnn_gru, conv=1, rnn=1, lr=0.0005, ptm_embed_dim=32
======================================================================
Epoch 001 | train_loss=0.5460 | val_loss=0.5182 | val_mcc=0.4713 | val_f1=0.6712 | val_aupr=0.6915
Epoch 002 | train_loss=0.4679 | val_loss=0.5097 | val_mcc=0.4988 | val_f1=0.6829 | val_aupr=0.7245
Epoch 003 | train_loss=0.4078 | val_loss=0.5071 | val_mcc=0.5144 | val_f1=0.6941 | val_aupr=0.7350
Epoch 004 | train_loss=0.3603 | val_loss=0.5257 | val_mcc=0.5294 | val_f1=0.6946 | val_aupr=0.7449
Epoch 005 | train_loss=0.3206 | val_loss=0.5122 | val_mcc=0.5292 | val_f1=0.7048 | val_aupr=0.7438
Epoch 006 | train_loss=0.2858 | val_loss=0.5530 | val_mcc=0.5221 | val_f1=0.6956 | val_aupr=0.7446
Epoch 007 | train_loss=0.2615 | val_loss=0.5560 | val_mcc=0.5360 | val_f1=0.7059 | val_aupr=0.7521
Epoch 008 | train_loss=0.2382 | val_loss=0.6256 | val_mcc=0.5409 | val_f1=0.6978 | val_aupr=0.7595
Epoch 009 | train_loss=0.2218 | val_loss=0.6168 | val_mcc=0.5521 | val_f1=0.7120 | val_aupr=0.7666
Epoch 010 | train_loss=0.2055 | val_loss=0.6587 | val_mcc=0.5449 | val_f1=0.7000 | val_aupr=0.7598
Epoch 011 | train_loss=0.1902 | val_loss=0.6225 | val_mcc=0.5407 | val_f1=0.7038 | val_aupr=0.7533
Epoch 012 | train_loss=0.1808 | val_loss=0.7315 | val_mcc=0.5352 | val_f1=0.6826 | val_aupr=0.7628
Epoch 013 | train_loss=0.1677 | val_loss=0.7168 | val_mcc=0.5346 | val_f1=0.6852 | val_aupr=0.7625
Epoch 014 | train_loss=0.1582 | val_loss=0.7155 | val_mcc=0.5459 | val_f1=0.7077 | val_aupr=0.7595
Epoch 015 | train_loss=0.1521 | val_loss=0.7378 | val_mcc=0.5508 | val_f1=0.7073 | val_aupr=0.7649
Epoch 016 | train_loss=0.1443 | val_loss=0.7162 | val_mcc=0.5533 | val_f1=0.7056 | val_aupr=0.7703
Epoch 017 | train_loss=0.1365 | val_loss=0.7468 | val_mcc=0.5403 | val_f1=0.7002 | val_aupr=0.7576
Epoch 018 | train_loss=0.1333 | val_loss=0.7663 | val_mcc=0.5550 | val_f1=0.7062 | val_aupr=0.7701
Epoch 019 | train_loss=0.1266 | val_loss=0.8219 | val_mcc=0.5489 | val_f1=0.6957 | val_aupr=0.7668
Epoch 020 | train_loss=0.1214 | val_loss=0.7995 | val_mcc=0.5544 | val_f1=0.7048 | val_aupr=0.7658
Epoch 021 | train_loss=0.1180 | val_loss=0.7701 | val_mcc=0.5479 | val_f1=0.7075 | val_aupr=0.7644
Epoch 022 | train_loss=0.1131 | val_loss=0.8046 | val_mcc=0.5527 | val_f1=0.7054 | val_aupr=0.7672
Epoch 023 | train_loss=0.1103 | val_loss=0.7982 | val_mcc=0.5556 | val_f1=0.7105 | val_aupr=0.7619
Epoch 024 | train_loss=0.1074 | val_loss=0.8094 | val_mcc=0.5594 | val_f1=0.7125 | val_aupr=0.7722
Epoch 025 | train_loss=0.1042 | val_loss=0.7679 | val_mcc=0.5615 | val_f1=0.7175 | val_aupr=0.7735
Epoch 026 | train_loss=0.1004 | val_loss=0.9681 | val_mcc=0.5443 | val_f1=0.6818 | val_aupr=0.7753
Epoch 027 | train_loss=0.0975 | val_loss=0.8638 | val_mcc=0.5623 | val_f1=0.7153 | val_aupr=0.7739
Epoch 028 | train_loss=0.0963 | val_loss=0.9128 | val_mcc=0.5630 | val_f1=0.7126 | val_aupr=0.7762
Epoch 029 | train_loss=0.0927 | val_loss=0.8778 | val_mcc=0.5557 | val_f1=0.7133 | val_aupr=0.7645
Epoch 030 | train_loss=0.0912 | val_loss=0.9414 | val_mcc=0.5604 | val_f1=0.7038 | val_aupr=0.7756
Epoch 031 | train_loss=0.0879 | val_loss=0.8313 | val_mcc=0.5576 | val_f1=0.7163 | val_aupr=0.7642
Epoch 032 | train_loss=0.0857 | val_loss=0.7895 | val_mcc=0.5592 | val_f1=0.7198 | val_aupr=0.7671
Epoch 033 | train_loss=0.0842 | val_loss=0.8614 | val_mcc=0.5531 | val_f1=0.7179 | val_aupr=0.7607
Epoch 034 | train_loss=0.0834 | val_loss=0.9189 | val_mcc=0.5632 | val_f1=0.7181 | val_aupr=0.7699
Epoch 035 | train_loss=0.0809 | val_loss=0.8882 | val_mcc=0.5643 | val_f1=0.7120 | val_aupr=0.7715
Best model saved to: classifier_runs/all_ptms_model/cnn_gru/20260327_204221/model_best.pt

========== Test evaluation (per PTM) ==========
ptm               mcc       f1    auroc     aupr  precision   recall   n_rows
-----------------------------------------------------------------------------
acet_k         0.4660   0.7475   0.8041   0.7883     0.7218   0.7750     5559
met_r          0.3899   0.5076   0.7747   0.5472     0.5660   0.4601     4449
phos_y         0.3502   0.4446   0.8050   0.4948     0.5162   0.3904     5814
sumo_k         0.4545   0.7010   0.8054   0.7398     0.6602   0.7472     8615

Macro avg  | MCC=0.4152 | F1=0.6002 | AUROC=0.7973 | AUPR=0.6425

Saved CSV : classifier_runs/all_ptms_model/cnn_gru/20260327_204221/metrics_test_per_ptm.csv
Saved JSON: classifier_runs/all_ptms_model/cnn_gru/20260327_204221/metrics_test_per_ptm.json
Finished. Run dir: classifier_runs/all_ptms_model/cnn_gru/20260327_204221

[3/18] model=cnn_gru, conv=1, rnn=2, lr=0.001, ptm_embed_dim=32
======================================================================
Epoch 001 | train_loss=0.5716 | val_loss=0.5543 | val_mcc=0.4275 | val_f1=0.6445 | val_aupr=0.6387
Epoch 002 | train_loss=0.5013 | val_loss=0.5461 | val_mcc=0.4591 | val_f1=0.6476 | val_aupr=0.6938
Epoch 003 | train_loss=0.4500 | val_loss=0.5516 | val_mcc=0.4770 | val_f1=0.6609 | val_aupr=0.7058
Epoch 004 | train_loss=0.4097 | val_loss=0.5269 | val_mcc=0.4909 | val_f1=0.6824 | val_aupr=0.7156
Epoch 005 | train_loss=0.3803 | val_loss=0.5381 | val_mcc=0.4898 | val_f1=0.6802 | val_aupr=0.7107
Epoch 006 | train_loss=0.3564 | val_loss=0.5619 | val_mcc=0.4968 | val_f1=0.6771 | val_aupr=0.7168
Epoch 007 | train_loss=0.3353 | val_loss=0.5548 | val_mcc=0.5000 | val_f1=0.6812 | val_aupr=0.7178
Epoch 008 | train_loss=0.3179 | val_loss=0.5654 | val_mcc=0.5004 | val_f1=0.6817 | val_aupr=0.7228
Epoch 009 | train_loss=0.3028 | val_loss=0.5674 | val_mcc=0.5071 | val_f1=0.6822 | val_aupr=0.7165
Epoch 010 | train_loss=0.2873 | val_loss=0.5976 | val_mcc=0.5064 | val_f1=0.6817 | val_aupr=0.7256
Epoch 011 | train_loss=0.2751 | val_loss=0.6084 | val_mcc=0.5073 | val_f1=0.6838 | val_aupr=0.7233
Epoch 012 | train_loss=0.2623 | val_loss=0.6668 | val_mcc=0.4984 | val_f1=0.6745 | val_aupr=0.7205
Epoch 013 | train_loss=0.2546 | val_loss=0.6492 | val_mcc=0.5113 | val_f1=0.6832 | val_aupr=0.7291
Epoch 014 | train_loss=0.2422 | val_loss=0.6586 | val_mcc=0.5148 | val_f1=0.6887 | val_aupr=0.7334
Epoch 015 | train_loss=0.2367 | val_loss=0.6619 | val_mcc=0.5096 | val_f1=0.6838 | val_aupr=0.7177
Epoch 016 | train_loss=0.2312 | val_loss=0.6224 | val_mcc=0.5147 | val_f1=0.6921 | val_aupr=0.7267
Epoch 017 | train_loss=0.2221 | val_loss=0.6863 | val_mcc=0.5123 | val_f1=0.6821 | val_aupr=0.7146
Epoch 018 | train_loss=0.2139 | val_loss=0.6924 | val_mcc=0.5177 | val_f1=0.6935 | val_aupr=0.7356
Epoch 019 | train_loss=0.2079 | val_loss=0.6668 | val_mcc=0.5220 | val_f1=0.6933 | val_aupr=0.7307
Epoch 020 | train_loss=0.2029 | val_loss=0.7251 | val_mcc=0.5155 | val_f1=0.6832 | val_aupr=0.7273
Epoch 021 | train_loss=0.1965 | val_loss=0.7169 | val_mcc=0.5092 | val_f1=0.6750 | val_aupr=0.7322
Epoch 022 | train_loss=0.1915 | val_loss=0.7133 | val_mcc=0.5082 | val_f1=0.6818 | val_aupr=0.7192
Epoch 023 | train_loss=0.1869 | val_loss=0.6776 | val_mcc=0.5208 | val_f1=0.6935 | val_aupr=0.7334
Epoch 024 | train_loss=0.1831 | val_loss=0.6561 | val_mcc=0.5153 | val_f1=0.6906 | val_aupr=0.7203
Epoch 025 | train_loss=0.1801 | val_loss=0.7143 | val_mcc=0.5143 | val_f1=0.6776 | val_aupr=0.7317
Epoch 026 | train_loss=0.1747 | val_loss=0.6617 | val_mcc=0.5171 | val_f1=0.6966 | val_aupr=0.7318
Epoch 027 | train_loss=0.1709 | val_loss=0.8044 | val_mcc=0.5059 | val_f1=0.6670 | val_aupr=0.7310
Epoch 028 | train_loss=0.1687 | val_loss=0.7700 | val_mcc=0.5210 | val_f1=0.6854 | val_aupr=0.7341
Epoch 029 | train_loss=0.1636 | val_loss=0.7712 | val_mcc=0.5288 | val_f1=0.6909 | val_aupr=0.7418
Epoch 030 | train_loss=0.1604 | val_loss=0.7414 | val_mcc=0.5251 | val_f1=0.6910 | val_aupr=0.7361
Epoch 031 | train_loss=0.1591 | val_loss=0.7238 | val_mcc=0.5273 | val_f1=0.6951 | val_aupr=0.7349
Epoch 032 | train_loss=0.1561 | val_loss=0.6913 | val_mcc=0.5306 | val_f1=0.7028 | val_aupr=0.7438
Epoch 033 | train_loss=0.1531 | val_loss=0.7887 | val_mcc=0.5248 | val_f1=0.6881 | val_aupr=0.7401
Epoch 034 | train_loss=0.1512 | val_loss=0.8257 | val_mcc=0.5261 | val_f1=0.6853 | val_aupr=0.7403
Epoch 035 | train_loss=0.1488 | val_loss=0.8051 | val_mcc=0.5230 | val_f1=0.6945 | val_aupr=0.7326
Best model saved to: classifier_runs/all_ptms_model/cnn_gru/20260327_215041/model_best.pt

========== Test evaluation (per PTM) ==========
ptm               mcc       f1    auroc     aupr  precision   recall   n_rows
-----------------------------------------------------------------------------
acet_k         0.3946   0.7337   0.7642   0.7419     0.6552   0.8336     5559
met_r          0.3624   0.5072   0.7597   0.5212     0.4900   0.5256     4449
phos_y         0.3532   0.4694   0.7873   0.4536     0.4589   0.4804     5814
sumo_k         0.4092   0.6898   0.7822   0.7119     0.6046   0.8030     8615

Macro avg  | MCC=0.3798 | F1=0.6000 | AUROC=0.7734 | AUPR=0.6072

Saved CSV : classifier_runs/all_ptms_model/cnn_gru/20260327_215041/metrics_test_per_ptm.csv
Saved JSON: classifier_runs/all_ptms_model/cnn_gru/20260327_215041/metrics_test_per_ptm.json
Finished. Run dir: classifier_runs/all_ptms_model/cnn_gru/20260327_215041

[4/18] model=cnn_gru, conv=1, rnn=2, lr=0.0005, ptm_embed_dim=32
======================================================================
Epoch 001 | train_loss=0.5497 | val_loss=0.5215 | val_mcc=0.4752 | val_f1=0.6722 | val_aupr=0.6870
Epoch 002 | train_loss=0.4612 | val_loss=0.5191 | val_mcc=0.5066 | val_f1=0.6818 | val_aupr=0.7276
Epoch 003 | train_loss=0.3917 | val_loss=0.5411 | val_mcc=0.5240 | val_f1=0.6869 | val_aupr=0.7468
Epoch 004 | train_loss=0.3344 | val_loss=0.5237 | val_mcc=0.5368 | val_f1=0.7008 | val_aupr=0.7474
Epoch 005 | train_loss=0.2889 | val_loss=0.5756 | val_mcc=0.5366 | val_f1=0.7007 | val_aupr=0.7523
Epoch 006 | train_loss=0.2523 | val_loss=0.5616 | val_mcc=0.5540 | val_f1=0.7144 | val_aupr=0.7613
Epoch 007 | train_loss=0.2237 | val_loss=0.5818 | val_mcc=0.5498 | val_f1=0.7108 | val_aupr=0.7593
Epoch 008 | train_loss=0.2036 | val_loss=0.6166 | val_mcc=0.5579 | val_f1=0.7171 | val_aupr=0.7651
Epoch 009 | train_loss=0.1845 | val_loss=0.6560 | val_mcc=0.5425 | val_f1=0.6998 | val_aupr=0.7610
Epoch 010 | train_loss=0.1716 | val_loss=0.6462 | val_mcc=0.5592 | val_f1=0.7157 | val_aupr=0.7639
Epoch 011 | train_loss=0.1576 | val_loss=0.6572 | val_mcc=0.5596 | val_f1=0.7181 | val_aupr=0.7596
Epoch 012 | train_loss=0.1465 | val_loss=0.6428 | val_mcc=0.5521 | val_f1=0.7134 | val_aupr=0.7623
Epoch 013 | train_loss=0.1379 | val_loss=0.7441 | val_mcc=0.5613 | val_f1=0.7114 | val_aupr=0.7633
Epoch 014 | train_loss=0.1327 | val_loss=0.6669 | val_mcc=0.5636 | val_f1=0.7214 | val_aupr=0.7637
Epoch 015 | train_loss=0.1235 | val_loss=0.7362 | val_mcc=0.5576 | val_f1=0.7200 | val_aupr=0.7645
Epoch 016 | train_loss=0.1208 | val_loss=0.7045 | val_mcc=0.5608 | val_f1=0.7195 | val_aupr=0.7645
Epoch 017 | train_loss=0.1149 | val_loss=0.7810 | val_mcc=0.5580 | val_f1=0.7157 | val_aupr=0.7631
Epoch 018 | train_loss=0.1106 | val_loss=0.7379 | val_mcc=0.5597 | val_f1=0.7146 | val_aupr=0.7695
Epoch 019 | train_loss=0.1070 | val_loss=0.7957 | val_mcc=0.5654 | val_f1=0.7218 | val_aupr=0.7651
Epoch 020 | train_loss=0.1060 | val_loss=0.7774 | val_mcc=0.5660 | val_f1=0.7145 | val_aupr=0.7764
Epoch 021 | train_loss=0.0993 | val_loss=0.8452 | val_mcc=0.5476 | val_f1=0.7044 | val_aupr=0.7562
Epoch 022 | train_loss=0.0968 | val_loss=0.7921 | val_mcc=0.5554 | val_f1=0.7128 | val_aupr=0.7620
Epoch 023 | train_loss=0.0954 | val_loss=0.8351 | val_mcc=0.5549 | val_f1=0.7065 | val_aupr=0.7679
Epoch 024 | train_loss=0.0930 | val_loss=0.8094 | val_mcc=0.5585 | val_f1=0.7121 | val_aupr=0.7678
Epoch 025 | train_loss=0.0906 | val_loss=0.8815 | val_mcc=0.5573 | val_f1=0.7130 | val_aupr=0.7650
Epoch 026 | train_loss=0.0876 | val_loss=0.7889 | val_mcc=0.5540 | val_f1=0.7104 | val_aupr=0.7620
Epoch 027 | train_loss=0.0860 | val_loss=0.7742 | val_mcc=0.5572 | val_f1=0.7184 | val_aupr=0.7676
Epoch 028 | train_loss=0.0844 | val_loss=0.8717 | val_mcc=0.5614 | val_f1=0.7124 | val_aupr=0.7680
Epoch 029 | train_loss=0.0819 | val_loss=0.8142 | val_mcc=0.5654 | val_f1=0.7203 | val_aupr=0.7686
Epoch 030 | train_loss=0.0807 | val_loss=0.8295 | val_mcc=0.5669 | val_f1=0.7203 | val_aupr=0.7706
Epoch 031 | train_loss=0.0799 | val_loss=0.8905 | val_mcc=0.5633 | val_f1=0.7150 | val_aupr=0.7668
Epoch 032 | train_loss=0.0764 | val_loss=0.8557 | val_mcc=0.5656 | val_f1=0.7229 | val_aupr=0.7647
Epoch 033 | train_loss=0.0766 | val_loss=0.9112 | val_mcc=0.5642 | val_f1=0.7146 | val_aupr=0.7681
Epoch 034 | train_loss=0.0757 | val_loss=0.8787 | val_mcc=0.5563 | val_f1=0.7047 | val_aupr=0.7660
Epoch 035 | train_loss=0.0750 | val_loss=0.8980 | val_mcc=0.5634 | val_f1=0.7097 | val_aupr=0.7701
Best model saved to: classifier_runs/all_ptms_model/cnn_gru/20260327_225704/model_best.pt

========== Test evaluation (per PTM) ==========
ptm               mcc       f1    auroc     aupr  precision   recall   n_rows
-----------------------------------------------------------------------------
acet_k         0.4560   0.7474   0.8040   0.7866     0.7081   0.7913     5559
met_r          0.3843   0.5146   0.7701   0.5411     0.5335   0.4969     4449
phos_y         0.3661   0.4744   0.8029   0.4963     0.4876   0.4618     5814
sumo_k         0.4588   0.7106   0.8122   0.7515     0.6410   0.7970     8615

Macro avg  | MCC=0.4163 | F1=0.6117 | AUROC=0.7973 | AUPR=0.6439

Saved CSV : classifier_runs/all_ptms_model/cnn_gru/20260327_225704/metrics_test_per_ptm.csv
Saved JSON: classifier_runs/all_ptms_model/cnn_gru/20260327_225704/metrics_test_per_ptm.json
Finished. Run dir: classifier_runs/all_ptms_model/cnn_gru/20260327_225704

[5/18] model=cnn_gru, conv=1, rnn=3, lr=0.001, ptm_embed_dim=32
======================================================================
Epoch 001 | train_loss=0.5887 | val_loss=0.5664 | val_mcc=0.3978 | val_f1=0.6348 | val_aupr=0.6278
Epoch 002 | train_loss=0.5255 | val_loss=0.5374 | val_mcc=0.4441 | val_f1=0.6451 | val_aupr=0.6710
Epoch 003 | train_loss=0.4812 | val_loss=0.5195 | val_mcc=0.4698 | val_f1=0.6717 | val_aupr=0.6902
Epoch 004 | train_loss=0.4439 | val_loss=0.5315 | val_mcc=0.4771 | val_f1=0.6674 | val_aupr=0.7011
Epoch 005 | train_loss=0.4142 | val_loss=0.5268 | val_mcc=0.4919 | val_f1=0.6832 | val_aupr=0.7040
Epoch 006 | train_loss=0.3879 | val_loss=0.5529 | val_mcc=0.4897 | val_f1=0.6804 | val_aupr=0.7017
Epoch 007 | train_loss=0.3666 | val_loss=0.5260 | val_mcc=0.4973 | val_f1=0.6872 | val_aupr=0.7145
Epoch 008 | train_loss=0.3458 | val_loss=0.5671 | val_mcc=0.4894 | val_f1=0.6694 | val_aupr=0.7047
Epoch 009 | train_loss=0.3278 | val_loss=0.5542 | val_mcc=0.4996 | val_f1=0.6861 | val_aupr=0.7129
Epoch 010 | train_loss=0.3136 | val_loss=0.5785 | val_mcc=0.4917 | val_f1=0.6793 | val_aupr=0.7040
Epoch 011 | train_loss=0.3002 | val_loss=0.5618 | val_mcc=0.5064 | val_f1=0.6895 | val_aupr=0.7159
Epoch 012 | train_loss=0.2905 | val_loss=0.6158 | val_mcc=0.5029 | val_f1=0.6856 | val_aupr=0.7167
Epoch 013 | train_loss=0.2796 | val_loss=0.5957 | val_mcc=0.5009 | val_f1=0.6835 | val_aupr=0.7121
Epoch 014 | train_loss=0.2714 | val_loss=0.6106 | val_mcc=0.4985 | val_f1=0.6826 | val_aupr=0.7003
Epoch 015 | train_loss=0.2612 | val_loss=0.6233 | val_mcc=0.5026 | val_f1=0.6810 | val_aupr=0.7172
Epoch 016 | train_loss=0.2537 | val_loss=0.6216 | val_mcc=0.5000 | val_f1=0.6735 | val_aupr=0.7134
Epoch 017 | train_loss=0.2463 | val_loss=0.6415 | val_mcc=0.5109 | val_f1=0.6813 | val_aupr=0.7199
Epoch 018 | train_loss=0.2376 | val_loss=0.6594 | val_mcc=0.5052 | val_f1=0.6785 | val_aupr=0.7194
Epoch 019 | train_loss=0.2293 | val_loss=0.6424 | val_mcc=0.5135 | val_f1=0.6896 | val_aupr=0.7183
Epoch 020 | train_loss=0.2296 | val_loss=0.6477 | val_mcc=0.5098 | val_f1=0.6931 | val_aupr=0.7209
Epoch 021 | train_loss=0.2227 | val_loss=0.6619 | val_mcc=0.5192 | val_f1=0.6881 | val_aupr=0.7199
Epoch 022 | train_loss=0.2131 | val_loss=0.6368 | val_mcc=0.5182 | val_f1=0.6962 | val_aupr=0.7281
Epoch 023 | train_loss=0.2107 | val_loss=0.6493 | val_mcc=0.5140 | val_f1=0.6848 | val_aupr=0.7241
Epoch 024 | train_loss=0.2065 | val_loss=0.6618 | val_mcc=0.5183 | val_f1=0.6953 | val_aupr=0.7329
Epoch 025 | train_loss=0.2013 | val_loss=0.7066 | val_mcc=0.5125 | val_f1=0.6845 | val_aupr=0.7212
Epoch 026 | train_loss=0.1962 | val_loss=0.6838 | val_mcc=0.5129 | val_f1=0.6852 | val_aupr=0.7237
Epoch 027 | train_loss=0.1938 | val_loss=0.6885 | val_mcc=0.5200 | val_f1=0.6919 | val_aupr=0.7314
Epoch 028 | train_loss=0.1886 | val_loss=0.7276 | val_mcc=0.5193 | val_f1=0.6903 | val_aupr=0.7304
Epoch 029 | train_loss=0.1851 | val_loss=0.6893 | val_mcc=0.5248 | val_f1=0.6934 | val_aupr=0.7323
Epoch 030 | train_loss=0.1833 | val_loss=0.6675 | val_mcc=0.5196 | val_f1=0.6950 | val_aupr=0.7337
Epoch 031 | train_loss=0.1802 | val_loss=0.7549 | val_mcc=0.5134 | val_f1=0.6785 | val_aupr=0.7205
Epoch 032 | train_loss=0.1784 | val_loss=0.7551 | val_mcc=0.5291 | val_f1=0.6940 | val_aupr=0.7404
Epoch 033 | train_loss=0.1770 | val_loss=0.6772 | val_mcc=0.5207 | val_f1=0.6987 | val_aupr=0.7348
Epoch 034 | train_loss=0.1741 | val_loss=0.7105 | val_mcc=0.5174 | val_f1=0.6807 | val_aupr=0.7275
Epoch 035 | train_loss=0.1729 | val_loss=0.7086 | val_mcc=0.5223 | val_f1=0.6959 | val_aupr=0.7317
Best model saved to: classifier_runs/all_ptms_model/cnn_gru/20260328_000348/model_best.pt

========== Test evaluation (per PTM) ==========
FAILED: DataLoader worker (pid 28765) is killed by signal: Killed. 

[6/18] model=cnn_gru, conv=1, rnn=3, lr=0.0005, ptm_embed_dim=32
======================================================================
Epoch 001 | train_loss=0.5645 | val_loss=0.5367 | val_mcc=0.4454 | val_f1=0.6596 | val_aupr=0.6715
Epoch 002 | train_loss=0.4807 | val_loss=0.5044 | val_mcc=0.5051 | val_f1=0.6858 | val_aupr=0.7210
Epoch 003 | train_loss=0.4172 | val_loss=0.5002 | val_mcc=0.5096 | val_f1=0.6950 | val_aupr=0.7314
Epoch 004 | train_loss=0.3634 | val_loss=0.5350 | val_mcc=0.5356 | val_f1=0.6986 | val_aupr=0.7480
Epoch 005 | train_loss=0.3221 | val_loss=0.5150 | val_mcc=0.5384 | val_f1=0.7094 | val_aupr=0.7498
Epoch 006 | train_loss=0.2825 | val_loss=0.5376 | val_mcc=0.5437 | val_f1=0.7127 | val_aupr=0.7553
Epoch 007 | train_loss=0.2526 | val_loss=0.5637 | val_mcc=0.5497 | val_f1=0.7117 | val_aupr=0.7636
Epoch 008 | train_loss=0.2251 | val_loss=0.6113 | val_mcc=0.5303 | val_f1=0.6954 | val_aupr=0.7356
Epoch 009 | train_loss=0.2051 | val_loss=0.6216 | val_mcc=0.5500 | val_f1=0.7081 | val_aupr=0.7575
Epoch 010 | train_loss=0.1882 | val_loss=0.6392 | val_mcc=0.5440 | val_f1=0.7094 | val_aupr=0.7494
Epoch 011 | train_loss=0.1725 | val_loss=0.6243 | val_mcc=0.5547 | val_f1=0.7154 | val_aupr=0.7623
Epoch 012 | train_loss=0.1617 | val_loss=0.6344 | val_mcc=0.5510 | val_f1=0.7141 | val_aupr=0.7533
Epoch 013 | train_loss=0.1527 | val_loss=0.7740 | val_mcc=0.5458 | val_f1=0.6964 | val_aupr=0.7568
Epoch 014 | train_loss=0.1425 | val_loss=0.7088 | val_mcc=0.5547 | val_f1=0.7085 | val_aupr=0.7614
Epoch 015 | train_loss=0.1360 | val_loss=0.6954 | val_mcc=0.5503 | val_f1=0.7071 | val_aupr=0.7618
Epoch 016 | train_loss=0.1296 | val_loss=0.7257 | val_mcc=0.5545 | val_f1=0.7130 | val_aupr=0.7524
Epoch 017 | train_loss=0.1251 | val_loss=0.7491 | val_mcc=0.5473 | val_f1=0.7065 | val_aupr=0.7514
Epoch 018 | train_loss=0.1195 | val_loss=0.8198 | val_mcc=0.5564 | val_f1=0.7079 | val_aupr=0.7625
Epoch 019 | train_loss=0.1141 | val_loss=0.8050 | val_mcc=0.5584 | val_f1=0.7157 | val_aupr=0.7653
Epoch 020 | train_loss=0.1099 | val_loss=0.8120 | val_mcc=0.5508 | val_f1=0.7111 | val_aupr=0.7575
Epoch 021 | train_loss=0.1071 | val_loss=0.6782 | val_mcc=0.5501 | val_f1=0.7085 | val_aupr=0.7547
Epoch 022 | train_loss=0.1041 | val_loss=0.8427 | val_mcc=0.5579 | val_f1=0.7119 | val_aupr=0.7621
Epoch 023 | train_loss=0.1019 | val_loss=0.7456 | val_mcc=0.5585 | val_f1=0.7180 | val_aupr=0.7559
Epoch 024 | train_loss=0.0971 | val_loss=0.8125 | val_mcc=0.5655 | val_f1=0.7199 | val_aupr=0.7645
Epoch 025 | train_loss=0.0943 | val_loss=0.8393 | val_mcc=0.5493 | val_f1=0.7113 | val_aupr=0.7485
Epoch 026 | train_loss=0.0934 | val_loss=0.8821 | val_mcc=0.5685 | val_f1=0.7221 | val_aupr=0.7653
Epoch 027 | train_loss=0.0912 | val_loss=0.8369 | val_mcc=0.5658 | val_f1=0.7181 | val_aupr=0.7593
Epoch 028 | train_loss=0.0880 | val_loss=0.8171 | val_mcc=0.5612 | val_f1=0.7179 | val_aupr=0.7622
Epoch 029 | train_loss=0.0895 | val_loss=0.8667 | val_mcc=0.5477 | val_f1=0.7085 | val_aupr=0.7492
Epoch 030 | train_loss=0.0847 | val_loss=0.8423 | val_mcc=0.5575 | val_f1=0.7180 | val_aupr=0.7602
Epoch 031 | train_loss=0.0839 | val_loss=0.8896 | val_mcc=0.5427 | val_f1=0.7002 | val_aupr=0.7535
Epoch 032 | train_loss=0.0815 | val_loss=0.8779 | val_mcc=0.5621 | val_f1=0.7133 | val_aupr=0.7686
Epoch 033 | train_loss=0.0822 | val_loss=0.8290 | val_mcc=0.5537 | val_f1=0.7112 | val_aupr=0.7618
Epoch 034 | train_loss=0.0799 | val_loss=0.8905 | val_mcc=0.5627 | val_f1=0.7149 | val_aupr=0.7634
Epoch 035 | train_loss=0.0780 | val_loss=0.9151 | val_mcc=0.5656 | val_f1=0.7210 | val_aupr=0.7635
Best model saved to: classifier_runs/all_ptms_model/cnn_gru/20260328_011126/model_best.pt

========== Test evaluation (per PTM) ==========
FAILED: DataLoader worker (pid 34302) is killed by signal: Killed. 

[7/18] model=cnn_gru, conv=2, rnn=1, lr=0.001, ptm_embed_dim=32
======================================================================
Epoch 001 | train_loss=0.5842 | val_loss=0.5561 | val_mcc=0.4123 | val_f1=0.6421 | val_aupr=0.6401
Epoch 002 | train_loss=0.5246 | val_loss=0.5679 | val_mcc=0.4266 | val_f1=0.6505 | val_aupr=0.6657
Epoch 003 | train_loss=0.4891 | val_loss=0.5368 | val_mcc=0.4533 | val_f1=0.6568 | val_aupr=0.6774
Epoch 004 | train_loss=0.4599 | val_loss=0.5317 | val_mcc=0.4639 | val_f1=0.6692 | val_aupr=0.6930
Epoch 005 | train_loss=0.4326 | val_loss=0.5357 | val_mcc=0.4759 | val_f1=0.6708 | val_aupr=0.6969
Epoch 006 | train_loss=0.4055 | val_loss=0.5290 | val_mcc=0.4882 | val_f1=0.6819 | val_aupr=0.7078
Epoch 007 | train_loss=0.3826 | val_loss=0.5568 | val_mcc=0.4866 | val_f1=0.6816 | val_aupr=0.7022
Epoch 008 | train_loss=0.3619 | val_loss=0.5748 | val_mcc=0.4773 | val_f1=0.6757 | val_aupr=0.6932
Epoch 009 | train_loss=0.3437 | val_loss=0.5551 | val_mcc=0.4943 | val_f1=0.6809 | val_aupr=0.7037
Epoch 010 | train_loss=0.3234 | val_loss=0.5761 | val_mcc=0.5026 | val_f1=0.6858 | val_aupr=0.7139
Epoch 011 | train_loss=0.3098 | val_loss=0.6013 | val_mcc=0.4996 | val_f1=0.6853 | val_aupr=0.7042
Epoch 012 | train_loss=0.2969 | val_loss=0.5846 | val_mcc=0.4911 | val_f1=0.6815 | val_aupr=0.7079
Epoch 013 | train_loss=0.2836 | val_loss=0.6298 | val_mcc=0.4918 | val_f1=0.6693 | val_aupr=0.7031
Epoch 014 | train_loss=0.2742 | val_loss=0.6248 | val_mcc=0.5061 | val_f1=0.6909 | val_aupr=0.7114
Epoch 015 | train_loss=0.2655 | val_loss=0.6169 | val_mcc=0.4968 | val_f1=0.6780 | val_aupr=0.7134
Epoch 016 | train_loss=0.2551 | val_loss=0.6205 | val_mcc=0.4949 | val_f1=0.6783 | val_aupr=0.7100
Epoch 017 | train_loss=0.2477 | val_loss=0.6413 | val_mcc=0.5026 | val_f1=0.6877 | val_aupr=0.7096
Epoch 018 | train_loss=0.2417 | val_loss=0.6406 | val_mcc=0.5094 | val_f1=0.6870 | val_aupr=0.7215
Epoch 019 | train_loss=0.2339 | val_loss=0.6470 | val_mcc=0.5070 | val_f1=0.6886 | val_aupr=0.7083
Epoch 020 | train_loss=0.2312 | val_loss=0.6714 | val_mcc=0.5006 | val_f1=0.6825 | val_aupr=0.7080
Epoch 021 | train_loss=0.2239 | val_loss=0.7256 | val_mcc=0.5059 | val_f1=0.6776 | val_aupr=0.7116
Epoch 022 | train_loss=0.2188 | val_loss=0.7010 | val_mcc=0.5003 | val_f1=0.6786 | val_aupr=0.7077
Epoch 023 | train_loss=0.2147 | val_loss=0.6894 | val_mcc=0.4945 | val_f1=0.6800 | val_aupr=0.7114
Epoch 024 | train_loss=0.2129 | val_loss=0.6867 | val_mcc=0.5002 | val_f1=0.6859 | val_aupr=0.7098
Epoch 025 | train_loss=0.2071 | val_loss=0.7237 | val_mcc=0.5080 | val_f1=0.6844 | val_aupr=0.7131
Epoch 026 | train_loss=0.2044 | val_loss=0.6850 | val_mcc=0.5108 | val_f1=0.6925 | val_aupr=0.7140
Epoch 027 | train_loss=0.1991 | val_loss=0.7071 | val_mcc=0.5105 | val_f1=0.6894 | val_aupr=0.7139
Epoch 028 | train_loss=0.1976 | val_loss=0.7049 | val_mcc=0.5033 | val_f1=0.6800 | val_aupr=0.7148
Epoch 029 | train_loss=0.1949 | val_loss=0.7675 | val_mcc=0.5129 | val_f1=0.6840 | val_aupr=0.7160
Epoch 030 | train_loss=0.1920 | val_loss=0.6969 | val_mcc=0.5052 | val_f1=0.6853 | val_aupr=0.7202
Epoch 031 | train_loss=0.1864 | val_loss=0.6953 | val_mcc=0.4982 | val_f1=0.6846 | val_aupr=0.7131
Epoch 032 | train_loss=0.1851 | val_loss=0.7053 | val_mcc=0.5118 | val_f1=0.6912 | val_aupr=0.7278
Epoch 033 | train_loss=0.1824 | val_loss=0.7404 | val_mcc=0.5039 | val_f1=0.6832 | val_aupr=0.7117
Epoch 034 | train_loss=0.1828 | val_loss=0.7282 | val_mcc=0.5074 | val_f1=0.6911 | val_aupr=0.7206
Epoch 035 | train_loss=0.1824 | val_loss=0.7161 | val_mcc=0.5077 | val_f1=0.6829 | val_aupr=0.7149
Best model saved to: classifier_runs/all_ptms_model/cnn_gru/20260328_022741/model_best.pt

========== Test evaluation (per PTM) ==========
ptm               mcc       f1    auroc     aupr  precision   recall   n_rows
-----------------------------------------------------------------------------
acet_k         0.3498   0.6966   0.7308   0.7252     0.6645   0.7320     5559
met_r          0.3490   0.4739   0.7389   0.5047     0.5318   0.4274     4449
phos_y         0.3242   0.4444   0.7786   0.4352     0.4389   0.4501     5814
sumo_k         0.3880   0.6732   0.7534   0.6793     0.6105   0.7501     8615

Macro avg  | MCC=0.3527 | F1=0.5720 | AUROC=0.7504 | AUPR=0.5861

Saved CSV : classifier_runs/all_ptms_model/cnn_gru/20260328_022741/metrics_test_per_ptm.csv
Saved JSON: classifier_runs/all_ptms_model/cnn_gru/20260328_022741/metrics_test_per_ptm.json
Finished. Run dir: classifier_runs/all_ptms_model/cnn_gru/20260328_022741

[8/18] model=cnn_gru, conv=2, rnn=1, lr=0.0005, ptm_embed_dim=32
======================================================================
Epoch 001 | train_loss=0.5540 | val_loss=0.5297 | val_mcc=0.4569 | val_f1=0.6638 | val_aupr=0.6754
Epoch 002 | train_loss=0.4738 | val_loss=0.5299 | val_mcc=0.4903 | val_f1=0.6843 | val_aupr=0.7127
Epoch 003 | train_loss=0.4056 | val_loss=0.5072 | val_mcc=0.5131 | val_f1=0.6957 | val_aupr=0.7347
Epoch 004 | train_loss=0.3511 | val_loss=0.5193 | val_mcc=0.5359 | val_f1=0.7055 | val_aupr=0.7493
Epoch 005 | train_loss=0.3098 | val_loss=0.5610 | val_mcc=0.5306 | val_f1=0.6986 | val_aupr=0.7466
Epoch 006 | train_loss=0.2757 | val_loss=0.5475 | val_mcc=0.5421 | val_f1=0.7068 | val_aupr=0.7517
Epoch 007 | train_loss=0.2499 | val_loss=0.6203 | val_mcc=0.5487 | val_f1=0.7105 | val_aupr=0.7603
Epoch 008 | train_loss=0.2273 | val_loss=0.5697 | val_mcc=0.5473 | val_f1=0.7124 | val_aupr=0.7529
Epoch 009 | train_loss=0.2096 | val_loss=0.6359 | val_mcc=0.5472 | val_f1=0.7068 | val_aupr=0.7632
Epoch 010 | train_loss=0.1926 | val_loss=0.6710 | val_mcc=0.5501 | val_f1=0.7055 | val_aupr=0.7628
Epoch 011 | train_loss=0.1824 | val_loss=0.6490 | val_mcc=0.5579 | val_f1=0.7127 | val_aupr=0.7653
Epoch 012 | train_loss=0.1688 | val_loss=0.7183 | val_mcc=0.5622 | val_f1=0.7159 | val_aupr=0.7686
Epoch 013 | train_loss=0.1597 | val_loss=0.7116 | val_mcc=0.5565 | val_f1=0.7117 | val_aupr=0.7647
Epoch 014 | train_loss=0.1527 | val_loss=0.7431 | val_mcc=0.5616 | val_f1=0.7154 | val_aupr=0.7719
Epoch 015 | train_loss=0.1458 | val_loss=0.7362 | val_mcc=0.5619 | val_f1=0.7178 | val_aupr=0.7718
Epoch 016 | train_loss=0.1403 | val_loss=0.8300 | val_mcc=0.5467 | val_f1=0.6945 | val_aupr=0.7667
Epoch 017 | train_loss=0.1344 | val_loss=0.7151 | val_mcc=0.5561 | val_f1=0.7160 | val_aupr=0.7684
Epoch 018 | train_loss=0.1290 | val_loss=0.7843 | val_mcc=0.5640 | val_f1=0.7177 | val_aupr=0.7729
Epoch 019 | train_loss=0.1226 | val_loss=0.7982 | val_mcc=0.5579 | val_f1=0.7140 | val_aupr=0.7661
Epoch 020 | train_loss=0.1202 | val_loss=0.7365 | val_mcc=0.5640 | val_f1=0.7225 | val_aupr=0.7711
Epoch 021 | train_loss=0.1155 | val_loss=0.7984 | val_mcc=0.5618 | val_f1=0.7069 | val_aupr=0.7758
Epoch 022 | train_loss=0.1108 | val_loss=0.8009 | val_mcc=0.5602 | val_f1=0.7072 | val_aupr=0.7789
Epoch 023 | train_loss=0.1094 | val_loss=0.8734 | val_mcc=0.5558 | val_f1=0.7044 | val_aupr=0.7724
Epoch 024 | train_loss=0.1061 | val_loss=0.8320 | val_mcc=0.5629 | val_f1=0.7125 | val_aupr=0.7743
Epoch 025 | train_loss=0.1033 | val_loss=0.8554 | val_mcc=0.5610 | val_f1=0.7083 | val_aupr=0.7717
Epoch 026 | train_loss=0.0992 | val_loss=0.8615 | val_mcc=0.5623 | val_f1=0.7163 | val_aupr=0.7701
Epoch 027 | train_loss=0.0984 | val_loss=0.8440 | val_mcc=0.5585 | val_f1=0.7084 | val_aupr=0.7699
Epoch 028 | train_loss=0.0964 | val_loss=0.7880 | val_mcc=0.5621 | val_f1=0.7169 | val_aupr=0.7727
Epoch 029 | train_loss=0.0938 | val_loss=0.8586 | val_mcc=0.5629 | val_f1=0.7083 | val_aupr=0.7776
Epoch 030 | train_loss=0.0919 | val_loss=0.8759 | val_mcc=0.5642 | val_f1=0.7152 | val_aupr=0.7720
Epoch 031 | train_loss=0.0887 | val_loss=0.8793 | val_mcc=0.5621 | val_f1=0.7153 | val_aupr=0.7681
Epoch 032 | train_loss=0.0864 | val_loss=0.8828 | val_mcc=0.5679 | val_f1=0.7175 | val_aupr=0.7778
Epoch 033 | train_loss=0.0875 | val_loss=0.7827 | val_mcc=0.5654 | val_f1=0.7214 | val_aupr=0.7755
Epoch 034 | train_loss=0.0849 | val_loss=0.8237 | val_mcc=0.5666 | val_f1=0.7169 | val_aupr=0.7761
Epoch 035 | train_loss=0.0827 | val_loss=0.8205 | val_mcc=0.5671 | val_f1=0.7190 | val_aupr=0.7718
Best model saved to: classifier_runs/all_ptms_model/cnn_gru/20260328_033408/model_best.pt

========== Test evaluation (per PTM) ==========
=========================================
Finished at : Sat Mar 28 04:36:42 AM EDT 2026
=========================================
